#
# A fatal error has been detected by the Java Runtime Environment:
#
#  EXCEPTION_ACCESS_VIOLATION (0xc0000005) at pc=0x00007ffea03e6a87, pid=10864, tid=3956
#
# JRE version: Java(TM) SE Runtime Environment (18.0.1.1+2) (build 18.0.1.1+2-6)
# Java VM: Java HotSpot(TM) 64-Bit Server VM (18.0.1.1+2-6, mixed mode, sharing, tiered, compressed oops, compressed class ptrs, g1 gc, windows-amd64)
# Problematic frame:
# C  [glass.dll+0x26a87]
#
# No core dump will be written. Minidumps are not enabled by default on client versions of Windows
#
# If you would like to submit a bug report, please visit:
#   https://bugreport.java.com/bugreport/crash.jsp
#

---------------  S U M M A R Y ------------

Command Line: -javaagent:C:\Users\User\AppData\Local\JetBrains\IntelliJ IDEA Community Edition 2021.2.2\lib\idea_rt.jar=50758:C:\Users\User\AppData\Local\JetBrains\IntelliJ IDEA Community Edition 2021.2.2\bin -Dfile.encoding=UTF-8 --module-path=C:\Users\User\IdeaProjects\client-server app\target\classes;C:\Users\User\.m2\repository\org\openjfx\javafx-media\17-ea+11\javafx-media-17-ea+11-win.jar;C:\Users\User\.m2\repository\org\openjfx\javafx-controls\17-ea+11\javafx-controls-17-ea+11-win.jar;C:\Users\User\.m2\repository\org\kordamp\ikonli\ikonli-core\12.2.0\ikonli-core-12.2.0.jar;C:\Users\User\.m2\repository\org\kordamp\bootstrapfx\bootstrapfx-core\0.4.0\bootstrapfx-core-0.4.0.jar;C:\Users\User\.m2\repository\org\openjfx\javafx-base\17-ea+11\javafx-base-17-ea+11-win.jar;C:\Users\User\.m2\repository\org\controlsfx\controlsfx\11.1.0\controlsfx-11.1.0.jar;C:\Users\User\.m2\repository\net\synedra\validatorfx\0.1.13\validatorfx-0.1.13.jar;C:\Users\User\Desktop\mysql-connector-java-8.0.29\mysql-connector-java-8.0.29.jar;C:\Users\User\.m2\repository\org\openjfx\javafx-fxml\17-ea+11\javafx-fxml-17-ea+11-win.jar;C:\Users\User\.m2\repository\org\openjfx\javafx-web\17-ea+11\javafx-web-17-ea+11-win.jar;C:\Users\User\.m2\repository\eu\hansolo\tilesfx\11.48\tilesfx-11.48.jar;C:\Users\User\.m2\repository\org\openjfx\javafx-graphics\17-ea+11\javafx-graphics-17-ea+11-win.jar;C:\Users\User\.m2\repository\org\kordamp\ikonli\ikonli-javafx\12.2.0\ikonli-javafx-12.2.0.jar;C:\Users\User\.m2\repository\com\dlsc\formsfx\formsfx-core\11.3.2\formsfx-core-11.3.2.jar -Djdk.module.main=com.example.clientserver com.example.clientserver/com.example.clientserver.Main

Host: Intel(R) Core(TM) i7-1065G7 CPU @ 1.30GHz, 8 cores, 15G,  Windows 11 , 64 bit Build 22000 (10.0.22000.708)
Time: Mon Jul 11 01:41:34 2022 RTZ 2 (s 11 , 64 bit Build 22000 (10.0.22000.708) elapsed time: 299.188893 seconds (0d 0h 4m 59s)

---------------  T H R E A D  ---------------

Current thread (0x000001b08fc633d0):  VMThread "VM Thread" [stack: 0x0000009a79b00000,0x0000009a79c00000] [id=3956]

Stack: [0x0000009a79b00000,0x0000009a79c00000],  sp=0x0000009a79bff090,  free space=1020k
Native frames: (J=compiled Java code, j=interpreted, Vv=VM code, C=native code)
C  [glass.dll+0x26a87]


siginfo: EXCEPTION_ACCESS_VIOLATION (0xc0000005), reading address 0x0000000000000000


Register to memory mapping:

RIP=0x00007ffea03e6a87 glass.dll
RAX=0x0 is NULL
RBX=0x000001b0b286c2f0 is a global jni handle
RCX=0x000001b08fc633d0 points into unknown readable memory: 0x00007ffe55f1d938 | 38 d9 f1 55 fe 7f 00 00
RDX=0x0000009a79bff090 points into unknown readable memory: 0x0000000000000000 | 00 00 00 00 00 00 00 00
RSP=0x0000009a79bff090 points into unknown readable memory: 0x0000000000000000 | 00 00 00 00 00 00 00 00
RBP=0x000001b0b76472b8 points into unknown readable memory: 0x00006667ac2c5b7c | 7c 5b 2c ac 67 66 00 00
RSI=0x000001b0b7647290 points into unknown readable memory: 0xc0006198462fb89a | 9a b8 2f 46 98 61 00 c0
RDI=0x00006667ac2c5b7c is an unknown value
R8 =0x0000000000010002 is an unknown value
R9 =0x00006667ac2c5b7c is an unknown value
R10=0x85f13e9656da4870 is an unknown value
R11=0x0000009a79bff020 points into unknown readable memory: 0x000001b0b7647290 | 90 72 64 b7 b0 01 00 00
R12=0x00007ffea03e4354 glass.dll
R13=0x00007ffe560dfbc0 jvm.dll
R14=0x0000009a79bff198 points into unknown readable memory: 0x0000009a79bff180 | 80 f1 bf 79 9a 00 00 00
R15=0x000001b0b7647290 points into unknown readable memory: 0xc0006198462fb89a | 9a b8 2f 46 98 61 00 c0


Registers:
RAX=0x0000000000000000, RBX=0x000001b0b286c2f0, RCX=0x000001b08fc633d0, RDX=0x0000009a79bff090
RSP=0x0000009a79bff090, RBP=0x000001b0b76472b8, RSI=0x000001b0b7647290, RDI=0x00006667ac2c5b7c
R8 =0x0000000000010002, R9 =0x00006667ac2c5b7c, R10=0x85f13e9656da4870, R11=0x0000009a79bff020
R12=0x00007ffea03e4354, R13=0x00007ffe560dfbc0, R14=0x0000009a79bff198, R15=0x000001b0b7647290
RIP=0x00007ffea03e6a87, EFLAGS=0x0000000000010206

Top of Stack: (sp=0x0000009a79bff090)
0x0000009a79bff090:   0000000000000000 000001b0b7647290
0x0000009a79bff0a0:   00007ffe560dfbc0 00007ffea03e4354
0x0000009a79bff0b0:   000001b0b7647298 00007ffed6ffbea0
0x0000009a79bff0c0:   00006667ac2c5b7c 000001b000000000
0x0000009a79bff0d0:   000001b0b76472b8 000001b0b7647290
0x0000009a79bff0e0:   fffffffffffffffe 0000000000000000
0x0000009a79bff0f0:   0000000000000001 00007ffea03c0000
0x0000009a79bff100:   0000009a79bff188 00007ffed6ffbdb7
0x0000009a79bff110:   0000000000000000 0000009a79bff198
0x0000009a79bff120:   0000009a79bff470 00007ffed70e12b0
0x0000009a79bff130:   0000000000000001 00007ffed6ffbd6d
0x0000009a79bff140:   0000000000000000 0000000000000001
0x0000009a79bff150:   0000000000000000 0000009a79bff188
0x0000009a79bff160:   fffffffffffffffe 0000009a79bff400
0x0000009a79bff170:   0000000000000000 00007ffea03e41e1
0x0000009a79bff180:   00007ffea03fa138 00007ffe00000002 

Instructions: (pc=0x00007ffea03e6a87)
0x00007ffea03e6987:   8b 4d 58 e8 01 cf ff ff 48 8b 4d 60 e8 f8 ce ff
0x00007ffea03e6997:   ff 48 8b 95 80 00 00 00 48 8b 8d 18 01 00 00 e8
0x00007ffea03e69a7:   c6 c3 ff ff 33 d2 33 c9 e8 3c e1 ff ff 90 48 89
0x00007ffea03e69b7:   54 24 10 55 48 83 ec 20 48 8b ea 48 b8 00 00 00
0x00007ffea03e69c7:   00 00 00 00 00 48 83 c4 20 5d c3 cc 40 55 48 8b
0x00007ffea03e69d7:   ea 48 8b 01 33 c9 81 38 05 00 00 c0 0f 94 c1 8b
0x00007ffea03e69e7:   c1 5d c3 cc 40 55 48 83 ec 20 48 8b ea 8a 4d 40
0x00007ffea03e69f7:   48 83 c4 20 5d e9 f7 d2 ff ff cc 40 55 48 83 ec
0x00007ffea03e6a07:   20 48 8b ea 8a 4d 20 e8 e5 d2 ff ff 90 48 83 c4
0x00007ffea03e6a17:   20 5d c3 cc 40 55 48 83 ec 20 48 8b ea 48 83 c4
0x00007ffea03e6a27:   20 5d e9 46 d1 ff ff cc 40 55 48 83 ec 30 48 8b
0x00007ffea03e6a37:   ea 48 8b 01 8b 10 48 89 4c 24 28 89 54 24 20 4c
0x00007ffea03e6a47:   8d 0d e7 d5 ff ff 4c 8b 45 70 8b 55 68 48 8b 4d
0x00007ffea03e6a57:   60 e8 87 d0 ff ff 90 48 83 c4 30 5d c3 cc cc cc
0x00007ffea03e6a67:   cc cc cc cc cc cc cc cc cc 40 53 48 83 ec 20 48
0x00007ffea03e6a77:   8b 1d b3 30 01 00 48 85 db 74 16 e8 09 8b ff ff
0x00007ffea03e6a87:   4c 8b 00 48 8b d3 48 8b c8 41 ff 90 b0 00 00 00
0x00007ffea03e6a97:   90 48 83 c4 20 5b c3 cc cc 40 53 48 83 ec 20 48
0x00007ffea03e6aa7:   8b 1d 2b 32 01 00 48 85 db 74 57 b8 ff ff ff ff
0x00007ffea03e6ab7:   f0 0f c1 43 10 83 f8 01 75 3d 48 85 db 74 38 48
0x00007ffea03e6ac7:   8b 0b 48 85 c9 74 0d ff 15 d4 07 00 00 48 c7 03
0x00007ffea03e6ad7:   00 00 00 00 48 8b 4b 08 48 85 c9 74 0d e8 a7 cd
0x00007ffea03e6ae7:   ff ff 48 c7 43 08 00 00 00 00 ba 18 00 00 00 48
0x00007ffea03e6af7:   8b cb e8 92 cd ff ff 48 c7 05 cf 31 01 00 00 00
0x00007ffea03e6b07:   00 00 48 83 c4 20 5b c3 cc 40 53 48 83 ec 20 48
0x00007ffea03e6b17:   8b 1d 9b 31 01 00 48 85 db 74 57 b8 ff ff ff ff
0x00007ffea03e6b27:   f0 0f c1 43 10 83 f8 01 75 3d 48 85 db 74 38 48
0x00007ffea03e6b37:   8b 0b 48 85 c9 74 0d ff 15 64 07 00 00 48 c7 03
0x00007ffea03e6b47:   00 00 00 00 48 8b 4b 08 48 85 c9 74 0d e8 37 cd
0x00007ffea03e6b57:   ff ff 48 c7 43 08 00 00 00 00 ba 18 00 00 00 48
0x00007ffea03e6b67:   8b cb e8 22 cd ff ff 48 c7 05 3f 31 01 00 00 00
0x00007ffea03e6b77:   00 00 48 83 c4 20 5b c3 cc 40 53 48 83 ec 20 48 


Stack slot to memory mapping:
stack at sp + 0 slots: 0x0 is NULL
stack at sp + 1 slots: 0x000001b0b7647290 points into unknown readable memory: 0xc0006198462fb89a | 9a b8 2f 46 98 61 00 c0
stack at sp + 2 slots: 0x00007ffe560dfbc0 jvm.dll
stack at sp + 3 slots: 0x00007ffea03e4354 glass.dll
stack at sp + 4 slots: 0x000001b0b7647298 points into unknown readable memory: 0x00006667ac2c5b7c | 7c 5b 2c ac 67 66 00 00
stack at sp + 5 slots: 0x00007ffed6ffbea0 ucrtbase.dll
stack at sp + 6 slots: 0x00006667ac2c5b7c is an unknown value
stack at sp + 7 slots: 0x000001b000000000 is an unknown value

VM_Operation (0x0000009a792ff170): Exit, mode: safepoint, requested by thread 0x000001b0b6cd3280


---------------  P R O C E S S  ---------------

Threads class SMR info:
_java_thread_list=0x000001b0bc7e39d0, length=22, elements={
0x000001b08fbd4cc0, 0x000001b0b2865bd0, 0x000001b0b2866570, 0x000001b0b28804a0,
0x000001b0b2880e40, 0x000001b0b28819f0, 0x000001b0b28833a0, 0x000001b0b288e8a0,
0x000001b0b28b2790, 0x000001b0b28b4090, 0x000001b0b6cd4f60, 0x000001b0b6cd3c20,
0x000001b0b6cd3750, 0x000001b0b6cd40f0, 0x000001b0b6cd6770, 0x000001b0b6cd5430,
0x000001b0b6cd5900, 0x000001b0b6cd45c0, 0x000001b0b6cd5dd0, 0x000001b0b6cd62a0,
0x000001b0b6cd2db0, 0x000001b0b6cd3280
}

Java Threads: ( => current thread )
  0x000001b08fbd4cc0 JavaThread "main" [_thread_blocked, id=5564, stack(0x0000009a79500000,0x0000009a79600000)]
  0x000001b0b2865bd0 JavaThread "Reference Handler" daemon [_thread_blocked, id=8316, stack(0x0000009a79c00000,0x0000009a79d00000)]
  0x000001b0b2866570 JavaThread "Finalizer" daemon [_thread_blocked, id=6956, stack(0x0000009a79d00000,0x0000009a79e00000)]
  0x000001b0b28804a0 JavaThread "Signal Dispatcher" daemon [_thread_blocked, id=16580, stack(0x0000009a79e00000,0x0000009a79f00000)]
  0x000001b0b2880e40 JavaThread "Attach Listener" daemon [_thread_blocked, id=6312, stack(0x0000009a79f00000,0x0000009a7a000000)]
  0x000001b0b28819f0 JavaThread "Service Thread" daemon [_thread_blocked, id=15860, stack(0x0000009a7a000000,0x0000009a7a100000)]
  0x000001b0b28833a0 JavaThread "Monitor Deflation Thread" daemon [_thread_blocked, id=15576, stack(0x0000009a7a100000,0x0000009a7a200000)]
  0x000001b0b288e8a0 JavaThread "C2 CompilerThread0" daemon [_thread_blocked, id=15260, stack(0x0000009a7a200000,0x0000009a7a300000)]
  0x000001b0b28b2790 JavaThread "C1 CompilerThread0" daemon [_thread_blocked, id=528, stack(0x0000009a7a300000,0x0000009a7a400000)]
  0x000001b0b28b4090 JavaThread "Sweeper thread" daemon [_thread_blocked, id=16596, stack(0x0000009a7a400000,0x0000009a7a500000)]
  0x000001b0b6cd4f60 JavaThread "Common-Cleaner" daemon [_thread_blocked, id=8236, stack(0x0000009a7a500000,0x0000009a7a600000)]
  0x000001b0b6cd3c20 JavaThread "Monitor Ctrl-Break" daemon [_thread_in_native, id=16688, stack(0x0000009a7a800000,0x0000009a7a900000)]
  0x000001b0b6cd3750 JavaThread "Notification Thread" daemon [_thread_blocked, id=1500, stack(0x0000009a7a900000,0x0000009a7aa00000)]
  0x000001b0b6cd40f0 JavaThread "QuantumRenderer-0" daemon [_thread_blocked, id=11744, stack(0x0000009a7ab00000,0x0000009a7ac00000)]
  0x000001b0b6cd6770 JavaThread "InvokeLaterDispatcher" daemon [_thread_blocked, id=16012, stack(0x0000009a7ac00000,0x0000009a7ad00000)]
  0x000001b0b6cd5430 JavaThread "JavaFX Application Thread" [_thread_in_native, id=16720, stack(0x0000009a7ad00000,0x0000009a7ae00000)]
  0x000001b0b6cd5900 JavaThread "JavaFX-Launcher" [_thread_blocked, id=15420, stack(0x0000009a7b100000,0x0000009a7b200000)]
  0x000001b0b6cd45c0 JavaThread "Thread-2" daemon [_thread_in_native, id=11008, stack(0x0000009a7a700000,0x0000009a7a800000)]
  0x000001b0b6cd5dd0 JavaThread "Prism Font Disposer" daemon [_thread_blocked, id=3020, stack(0x0000009a7ba00000,0x0000009a7bb00000)]
  0x000001b0b6cd62a0 JavaThread "Cleaner-0" daemon [_thread_blocked, id=17036, stack(0x0000009a7bb00000,0x0000009a7bc00000)]
  0x000001b0b6cd2db0 JavaThread "mysql-cj-abandoned-connection-cleanup" daemon [_thread_blocked, id=2888, stack(0x0000009a7a600000,0x0000009a7a700000)]
  0x000001b0b6cd3280 JavaThread "SIGINT handler" daemon [_thread_blocked, id=11028, stack(0x0000009a79200000,0x0000009a79300000)]

Other Threads:
=>0x000001b08fc633d0 VMThread "VM Thread" [stack: 0x0000009a79b00000,0x0000009a79c00000] [id=3956]
  0x000001b08fc47880 WorkerThread "GC Thread#0" [stack: 0x0000009a79600000,0x0000009a79700000] [id=9972]
  0x000001b0b77d54a0 WorkerThread "GC Thread#1" [stack: 0x0000009a7b200000,0x0000009a7b300000] [id=10888]
  0x000001b0b77d5200 WorkerThread "GC Thread#2" [stack: 0x0000009a7b300000,0x0000009a7b400000] [id=9352]
  0x000001b0b77d3d00 WorkerThread "GC Thread#3" [stack: 0x0000009a7b400000,0x0000009a7b500000] [id=4736]
  0x000001b0b77d44e0 WorkerThread "GC Thread#4" [stack: 0x0000009a7b500000,0x0000009a7b600000] [id=17252]
  0x000001b0bbea3800 WorkerThread "GC Thread#5" [stack: 0x0000009a7b600000,0x0000009a7b700000] [id=4624]
  0x000001b0bbea3aa0 WorkerThread "GC Thread#6" [stack: 0x0000009a7bc00000,0x0000009a7bd00000] [id=16828]
  0x000001b0bbea2840 WorkerThread "GC Thread#7" [stack: 0x0000009a7bd00000,0x0000009a7be00000] [id=11548]
  0x000001b08fc58470 ConcurrentGCThread "G1 Main Marker" terminated
  0x000001b08fc58e60 WorkerThread "G1 Conc#0" [stack: 0x0000009a79800000,0x0000009a79900000] [id=13748]
  0x000001b08fc9e5d0 ConcurrentGCThread "G1 Refine#0" terminated
  0x000001b0bc1cd070 ConcurrentGCThread "G1 Refine#1" terminated
  0x000001b0bc1c5e20 ConcurrentGCThread "G1 Refine#2" terminated
  0x000001b0b271f0f0 ConcurrentGCThread "G1 Service" terminated

Threads with active compile tasks:

VM state: at safepoint (shutting down)

VM Mutex/Monitor currently owned by a thread:  ([mutex/lock_event])
[0x000001b08fbd15c0] Threads_lock - owner thread: 0x000001b08fc633d0
[0x000001b08fbd1bf0] Heap_lock - owner thread: 0x000001b0b6cd3280

Heap address: 0x0000000703400000, size: 4044 MB, Compressed Oops mode: Zero based, Oop shift amount: 3

CDS archive(s) mapped at: [0x0000000800000000-0x0000000800ba0000-0x0000000800ba0000), size 12189696, SharedBaseAddress: 0x0000000800000000, ArchiveRelocationMode: 0.
Compressed class space mapped at: 0x0000000800c00000-0x0000000840c00000, reserved size: 1073741824
Narrow klass base: 0x0000000800000000, Narrow klass shift: 0, Narrow klass range: 0x100000000

GC Precious Log:
 CardTable entry size: 512
 Card Set container configuration: InlinePtr #cards 4 size 8 Array Of Cards #cards 16 size 48 Howl #buckets 8 coarsen threshold 3686 Howl Bitmap #cards 512 size 80 coarsen threshold 460 Card regions per heap region 1 cards per card region 4096
 CPUs: 8 total, 8 available
 Memory: 16174M
 Large Page Support: Disabled
 NUMA Support: Disabled
 Compressed Oops: Enabled (Zero based)
 Heap Region Size: 2M
 Heap Min Capacity: 8M
 Heap Initial Capacity: 254M
 Heap Max Capacity: 4044M
 Pre-touch: Disabled
 Parallel Workers: 8
 Concurrent Workers: 2
 Concurrent Refinement Workers: 8
 Periodic GC: Disabled

Heap:
 garbage-first heap   total 260096K, used 28722K [0x0000000703400000, 0x0000000800000000)
  region size 2048K, 13 young (26624K), 3 survivors (6144K)
 Metaspace       used 18742K, committed 19136K, reserved 1114112K
  class space    used 2443K, committed 2624K, reserved 1048576K

Heap Regions: E=young(eden), S=young(survivor), O=old, HS=humongous(starts), HC=humongous(continues), CS=collection set, F=free, OA=open archive, CA=closed archive, TAMS=top-at-mark-start (previous, next)
|   0|0x0000000703400000, 0x0000000703600000, 0x0000000703600000|100%| O|  |TAMS 0x0000000703400000, 0x0000000703400000| Untracked 
|   1|0x0000000703600000, 0x000000070360c800, 0x0000000703800000|  2%| O|  |TAMS 0x0000000703600000, 0x0000000703600000| Untracked 
|   2|0x0000000703800000, 0x0000000703a00000, 0x0000000703a00000|100%|HS|  |TAMS 0x0000000703800000, 0x0000000703800000| Complete 
|   3|0x0000000703a00000, 0x0000000703a00000, 0x0000000703c00000|  0%| F|  |TAMS 0x0000000703a00000, 0x0000000703a00000| Untracked 
|   4|0x0000000703c00000, 0x0000000703c00000, 0x0000000703e00000|  0%| F|  |TAMS 0x0000000703c00000, 0x0000000703c00000| Untracked 
|   5|0x0000000703e00000, 0x0000000703e00000, 0x0000000704000000|  0%| F|  |TAMS 0x0000000703e00000, 0x0000000703e00000| Untracked 
|   6|0x0000000704000000, 0x0000000704000000, 0x0000000704200000|  0%| F|  |TAMS 0x0000000704000000, 0x0000000704000000| Untracked 
|   7|0x0000000704200000, 0x0000000704200000, 0x0000000704400000|  0%| F|  |TAMS 0x0000000704200000, 0x0000000704200000| Untracked 
|   8|0x0000000704400000, 0x0000000704400000, 0x0000000704600000|  0%| F|  |TAMS 0x0000000704400000, 0x0000000704400000| Untracked 
|   9|0x0000000704600000, 0x0000000704600000, 0x0000000704800000|  0%| F|  |TAMS 0x0000000704600000, 0x0000000704600000| Untracked 
|  10|0x0000000704800000, 0x0000000704800000, 0x0000000704a00000|  0%| F|  |TAMS 0x0000000704800000, 0x0000000704800000| Untracked 
|  11|0x0000000704a00000, 0x0000000704a00000, 0x0000000704c00000|  0%| F|  |TAMS 0x0000000704a00000, 0x0000000704a00000| Untracked 
|  12|0x0000000704c00000, 0x0000000704c00000, 0x0000000704e00000|  0%| F|  |TAMS 0x0000000704c00000, 0x0000000704c00000| Untracked 
|  13|0x0000000704e00000, 0x0000000704e00000, 0x0000000705000000|  0%| F|  |TAMS 0x0000000704e00000, 0x0000000704e00000| Untracked 
|  14|0x0000000705000000, 0x0000000705000000, 0x0000000705200000|  0%| F|  |TAMS 0x0000000705000000, 0x0000000705000000| Untracked 
|  15|0x0000000705200000, 0x0000000705200000, 0x0000000705400000|  0%| F|  |TAMS 0x0000000705200000, 0x0000000705200000| Untracked 
|  16|0x0000000705400000, 0x0000000705400000, 0x0000000705600000|  0%| F|  |TAMS 0x0000000705400000, 0x0000000705400000| Untracked 
|  17|0x0000000705600000, 0x0000000705600000, 0x0000000705800000|  0%| F|  |TAMS 0x0000000705600000, 0x0000000705600000| Untracked 
|  18|0x0000000705800000, 0x0000000705800000, 0x0000000705a00000|  0%| F|  |TAMS 0x0000000705800000, 0x0000000705800000| Untracked 
|  19|0x0000000705a00000, 0x0000000705a00000, 0x0000000705c00000|  0%| F|  |TAMS 0x0000000705a00000, 0x0000000705a00000| Untracked 
|  20|0x0000000705c00000, 0x0000000705c00000, 0x0000000705e00000|  0%| F|  |TAMS 0x0000000705c00000, 0x0000000705c00000| Untracked 
|  21|0x0000000705e00000, 0x0000000705e00000, 0x0000000706000000|  0%| F|  |TAMS 0x0000000705e00000, 0x0000000705e00000| Untracked 
|  22|0x0000000706000000, 0x0000000706000000, 0x0000000706200000|  0%| F|  |TAMS 0x0000000706000000, 0x0000000706000000| Untracked 
|  23|0x0000000706200000, 0x0000000706200000, 0x0000000706400000|  0%| F|  |TAMS 0x0000000706200000, 0x0000000706200000| Untracked 
|  24|0x0000000706400000, 0x0000000706400000, 0x0000000706600000|  0%| F|  |TAMS 0x0000000706400000, 0x0000000706400000| Untracked 
|  25|0x0000000706600000, 0x0000000706600000, 0x0000000706800000|  0%| F|  |TAMS 0x0000000706600000, 0x0000000706600000| Untracked 
|  26|0x0000000706800000, 0x0000000706800000, 0x0000000706a00000|  0%| F|  |TAMS 0x0000000706800000, 0x0000000706800000| Untracked 
|  27|0x0000000706a00000, 0x0000000706a00000, 0x0000000706c00000|  0%| F|  |TAMS 0x0000000706a00000, 0x0000000706a00000| Untracked 
|  28|0x0000000706c00000, 0x0000000706c00000, 0x0000000706e00000|  0%| F|  |TAMS 0x0000000706c00000, 0x0000000706c00000| Untracked 
|  29|0x0000000706e00000, 0x0000000706e00000, 0x0000000707000000|  0%| F|  |TAMS 0x0000000706e00000, 0x0000000706e00000| Untracked 
|  30|0x0000000707000000, 0x0000000707000000, 0x0000000707200000|  0%| F|  |TAMS 0x0000000707000000, 0x0000000707000000| Untracked 
|  31|0x0000000707200000, 0x0000000707200000, 0x0000000707400000|  0%| F|  |TAMS 0x0000000707200000, 0x0000000707200000| Untracked 
|  32|0x0000000707400000, 0x0000000707400000, 0x0000000707600000|  0%| F|  |TAMS 0x0000000707400000, 0x0000000707400000| Untracked 
|  33|0x0000000707600000, 0x0000000707600000, 0x0000000707800000|  0%| F|  |TAMS 0x0000000707600000, 0x0000000707600000| Untracked 
|  34|0x0000000707800000, 0x0000000707800000, 0x0000000707a00000|  0%| F|  |TAMS 0x0000000707800000, 0x0000000707800000| Untracked 
|  35|0x0000000707a00000, 0x0000000707a00000, 0x0000000707c00000|  0%| F|  |TAMS 0x0000000707a00000, 0x0000000707a00000| Untracked 
|  36|0x0000000707c00000, 0x0000000707c00000, 0x0000000707e00000|  0%| F|  |TAMS 0x0000000707c00000, 0x0000000707c00000| Untracked 
|  37|0x0000000707e00000, 0x0000000707e00000, 0x0000000708000000|  0%| F|  |TAMS 0x0000000707e00000, 0x0000000707e00000| Untracked 
|  38|0x0000000708000000, 0x0000000708000000, 0x0000000708200000|  0%| F|  |TAMS 0x0000000708000000, 0x0000000708000000| Untracked 
|  39|0x0000000708200000, 0x0000000708200000, 0x0000000708400000|  0%| F|  |TAMS 0x0000000708200000, 0x0000000708200000| Untracked 
|  40|0x0000000708400000, 0x0000000708400000, 0x0000000708600000|  0%| F|  |TAMS 0x0000000708400000, 0x0000000708400000| Untracked 
|  41|0x0000000708600000, 0x0000000708600000, 0x0000000708800000|  0%| F|  |TAMS 0x0000000708600000, 0x0000000708600000| Untracked 
|  42|0x0000000708800000, 0x0000000708800000, 0x0000000708a00000|  0%| F|  |TAMS 0x0000000708800000, 0x0000000708800000| Untracked 
|  43|0x0000000708a00000, 0x0000000708a00000, 0x0000000708c00000|  0%| F|  |TAMS 0x0000000708a00000, 0x0000000708a00000| Untracked 
|  44|0x0000000708c00000, 0x0000000708c00000, 0x0000000708e00000|  0%| F|  |TAMS 0x0000000708c00000, 0x0000000708c00000| Untracked 
|  45|0x0000000708e00000, 0x0000000708e00000, 0x0000000709000000|  0%| F|  |TAMS 0x0000000708e00000, 0x0000000708e00000| Untracked 
|  46|0x0000000709000000, 0x0000000709000000, 0x0000000709200000|  0%| F|  |TAMS 0x0000000709000000, 0x0000000709000000| Untracked 
|  47|0x0000000709200000, 0x0000000709200000, 0x0000000709400000|  0%| F|  |TAMS 0x0000000709200000, 0x0000000709200000| Untracked 
|  48|0x0000000709400000, 0x0000000709400000, 0x0000000709600000|  0%| F|  |TAMS 0x0000000709400000, 0x0000000709400000| Untracked 
|  49|0x0000000709600000, 0x0000000709600000, 0x0000000709800000|  0%| F|  |TAMS 0x0000000709600000, 0x0000000709600000| Untracked 
|  50|0x0000000709800000, 0x0000000709800000, 0x0000000709a00000|  0%| F|  |TAMS 0x0000000709800000, 0x0000000709800000| Untracked 
|  51|0x0000000709a00000, 0x0000000709a00000, 0x0000000709c00000|  0%| F|  |TAMS 0x0000000709a00000, 0x0000000709a00000| Untracked 
|  52|0x0000000709c00000, 0x0000000709c00000, 0x0000000709e00000|  0%| F|  |TAMS 0x0000000709c00000, 0x0000000709c00000| Untracked 
|  53|0x0000000709e00000, 0x0000000709e00000, 0x000000070a000000|  0%| F|  |TAMS 0x0000000709e00000, 0x0000000709e00000| Untracked 
|  54|0x000000070a000000, 0x000000070a000000, 0x000000070a200000|  0%| F|  |TAMS 0x000000070a000000, 0x000000070a000000| Untracked 
|  55|0x000000070a200000, 0x000000070a200000, 0x000000070a400000|  0%| F|  |TAMS 0x000000070a200000, 0x000000070a200000| Untracked 
|  56|0x000000070a400000, 0x000000070a400000, 0x000000070a600000|  0%| F|  |TAMS 0x000000070a400000, 0x000000070a400000| Untracked 
|  57|0x000000070a600000, 0x000000070a600000, 0x000000070a800000|  0%| F|  |TAMS 0x000000070a600000, 0x000000070a600000| Untracked 
|  58|0x000000070a800000, 0x000000070a800000, 0x000000070aa00000|  0%| F|  |TAMS 0x000000070a800000, 0x000000070a800000| Untracked 
|  59|0x000000070aa00000, 0x000000070aa00000, 0x000000070ac00000|  0%| F|  |TAMS 0x000000070aa00000, 0x000000070aa00000| Untracked 
|  60|0x000000070ac00000, 0x000000070ac00000, 0x000000070ae00000|  0%| F|  |TAMS 0x000000070ac00000, 0x000000070ac00000| Untracked 
|  61|0x000000070ae00000, 0x000000070ae00000, 0x000000070b000000|  0%| F|  |TAMS 0x000000070ae00000, 0x000000070ae00000| Untracked 
|  62|0x000000070b000000, 0x000000070b000000, 0x000000070b200000|  0%| F|  |TAMS 0x000000070b000000, 0x000000070b000000| Untracked 
|  63|0x000000070b200000, 0x000000070b200000, 0x000000070b400000|  0%| F|  |TAMS 0x000000070b200000, 0x000000070b200000| Untracked 
|  64|0x000000070b400000, 0x000000070b400000, 0x000000070b600000|  0%| F|  |TAMS 0x000000070b400000, 0x000000070b400000| Untracked 
|  65|0x000000070b600000, 0x000000070b600000, 0x000000070b800000|  0%| F|  |TAMS 0x000000070b600000, 0x000000070b600000| Untracked 
|  66|0x000000070b800000, 0x000000070b800000, 0x000000070ba00000|  0%| F|  |TAMS 0x000000070b800000, 0x000000070b800000| Untracked 
|  67|0x000000070ba00000, 0x000000070ba00000, 0x000000070bc00000|  0%| F|  |TAMS 0x000000070ba00000, 0x000000070ba00000| Untracked 
|  68|0x000000070bc00000, 0x000000070bc00000, 0x000000070be00000|  0%| F|  |TAMS 0x000000070bc00000, 0x000000070bc00000| Untracked 
|  69|0x000000070be00000, 0x000000070be00000, 0x000000070c000000|  0%| F|  |TAMS 0x000000070be00000, 0x000000070be00000| Untracked 
|  70|0x000000070c000000, 0x000000070c000000, 0x000000070c200000|  0%| F|  |TAMS 0x000000070c000000, 0x000000070c000000| Untracked 
|  71|0x000000070c200000, 0x000000070c200000, 0x000000070c400000|  0%| F|  |TAMS 0x000000070c200000, 0x000000070c200000| Untracked 
|  72|0x000000070c400000, 0x000000070c400000, 0x000000070c600000|  0%| F|  |TAMS 0x000000070c400000, 0x000000070c400000| Untracked 
|  73|0x000000070c600000, 0x000000070c600000, 0x000000070c800000|  0%| F|  |TAMS 0x000000070c600000, 0x000000070c600000| Untracked 
|  74|0x000000070c800000, 0x000000070c800000, 0x000000070ca00000|  0%| F|  |TAMS 0x000000070c800000, 0x000000070c800000| Untracked 
|  75|0x000000070ca00000, 0x000000070ca00000, 0x000000070cc00000|  0%| F|  |TAMS 0x000000070ca00000, 0x000000070ca00000| Untracked 
|  76|0x000000070cc00000, 0x000000070cc00000, 0x000000070ce00000|  0%| F|  |TAMS 0x000000070cc00000, 0x000000070cc00000| Untracked 
|  77|0x000000070ce00000, 0x000000070ce00000, 0x000000070d000000|  0%| F|  |TAMS 0x000000070ce00000, 0x000000070ce00000| Untracked 
|  78|0x000000070d000000, 0x000000070d000000, 0x000000070d200000|  0%| F|  |TAMS 0x000000070d000000, 0x000000070d000000| Untracked 
|  79|0x000000070d200000, 0x000000070d200000, 0x000000070d400000|  0%| F|  |TAMS 0x000000070d200000, 0x000000070d200000| Untracked 
|  80|0x000000070d400000, 0x000000070d400000, 0x000000070d600000|  0%| F|  |TAMS 0x000000070d400000, 0x000000070d400000| Untracked 
|  81|0x000000070d600000, 0x000000070d600000, 0x000000070d800000|  0%| F|  |TAMS 0x000000070d600000, 0x000000070d600000| Untracked 
|  82|0x000000070d800000, 0x000000070d800000, 0x000000070da00000|  0%| F|  |TAMS 0x000000070d800000, 0x000000070d800000| Untracked 
|  83|0x000000070da00000, 0x000000070da00000, 0x000000070dc00000|  0%| F|  |TAMS 0x000000070da00000, 0x000000070da00000| Untracked 
|  84|0x000000070dc00000, 0x000000070dc00000, 0x000000070de00000|  0%| F|  |TAMS 0x000000070dc00000, 0x000000070dc00000| Untracked 
|  85|0x000000070de00000, 0x000000070de00000, 0x000000070e000000|  0%| F|  |TAMS 0x000000070de00000, 0x000000070de00000| Untracked 
|  86|0x000000070e000000, 0x000000070e000000, 0x000000070e200000|  0%| F|  |TAMS 0x000000070e000000, 0x000000070e000000| Untracked 
|  87|0x000000070e200000, 0x000000070e200000, 0x000000070e400000|  0%| F|  |TAMS 0x000000070e200000, 0x000000070e200000| Untracked 
|  88|0x000000070e400000, 0x000000070e400000, 0x000000070e600000|  0%| F|  |TAMS 0x000000070e400000, 0x000000070e400000| Untracked 
|  89|0x000000070e600000, 0x000000070e600000, 0x000000070e800000|  0%| F|  |TAMS 0x000000070e600000, 0x000000070e600000| Untracked 
|  90|0x000000070e800000, 0x000000070e800000, 0x000000070ea00000|  0%| F|  |TAMS 0x000000070e800000, 0x000000070e800000| Untracked 
|  91|0x000000070ea00000, 0x000000070ea00000, 0x000000070ec00000|  0%| F|  |TAMS 0x000000070ea00000, 0x000000070ea00000| Untracked 
|  92|0x000000070ec00000, 0x000000070ec00000, 0x000000070ee00000|  0%| F|  |TAMS 0x000000070ec00000, 0x000000070ec00000| Untracked 
|  93|0x000000070ee00000, 0x000000070ee00000, 0x000000070f000000|  0%| F|  |TAMS 0x000000070ee00000, 0x000000070ee00000| Untracked 
|  94|0x000000070f000000, 0x000000070f000000, 0x000000070f200000|  0%| F|  |TAMS 0x000000070f000000, 0x000000070f000000| Untracked 
|  95|0x000000070f200000, 0x000000070f200000, 0x000000070f400000|  0%| F|  |TAMS 0x000000070f200000, 0x000000070f200000| Untracked 
|  96|0x000000070f400000, 0x000000070f400000, 0x000000070f600000|  0%| F|  |TAMS 0x000000070f400000, 0x000000070f400000| Untracked 
|  97|0x000000070f600000, 0x000000070f600000, 0x000000070f800000|  0%| F|  |TAMS 0x000000070f600000, 0x000000070f600000| Untracked 
|  98|0x000000070f800000, 0x000000070f800000, 0x000000070fa00000|  0%| F|  |TAMS 0x000000070f800000, 0x000000070f800000| Untracked 
|  99|0x000000070fa00000, 0x000000070fa00000, 0x000000070fc00000|  0%| F|  |TAMS 0x000000070fa00000, 0x000000070fa00000| Untracked 
| 100|0x000000070fc00000, 0x000000070fc00000, 0x000000070fe00000|  0%| F|  |TAMS 0x000000070fc00000, 0x000000070fc00000| Untracked 
| 101|0x000000070fe00000, 0x000000070fe00000, 0x0000000710000000|  0%| F|  |TAMS 0x000000070fe00000, 0x000000070fe00000| Untracked 
| 102|0x0000000710000000, 0x0000000710000000, 0x0000000710200000|  0%| F|  |TAMS 0x0000000710000000, 0x0000000710000000| Untracked 
| 103|0x0000000710200000, 0x0000000710400000, 0x0000000710400000|100%| S|CS|TAMS 0x0000000710200000, 0x0000000710200000| Complete 
| 104|0x0000000710400000, 0x0000000710600000, 0x0000000710600000|100%| S|CS|TAMS 0x0000000710400000, 0x0000000710400000| Complete 
| 105|0x0000000710600000, 0x0000000710800000, 0x0000000710800000|100%| S|CS|TAMS 0x0000000710600000, 0x0000000710600000| Complete 
| 106|0x0000000710800000, 0x0000000710800000, 0x0000000710a00000|  0%| F|  |TAMS 0x0000000710800000, 0x0000000710800000| Untracked 
| 107|0x0000000710a00000, 0x0000000710a00000, 0x0000000710c00000|  0%| F|  |TAMS 0x0000000710a00000, 0x0000000710a00000| Untracked 
| 108|0x0000000710c00000, 0x0000000710c00000, 0x0000000710e00000|  0%| F|  |TAMS 0x0000000710c00000, 0x0000000710c00000| Untracked 
| 109|0x0000000710e00000, 0x0000000710e00000, 0x0000000711000000|  0%| F|  |TAMS 0x0000000710e00000, 0x0000000710e00000| Untracked 
| 110|0x0000000711000000, 0x0000000711000000, 0x0000000711200000|  0%| F|  |TAMS 0x0000000711000000, 0x0000000711000000| Untracked 
| 111|0x0000000711200000, 0x0000000711200000, 0x0000000711400000|  0%| F|  |TAMS 0x0000000711200000, 0x0000000711200000| Untracked 
| 112|0x0000000711400000, 0x0000000711400000, 0x0000000711600000|  0%| F|  |TAMS 0x0000000711400000, 0x0000000711400000| Untracked 
| 113|0x0000000711600000, 0x0000000711600000, 0x0000000711800000|  0%| F|  |TAMS 0x0000000711600000, 0x0000000711600000| Untracked 
| 114|0x0000000711800000, 0x0000000711800000, 0x0000000711a00000|  0%| F|  |TAMS 0x0000000711800000, 0x0000000711800000| Untracked 
| 115|0x0000000711a00000, 0x0000000711a00000, 0x0000000711c00000|  0%| F|  |TAMS 0x0000000711a00000, 0x0000000711a00000| Untracked 
| 116|0x0000000711c00000, 0x0000000711c00000, 0x0000000711e00000|  0%| F|  |TAMS 0x0000000711c00000, 0x0000000711c00000| Untracked 
| 117|0x0000000711e00000, 0x0000000711ef9b10, 0x0000000712000000| 48%| E|  |TAMS 0x0000000711e00000, 0x0000000711e00000| Complete 
| 118|0x0000000712000000, 0x0000000712200000, 0x0000000712200000|100%| E|CS|TAMS 0x0000000712000000, 0x0000000712000000| Complete 
| 119|0x0000000712200000, 0x0000000712400000, 0x0000000712400000|100%| E|CS|TAMS 0x0000000712200000, 0x0000000712200000| Complete 
| 120|0x0000000712400000, 0x0000000712600000, 0x0000000712600000|100%| E|CS|TAMS 0x0000000712400000, 0x0000000712400000| Complete 
| 121|0x0000000712600000, 0x0000000712800000, 0x0000000712800000|100%| E|CS|TAMS 0x0000000712600000, 0x0000000712600000| Complete 
| 122|0x0000000712800000, 0x0000000712a00000, 0x0000000712a00000|100%| E|CS|TAMS 0x0000000712800000, 0x0000000712800000| Complete 
| 123|0x0000000712a00000, 0x0000000712c00000, 0x0000000712c00000|100%| E|CS|TAMS 0x0000000712a00000, 0x0000000712a00000| Complete 
| 124|0x0000000712c00000, 0x0000000712e00000, 0x0000000712e00000|100%| E|CS|TAMS 0x0000000712c00000, 0x0000000712c00000| Complete 
| 125|0x0000000712e00000, 0x0000000713000000, 0x0000000713000000|100%| E|CS|TAMS 0x0000000712e00000, 0x0000000712e00000| Complete 
| 126|0x0000000713000000, 0x0000000713200000, 0x0000000713200000|100%| E|CS|TAMS 0x0000000713000000, 0x0000000713000000| Complete 

Card table byte_map: [0x000001b0a7030000,0x000001b0a7820000] _byte_map_base: 0x000001b0a3816000

Marking Bits (Prev, Next): (CMBitMap*) 0x000001b08fc47e80, (CMBitMap*) 0x000001b08fc47ec0
 Prev Bits: [0x000001b0a8010000, 0x000001b0abf40000)
 Next Bits: [0x000001b0abf40000, 0x000001b0afe70000)

Polling page: 0x000001b08dd60000

Metaspace:

Usage:
  Non-class:     15.92 MB used.
      Class:      2.39 MB used.
       Both:     18.30 MB used.

Virtual space:
  Non-class space:       64.00 MB reserved,      16.12 MB ( 25%) committed,  1 nodes.
      Class space:        1.00 GB reserved,       2.56 MB ( <1%) committed,  1 nodes.
             Both:        1.06 GB reserved,      18.69 MB (  2%) committed. 

Chunk freelists:
   Non-Class:  3.28 MB
       Class:  1.48 MB
        Both:  4.77 MB

MaxMetaspaceSize: unlimited
CompressedClassSpaceSize: 1.00 GB
Initial GC threshold: 21.00 MB
Current GC threshold: 21.00 MB
CDS: on
MetaspaceReclaimPolicy: balanced
 - commit_granule_bytes: 65536.
 - commit_granule_words: 8192.
 - virtual_space_node_default_size: 8388608.
 - enlarge_chunks_in_place: 1.
 - new_chunks_are_fully_committed: 0.
 - uncommit_free_chunks: 1.
 - use_allocation_guard: 0.


Internal statistics:

num_allocs_failed_limit: 0.
num_arena_births: 332.
num_arena_deaths: 0.
num_vsnodes_births: 2.
num_vsnodes_deaths: 0.
num_space_committed: 299.
num_space_uncommitted: 0.
num_chunks_returned_to_freelist: 0.
num_chunks_taken_from_freelist: 920.
num_chunk_merges: 0.
num_chunk_splits: 645.
num_chunks_enlarged: 501.
num_inconsistent_stats: 0.

CodeHeap 'non-profiled nmethods': size=120000Kb used=1359Kb max_used=1359Kb free=118640Kb
 bounds [0x000001b09efe0000, 0x000001b09f250000, 0x000001b0a6510000]
CodeHeap 'profiled nmethods': size=120000Kb used=6130Kb max_used=6130Kb free=113869Kb
 bounds [0x000001b097ab0000, 0x000001b0980b0000, 0x000001b09efe0000]
CodeHeap 'non-nmethods': size=5760Kb used=1473Kb max_used=1507Kb free=4286Kb
 bounds [0x000001b097510000, 0x000001b097780000, 0x000001b097ab0000]
 total_blobs=4118 nmethods=3293 adapters=735
 compilation: enabled
              stopped_count=0, restarted_count=0
 full_count=0

Compilation events (20 events):
Event: 67.230 Thread 0x000001b0b28b2790 3285  s!   3       jdk.internal.loader.URLClassPath::getLoader (194 bytes)
Event: 67.232 Thread 0x000001b0b28b2790 nmethod 3285 0x000001b0980a8090 code [0x000001b0980a8380, 0x000001b0980a9618]
Event: 77.232 Thread 0x000001b0b28b2790 3286   !   3       jdk.internal.loader.URLClassPath$JarLoader::ensureOpen (36 bytes)
Event: 77.232 Thread 0x000001b0b28b2790 nmethod 3286 0x000001b0980a9d90 code [0x000001b0980a9f60, 0x000001b0980aa458]
Event: 86.322 Thread 0x000001b0b288e8a0 3287       4       com.sun.javafx.tk.quantum.QuantumToolkit::postPulse (133 bytes)
Event: 86.324 Thread 0x000001b0b288e8a0 nmethod 3287 0x000001b09f130890 code [0x000001b09f130a40, 0x000001b09f130c78]
Event: 86.626 Thread 0x000001b0b288e8a0 3288       4       com.sun.javafx.tk.quantum.QuantumToolkit$$Lambda$102/0x0000000800c3a130::run (8 bytes)
Event: 86.629 Thread 0x000001b0b288e8a0 nmethod 3288 0x000001b09f130f10 code [0x000001b09f1310c0, 0x000001b09f131368]
Event: 87.233 Thread 0x000001b0b28b2790 3289   !   3       jdk.internal.loader.URLClassPath$JarLoader::getResource (65 bytes)
Event: 87.234 Thread 0x000001b0b28b2790 nmethod 3289 0x000001b0980aa610 code [0x000001b0980aa860, 0x000001b0980ab2e8]
Event: 112.238 Thread 0x000001b0b28b2790 3290       3       jdk.internal.loader.URLClassPath$JarLoader::findResource (18 bytes)
Event: 112.238 Thread 0x000001b0b28b2790 nmethod 3290 0x000001b0980ab610 code [0x000001b0980ab7c0, 0x000001b0980ab9a8]
Event: 126.326 Thread 0x000001b0b288e8a0 3291       4       javafx.scene.input.MouseEvent::<init> (208 bytes)
Event: 126.347 Thread 0x000001b0b288e8a0 nmethod 3291 0x000001b09f131690 code [0x000001b09f131900, 0x000001b09f132f00]
Event: 126.347 Thread 0x000001b0b288e8a0 3292       4       javafx.scene.input.MouseEvent::<init> (45 bytes)
Event: 126.347 Thread 0x000001b0b288e8a0 nmethod 3292 0x000001b09f133a90 code [0x000001b09f133c20, 0x000001b09f133dc8]
Event: 127.295 Thread 0x000001b0b28b2790 3293       3       com.sun.javafx.util.Utils::clamp (20 bytes)
Event: 127.295 Thread 0x000001b0b28b2790 nmethod 3293 0x000001b0980aba90 code [0x000001b0980abc40, 0x000001b0980abe38]
Event: 157.243 Thread 0x000001b0b28b2790 3294       3       jdk.internal.module.Resources::toPackageName (39 bytes)
Event: 157.244 Thread 0x000001b0b28b2790 nmethod 3294 0x000001b0980abf10 code [0x000001b0980ac140, 0x000001b0980ac7d8]

GC Heap History (4 events):
Event: 0.627 GC heap before
{Heap before GC invocations=0 (full 0):
 garbage-first heap   total 260096K, used 22528K [0x0000000703400000, 0x0000000800000000)
  region size 2048K, 11 young (22528K), 0 survivors (0K)
 Metaspace       used 4379K, committed 4608K, reserved 1114112K
  class space    used 471K, committed 576K, reserved 1048576K
}
Event: 0.629 GC heap after
{Heap after GC invocations=1 (full 0):
 garbage-first heap   total 260096K, used 2687K [0x0000000703400000, 0x0000000800000000)
  region size 2048K, 2 young (4096K), 2 survivors (4096K)
 Metaspace       used 4379K, committed 4608K, reserved 1114112K
  class space    used 471K, committed 576K, reserved 1048576K
}
Event: 1.376 GC heap before
{Heap before GC invocations=1 (full 0):
 garbage-first heap   total 260096K, used 39551K [0x0000000703400000, 0x0000000800000000)
  region size 2048K, 21 young (43008K), 2 survivors (4096K)
 Metaspace       used 14201K, committed 14528K, reserved 1114112K
  class space    used 2037K, committed 2176K, reserved 1048576K
}
Event: 1.382 GC heap after
{Heap after GC invocations=2 (full 0):
 garbage-first heap   total 260096K, used 8242K [0x0000000703400000, 0x0000000800000000)
  region size 2048K, 3 young (6144K), 3 survivors (6144K)
 Metaspace       used 14201K, committed 14528K, reserved 1114112K
  class space    used 2037K, committed 2176K, reserved 1048576K
}

Deoptimization events (20 events):
Event: 6.688 Thread 0x000001b0b6cd5430 Uncommon trap: trap_request=0xffffff45 fr.pc=0x000001b09f057ba0 relative=0x0000000000000400
Event: 6.688 Thread 0x000001b0b6cd5430 Uncommon trap: reason=unstable_if action=reinterpret pc=0x000001b09f057ba0 method=java.lang.AbstractStringBuilder.append(C)Ljava/lang/AbstractStringBuilder; @ 21 c2
Event: 6.688 Thread 0x000001b0b6cd5430 DEOPT PACKING pc=0x000001b09f057ba0 sp=0x0000009a7adfa5f0
Event: 6.688 Thread 0x000001b0b6cd5430 DEOPT UNPACKING pc=0x000001b097565c23 sp=0x0000009a7adfa5d0 mode 2
Event: 7.227 Thread 0x000001b0b6cd5430 Uncommon trap: trap_request=0xffffff45 fr.pc=0x000001b09f0473b4 relative=0x0000000000000714
Event: 7.227 Thread 0x000001b0b6cd5430 Uncommon trap: reason=unstable_if action=reinterpret pc=0x000001b09f0473b4 method=java.util.ArrayList.grow(I)[Ljava/lang/Object; @ 17 c2
Event: 7.227 Thread 0x000001b0b6cd5430 DEOPT PACKING pc=0x000001b09f0473b4 sp=0x0000009a7adfa460
Event: 7.227 Thread 0x000001b0b6cd5430 DEOPT UNPACKING pc=0x000001b097565c23 sp=0x0000009a7adfa2f8 mode 2
Event: 7.434 Thread 0x000001b0b6cd5430 Uncommon trap: trap_request=0xffffff45 fr.pc=0x000001b09f01f2c8 relative=0x00000000000000a8
Event: 7.434 Thread 0x000001b0b6cd5430 Uncommon trap: reason=unstable_if action=reinterpret pc=0x000001b09f01f2c8 method=jdk.internal.misc.Unsafe.convEndian(ZI)I @ 4 c2
Event: 7.434 Thread 0x000001b0b6cd5430 DEOPT PACKING pc=0x000001b09f01f2c8 sp=0x0000009a7adf9c00
Event: 7.434 Thread 0x000001b0b6cd5430 DEOPT UNPACKING pc=0x000001b097565c23 sp=0x0000009a7adf9a98 mode 2
Event: 7.635 Thread 0x000001b0b6cd5430 Uncommon trap: trap_request=0xffffff45 fr.pc=0x000001b09f0321dc relative=0x00000000000005bc
Event: 7.635 Thread 0x000001b0b6cd5430 Uncommon trap: reason=unstable_if action=reinterpret pc=0x000001b09f0321dc method=java.lang.AbstractStringBuilder.append(Ljava/lang/String;)Ljava/lang/AbstractStringBuilder; @ 1 c2
Event: 7.635 Thread 0x000001b0b6cd5430 DEOPT PACKING pc=0x000001b09f0321dc sp=0x0000009a7adfa160
Event: 7.635 Thread 0x000001b0b6cd5430 DEOPT UNPACKING pc=0x000001b097565c23 sp=0x0000009a7adfa0e0 mode 2
Event: 7.635 Thread 0x000001b0b6cd5430 Uncommon trap: trap_request=0xffffff45 fr.pc=0x000001b09f03a7d8 relative=0x00000000000005b8
Event: 7.635 Thread 0x000001b0b6cd5430 Uncommon trap: reason=unstable_if action=reinterpret pc=0x000001b09f03a7d8 method=java.lang.AbstractStringBuilder.append(Ljava/lang/String;)Ljava/lang/AbstractStringBuilder; @ 1 c2
Event: 7.635 Thread 0x000001b0b6cd5430 DEOPT PACKING pc=0x000001b09f03a7d8 sp=0x0000009a7adfa0f0
Event: 7.635 Thread 0x000001b0b6cd5430 DEOPT UNPACKING pc=0x000001b097565c23 sp=0x0000009a7adfa0d8 mode 2

Classes loaded (20 events):
Event: 7.431 Loading class javax/security/auth/callback/UnsupportedCallbackException
Event: 7.431 Loading class javax/security/auth/callback/UnsupportedCallbackException done
Event: 7.431 Loading class javax/security/auth/login/LoginException
Event: 7.431 Loading class javax/security/auth/login/LoginException done
Event: 7.431 Loading class javax/security/auth/login/Configuration
Event: 7.431 Loading class javax/security/auth/login/Configuration done
Event: 7.432 Loading class javax/security/auth/callback/CallbackHandler
Event: 7.432 Loading class javax/security/auth/callback/CallbackHandler done
Event: 7.432 Loading class javax/security/auth/callback/Callback
Event: 7.432 Loading class javax/security/auth/callback/Callback done
Event: 7.432 Loading class sun/invoke/util/VerifyAccess$1
Event: 7.432 Loading class sun/invoke/util/VerifyAccess$1 done
Event: 7.434 Loading class sun/security/provider/SHA
Event: 7.434 Loading class sun/security/provider/SHA done
Event: 7.434 Loading class sun/security/provider/ByteArrayAccess$BE
Event: 7.434 Loading class sun/security/provider/ByteArrayAccess$BE done
Event: 7.772 Loading class java/util/TimerTask
Event: 7.772 Loading class java/util/TimerTask done
Event: 298.846 Loading class jdk/internal/misc/Signal$1
Event: 298.846 Loading class jdk/internal/misc/Signal$1 done

Classes unloaded (0 events):
No events

Classes redefined (0 events):
No events

Internal exceptions (20 events):
Event: 1.168 Thread 0x000001b0b6cd5430 Exception <a 'java/lang/ClassNotFoundException'{0x00000007113e0908}: com/sun/javafx/scene/control/skin/resources/controls_ru> (0x00000007113e0908) 
thrown [s\open\src\hotspot\share\prims\jni.cpp, line 535]
Event: 1.168 Thread 0x000001b0b6cd5430 Exception <a 'java/lang/ClassNotFoundException'{0x00000007113e18a0}: com/sun/javafx/scene/control/skin/resources/controls_ru_RU> (0x00000007113e18a0) 
thrown [s\open\src\hotspot\share\prims\jni.cpp, line 535]
Event: 1.202 Thread 0x000001b0b6cd5430 Exception <a 'java/lang/NoSuchMethodError'{0x00000007111faf50}: 'void java.lang.invoke.DirectMethodHandle$Holder.invokeSpecial(java.lang.Object, java.lang.Object, java.lang.Object, java.lang.Object, java.lang.Object, java.lang.Object)'> (0x00000007111faf50) 
thrown [s\open\src\hotspot\share\interpreter\linkResolver.cpp, line 766]
Event: 1.234 Thread 0x000001b0b6cd5430 Exception <a 'java/lang/NoSuchMethodError'{0x0000000710cf8d60}: 'java.lang.Object java.lang.invoke.DirectMethodHandle$Holder.invokeInterface(java.lang.Object, java.lang.Object, java.lang.Object)'> (0x0000000710cf8d60) 
thrown [s\open\src\hotspot\share\interpreter\linkResolver.cpp, line 766]
Event: 1.234 Thread 0x000001b0b6cd5430 Exception <a 'java/lang/IncompatibleClassChangeError'{0x0000000710cfc928}: Found class java.lang.Object, but interface was expected> (0x0000000710cfc928) 
thrown [s\open\src\hotspot\share\interpreter\linkResolver.cpp, line 833]
Event: 1.280 Thread 0x000001b0b6cd5430 Exception <a 'java/lang/NoSuchMethodError'{0x0000000710ad9918}: 'int java.lang.invoke.DirectMethodHandle$Holder.invokeSpecial(java.lang.Object, java.lang.Object, int)'> (0x0000000710ad9918) 
thrown [s\open\src\hotspot\share\interpreter\linkResolver.cpp, line 766]
Event: 1.287 Thread 0x000001b0b6cd5430 Exception <a 'java/lang/NoSuchMethodError'{0x0000000710b08120}: 'java.lang.Object java.lang.invoke.DirectMethodHandle$Holder.newInvokeSpecial(java.lang.Object, java.lang.Object, int)'> (0x0000000710b08120) 
thrown [s\open\src\hotspot\share\interpreter\linkResolver.cpp, line 766]
Event: 1.330 Thread 0x000001b0b6cd40f0 Exception <a 'java/lang/NoSuchMethodError'{0x0000000710b9ada8}: 'int java.lang.invoke.DirectMethodHandle$Holder.invokeStaticInit(java.lang.Object, java.lang.Object)'> (0x0000000710b9ada8) 
thrown [s\open\src\hotspot\share\interpreter\linkResolver.cpp, line 766]
Event: 1.336 Thread 0x000001b0b6cd5430 Exception <a 'java/lang/NoSuchMethodError'{0x0000000710b7cde8}: 'long java.lang.invoke.DirectMethodHandle$Holder.invokeStatic(java.lang.Object, java.lang.Object, java.lang.Object)'> (0x0000000710b7cde8) 
thrown [s\open\src\hotspot\share\interpreter\linkResolver.cpp, line 766]
Event: 1.337 Thread 0x000001b0b6cd5430 Exception <a 'java/lang/NoSuchMethodError'{0x0000000710b80588}: 'long java.lang.invoke.DirectMethodHandle$Holder.invokeStaticInit(java.lang.Object, java.lang.Object, java.lang.Object)'> (0x0000000710b80588) 
thrown [s\open\src\hotspot\share\interpreter\linkResolver.cpp, line 766]
Event: 1.341 Thread 0x000001b0b6cd5430 Exception <a 'java/lang/NoSuchMethodError'{0x0000000710bfda78}: 'java.lang.Object java.lang.invoke.DirectMethodHandle$Holder.newInvokeSpecial(java.lang.Object, java.lang.Object, long)'> (0x0000000710bfda78) 
thrown [s\open\src\hotspot\share\interpreter\linkResolver.cpp, line 766]
Event: 1.341 Thread 0x000001b0b6cd5430 Exception <a 'java/lang/NoSuchMethodError'{0x0000000710834f28}: 'java.lang.Object java.lang.invoke.Invokers$Holder.linkToTargetMethod(java.lang.Object, long, java.lang.Object)'> (0x0000000710834f28) 
thrown [s\open\src\hotspot\share\interpreter\linkResolver.cpp, line 766]
Event: 4.345 Thread 0x000001b0b6cd5430 Exception <a 'java/lang/NoSuchMethodError'{0x0000000712cfa370}: 'java.lang.Object java.lang.invoke.DirectMethodHandle$Holder.newInvokeSpecial(java.lang.Object, java.lang.Object, int, int, int, int, int, java.lang.Object)'> (0x0000000712cfa370) 
thrown [s\open\src\hotspot\share\interpreter\linkResolver.cpp, line 766]
Event: 4.346 Thread 0x000001b0b6cd5430 Exception <a 'java/lang/NoSuchMethodError'{0x0000000712d0d8a0}: 'java.lang.Object java.lang.invoke.DirectMethodHandle$Holder.newInvokeSpecial(java.lang.Object, java.lang.Object, java.lang.Object, int, int, int, int, int)'> (0x0000000712d0d8a0) 
thrown [s\open\src\hotspot\share\interpreter\linkResolver.cpp, line 766]
Event: 4.346 Thread 0x000001b0b6cd5430 Exception <a 'java/lang/NoSuchMethodError'{0x0000000712d15658}: 'java.lang.Object java.lang.invoke.Invokers$Holder.linkToTargetMethod(java.lang.Object, java.lang.Object, int, int, int, int, int, java.lang.Object)'> (0x0000000712d15658) 
thrown [s\open\src\hotspot\share\interpreter\linkResolver.cpp, line 766]
Event: 7.227 Thread 0x000001b0b6cd5430 Exception <a 'sun/nio/fs/WindowsException'{0x0000000712a497b8}> (0x0000000712a497b8) 
thrown [s\open\src\hotspot\share\prims\jni.cpp, line 516]
Event: 7.248 Thread 0x000001b0b6cd5430 Exception <a 'java/lang/NoSuchMethodError'{0x0000000712bed368}: 'java.lang.Object java.lang.invoke.DirectMethodHandle$Holder.invokeVirtual(java.lang.Object, java.lang.Object, java.lang.Object)'> (0x0000000712bed368) 
thrown [s\open\src\hotspot\share\interpreter\linkResolver.cpp, line 766]
Event: 7.294 Thread 0x000001b0b6cd5430 Exception <a 'sun/nio/fs/WindowsException'{0x000000071273b338}> (0x000000071273b338) 
thrown [s\open\src\hotspot\share\prims\jni.cpp, line 516]
Event: 7.635 Thread 0x000001b0b6cd5430 Implicit null exception at 0x000001b09f031c52 to 0x000001b09f0321c4
Event: 7.635 Thread 0x000001b0b6cd5430 Implicit null exception at 0x000001b09f03a252 to 0x000001b09f03a7c0

VM Operations (20 events):
Event: 7.223 Executing VM operation: Cleanup done
Event: 7.229 Executing VM operation: HandshakeAllThreads
Event: 7.229 Executing VM operation: HandshakeAllThreads done
Event: 7.230 Executing VM operation: HandshakeAllThreads
Event: 7.230 Executing VM operation: HandshakeAllThreads done
Event: 7.300 Executing VM operation: HandshakeAllThreads
Event: 7.300 Executing VM operation: HandshakeAllThreads done
Event: 7.405 Executing VM operation: HandshakeAllThreads
Event: 7.405 Executing VM operation: HandshakeAllThreads done
Event: 7.434 Executing VM operation: HandshakeAllThreads
Event: 7.434 Executing VM operation: HandshakeAllThreads done
Event: 8.434 Executing VM operation: Cleanup
Event: 8.434 Executing VM operation: Cleanup done
Event: 9.435 Executing VM operation: Cleanup
Event: 9.435 Executing VM operation: Cleanup done
Event: 11.435 Executing VM operation: Cleanup
Event: 11.436 Executing VM operation: Cleanup done
Event: 13.435 Executing VM operation: Cleanup
Event: 13.436 Executing VM operation: Cleanup done
Event: 298.848 Executing VM operation: Exit

Events (20 events):
Event: 0.546 Thread 0x000001b0b6cd6770 Thread added: 0x000001b0b6cd6770
Event: 0.549 Thread 0x000001b0b6cd5430 Thread added: 0x000001b0b6cd5430
Event: 0.584 Thread 0x000001b0b6d340f0 Thread exited: 0x000001b0b6d340f0
Event: 0.626 Thread 0x000001b0b6cd5900 Thread added: 0x000001b0b6cd5900
Event: 0.627 Thread 0x000001b0b6cd45c0 Thread added: 0x000001b0b6cd45c0
Event: 0.652 Loaded shared library C:\Program Files\Java\jdk-18.0.1.1\bin\jimage.dll
Event: 0.789 Loaded shared library C:\Users\User\.openjfx\cache\17-ea\javafx_font.dll
Event: 1.211 Thread 0x000001b0b6cd5dd0 Thread added: 0x000001b0b6cd5dd0
Event: 1.356 Thread 0x000001b0b6cd62a0 Thread added: 0x000001b0b6cd62a0
Event: 1.612 Thread 0x000001b0b6d328b0 Thread exited: 0x000001b0b6d328b0
Event: 7.224 Thread 0x000001b0b6cd2db0 Thread added: 0x000001b0b6cd2db0
Event: 7.268 Thread 0x000001b0b70999c0 Thread added: 0x000001b0b70999c0
Event: 7.568 Thread 0x000001b0b70999c0 Thread exited: 0x000001b0b70999c0
Event: 11.021 Thread 0x000001b0bc3adad0 Thread added: 0x000001b0bc3adad0
Event: 11.702 Thread 0x000001b0bc3adad0 Thread exited: 0x000001b0bc3adad0
Event: 298.846 Thread 0x000001b0b6cd3280 Thread added: 0x000001b0b6cd3280
Event: 298.847 Thread 0x000001b0bc0f6370 Thread added: 0x000001b0bc0f6370
Event: 298.847 Thread 0x000001b0bc0f1b40 Thread added: 0x000001b0bc0f1b40
Event: 298.847 Thread 0x000001b0bc0f6370 Thread exited: 0x000001b0bc0f6370
Event: 298.848 Thread 0x000001b0bc0f1b40 Thread exited: 0x000001b0bc0f1b40


Dynamic libraries:
0x00007ff6db280000 - 0x00007ff6db290000 	C:\Program Files\Java\jdk-18.0.1.1\bin\java.exe
0x00007ffed9940000 - 0x00007ffed9b49000 	C:\WINDOWS\SYSTEM32\ntdll.dll
0x00007ffed8570000 - 0x00007ffed862d000 	C:\WINDOWS\System32\KERNEL32.DLL
0x00007ffed7100000 - 0x00007ffed7479000 	C:\WINDOWS\System32\KERNELBASE.dll
0x00007ffed6fe0000 - 0x00007ffed70f1000 	C:\WINDOWS\System32\ucrtbase.dll
0x00007ffed3310000 - 0x00007ffed3328000 	C:\Program Files\Java\jdk-18.0.1.1\bin\jli.dll
0x00007ffed32e0000 - 0x00007ffed32fa000 	C:\Program Files\Java\jdk-18.0.1.1\bin\VCRUNTIME140.dll
0x00007ffed91b0000 - 0x00007ffed925e000 	C:\WINDOWS\System32\ADVAPI32.dll
0x00007ffed8220000 - 0x00007ffed82c3000 	C:\WINDOWS\System32\msvcrt.dll
0x00007ffed79d0000 - 0x00007ffed7a6e000 	C:\WINDOWS\System32\sechost.dll
0x00007ffed77d0000 - 0x00007ffed78f0000 	C:\WINDOWS\System32\RPCRT4.dll
0x00007ffed83b0000 - 0x00007ffed855c000 	C:\WINDOWS\System32\USER32.dll
0x00007ffebf640000 - 0x00007ffebf8e5000 	C:\WINDOWS\WinSxS\amd64_microsoft.windows.common-controls_6595b64144ccf1df_6.0.22000.120_none_9d947278b86cc467\COMCTL32.dll
0x00007ffed6e20000 - 0x00007ffed6e46000 	C:\WINDOWS\System32\win32u.dll
0x00007ffed8630000 - 0x00007ffed8659000 	C:\WINDOWS\System32\GDI32.dll
0x00007ffed6ec0000 - 0x00007ffed6fd2000 	C:\WINDOWS\System32\gdi32full.dll
0x00007ffed7500000 - 0x00007ffed759d000 	C:\WINDOWS\System32\msvcp_win.dll
0x00007ffed0480000 - 0x00007ffed048a000 	C:\WINDOWS\SYSTEM32\VERSION.dll
0x00007ffed8350000 - 0x00007ffed8381000 	C:\WINDOWS\System32\IMM32.DLL
0x00007ffed32d0000 - 0x00007ffed32dc000 	C:\Program Files\Java\jdk-18.0.1.1\bin\vcruntime140_1.dll
0x00007ffeaa050000 - 0x00007ffeaa0dd000 	C:\Program Files\Java\jdk-18.0.1.1\bin\msvcp140.dll
0x00007ffe55570000 - 0x00007ffe56180000 	C:\Program Files\Java\jdk-18.0.1.1\bin\server\jvm.dll
0x00007ffed8660000 - 0x00007ffed8668000 	C:\WINDOWS\System32\PSAPI.DLL
0x00007ffeb8990000 - 0x00007ffeb8999000 	C:\WINDOWS\SYSTEM32\WSOCK32.dll
0x00007ffed9890000 - 0x00007ffed98ff000 	C:\WINDOWS\System32\WS2_32.dll
0x00007ffeb8910000 - 0x00007ffeb8943000 	C:\WINDOWS\SYSTEM32\WINMM.dll
0x00007ffed5fe0000 - 0x00007ffed5ff8000 	C:\WINDOWS\SYSTEM32\kernel.appcore.dll
0x00007ffed32c0000 - 0x00007ffed32ca000 	C:\Program Files\Java\jdk-18.0.1.1\bin\jimage.dll
0x00007ffed48f0000 - 0x00007ffed4b11000 	C:\WINDOWS\SYSTEM32\DBGHELP.DLL
0x00007ffec6970000 - 0x00007ffec69a1000 	C:\WINDOWS\SYSTEM32\dbgcore.DLL
0x00007ffed7480000 - 0x00007ffed74ff000 	C:\WINDOWS\System32\bcryptPrimitives.dll
0x00007ffebdfa0000 - 0x00007ffebdfae000 	C:\Program Files\Java\jdk-18.0.1.1\bin\instrument.dll
0x00007ffeaa020000 - 0x00007ffeaa045000 	C:\Program Files\Java\jdk-18.0.1.1\bin\java.dll
0x00007ffea9e70000 - 0x00007ffea9f46000 	C:\Program Files\Java\jdk-18.0.1.1\bin\jsvml.dll
0x00007ffed8670000 - 0x00007ffed8e28000 	C:\WINDOWS\System32\SHELL32.dll
0x00007ffed4f60000 - 0x00007ffed57c8000 	C:\WINDOWS\SYSTEM32\windows.storage.dll
0x00007ffed8e30000 - 0x00007ffed91a9000 	C:\WINDOWS\System32\combase.dll
0x00007ffed4df0000 - 0x00007ffed4f56000 	C:\WINDOWS\SYSTEM32\wintypes.dll
0x00007ffed80c0000 - 0x00007ffed81aa000 	C:\WINDOWS\System32\SHCORE.dll
0x00007ffed7b60000 - 0x00007ffed7bbd000 	C:\WINDOWS\System32\shlwapi.dll
0x00007ffed6d50000 - 0x00007ffed6d71000 	C:\WINDOWS\SYSTEM32\profapi.dll
0x00007ffeb0fa0000 - 0x00007ffeb0fb3000 	C:\Program Files\Java\jdk-18.0.1.1\bin\net.dll
0x00007ffed1820000 - 0x00007ffed192c000 	C:\WINDOWS\SYSTEM32\WINHTTP.dll
0x00007ffed6440000 - 0x00007ffed64a7000 	C:\WINDOWS\system32\mswsock.dll
0x00007ffeaa000000 - 0x00007ffeaa016000 	C:\Program Files\Java\jdk-18.0.1.1\bin\nio.dll
0x00007ffea9fe0000 - 0x00007ffea9ff8000 	C:\Program Files\Java\jdk-18.0.1.1\bin\zip.dll
0x00007ffea9fc0000 - 0x00007ffea9fda000 	C:\Users\User\AppData\Local\JetBrains\IntelliJ IDEA Community Edition 2021.2.2\bin\breakgen64.dll
0x000001b08fb90000 - 0x000001b08fb93000 	C:\Users\User\.openjfx\cache\17-ea\api-ms-win-core-console-l1-1-0.dll
0x000001b0b2a20000 - 0x000001b0b2a23000 	C:\Users\User\.openjfx\cache\17-ea\api-ms-win-core-console-l1-2-0.dll
0x000001b0b2a30000 - 0x000001b0b2a33000 	C:\Users\User\.openjfx\cache\17-ea\api-ms-win-core-datetime-l1-1-0.dll
0x000001b0b2a40000 - 0x000001b0b2a43000 	C:\Users\User\.openjfx\cache\17-ea\api-ms-win-core-debug-l1-1-0.dll
0x000001b0b2a50000 - 0x000001b0b2a53000 	C:\Users\User\.openjfx\cache\17-ea\api-ms-win-core-errorhandling-l1-1-0.dll
0x000001b0b2a60000 - 0x000001b0b2a64000 	C:\Users\User\.openjfx\cache\17-ea\api-ms-win-core-file-l1-1-0.dll
0x000001b0b2a70000 - 0x000001b0b2a73000 	C:\Users\User\.openjfx\cache\17-ea\api-ms-win-core-file-l1-2-0.dll
0x000001b0b2a80000 - 0x000001b0b2a83000 	C:\Users\User\.openjfx\cache\17-ea\api-ms-win-core-file-l2-1-0.dll
0x000001b0b2a90000 - 0x000001b0b2a93000 	C:\Users\User\.openjfx\cache\17-ea\api-ms-win-core-handle-l1-1-0.dll
0x000001b0b2aa0000 - 0x000001b0b2aa3000 	C:\Users\User\.openjfx\cache\17-ea\api-ms-win-core-heap-l1-1-0.dll
0x000001b0b2ab0000 - 0x000001b0b2ab3000 	C:\Users\User\.openjfx\cache\17-ea\api-ms-win-core-interlocked-l1-1-0.dll
0x000001b0b2ac0000 - 0x000001b0b2ac3000 	C:\Users\User\.openjfx\cache\17-ea\api-ms-win-core-libraryloader-l1-1-0.dll
0x000001b0b2ad0000 - 0x000001b0b2ad3000 	C:\Users\User\.openjfx\cache\17-ea\api-ms-win-core-localization-l1-2-0.dll
0x000001b0b2ae0000 - 0x000001b0b2ae3000 	C:\Users\User\.openjfx\cache\17-ea\api-ms-win-core-memory-l1-1-0.dll
0x000001b0b2af0000 - 0x000001b0b2af3000 	C:\Users\User\.openjfx\cache\17-ea\api-ms-win-core-namedpipe-l1-1-0.dll
0x000001b0b2b00000 - 0x000001b0b2b03000 	C:\Users\User\.openjfx\cache\17-ea\api-ms-win-core-processenvironment-l1-1-0.dll
0x000001b0b2b10000 - 0x000001b0b2b13000 	C:\Users\User\.openjfx\cache\17-ea\api-ms-win-core-processthreads-l1-1-0.dll
0x000001b0b2b20000 - 0x000001b0b2b23000 	C:\Users\User\.openjfx\cache\17-ea\api-ms-win-core-processthreads-l1-1-1.dll
0x000001b0b2b30000 - 0x000001b0b2b33000 	C:\Users\User\.openjfx\cache\17-ea\api-ms-win-core-profile-l1-1-0.dll
0x000001b0b2b40000 - 0x000001b0b2b43000 	C:\Users\User\.openjfx\cache\17-ea\api-ms-win-core-rtlsupport-l1-1-0.dll
0x000001b0b2b50000 - 0x000001b0b2b53000 	C:\Users\User\.openjfx\cache\17-ea\api-ms-win-core-string-l1-1-0.dll
0x000001b0b2b60000 - 0x000001b0b2b63000 	C:\Users\User\.openjfx\cache\17-ea\api-ms-win-core-synch-l1-1-0.dll
0x000001b0b2b70000 - 0x000001b0b2b73000 	C:\Users\User\.openjfx\cache\17-ea\api-ms-win-core-synch-l1-2-0.dll
0x000001b0b2b80000 - 0x000001b0b2b83000 	C:\Users\User\.openjfx\cache\17-ea\api-ms-win-core-sysinfo-l1-1-0.dll
0x000001b0b2b90000 - 0x000001b0b2b93000 	C:\Users\User\.openjfx\cache\17-ea\api-ms-win-core-timezone-l1-1-0.dll
0x000001b0b2ba0000 - 0x000001b0b2ba3000 	C:\Users\User\.openjfx\cache\17-ea\api-ms-win-core-util-l1-1-0.dll
0x000001b0b2bb0000 - 0x000001b0b2bb3000 	C:\Users\User\.openjfx\cache\17-ea\api-ms-win-crt-conio-l1-1-0.dll
0x000001b0b2bc0000 - 0x000001b0b2bc4000 	C:\Users\User\.openjfx\cache\17-ea\api-ms-win-crt-convert-l1-1-0.dll
0x000001b0b2bd0000 - 0x000001b0b2bd3000 	C:\Users\User\.openjfx\cache\17-ea\api-ms-win-crt-environment-l1-1-0.dll
0x000001b0b2be0000 - 0x000001b0b2be3000 	C:\Users\User\.openjfx\cache\17-ea\api-ms-win-crt-filesystem-l1-1-0.dll
0x000001b0b2bf0000 - 0x000001b0b2bf3000 	C:\Users\User\.openjfx\cache\17-ea\api-ms-win-crt-heap-l1-1-0.dll
0x000001b0b7800000 - 0x000001b0b7803000 	C:\Users\User\.openjfx\cache\17-ea\api-ms-win-crt-locale-l1-1-0.dll
0x000001b0b7810000 - 0x000001b0b7815000 	C:\Users\User\.openjfx\cache\17-ea\api-ms-win-crt-math-l1-1-0.dll
0x000001b0b7820000 - 0x000001b0b7825000 	C:\Users\User\.openjfx\cache\17-ea\api-ms-win-crt-multibyte-l1-1-0.dll
0x000001b0b7830000 - 0x000001b0b7840000 	C:\Users\User\.openjfx\cache\17-ea\api-ms-win-crt-private-l1-1-0.dll
0x000001b0b7840000 - 0x000001b0b7843000 	C:\Users\User\.openjfx\cache\17-ea\api-ms-win-crt-process-l1-1-0.dll
0x000001b0b7850000 - 0x000001b0b7854000 	C:\Users\User\.openjfx\cache\17-ea\api-ms-win-crt-runtime-l1-1-0.dll
0x000001b0b7860000 - 0x000001b0b7864000 	C:\Users\User\.openjfx\cache\17-ea\api-ms-win-crt-stdio-l1-1-0.dll
0x000001b0b7870000 - 0x000001b0b7874000 	C:\Users\User\.openjfx\cache\17-ea\api-ms-win-crt-string-l1-1-0.dll
0x000001b0b7880000 - 0x000001b0b7883000 	C:\Users\User\.openjfx\cache\17-ea\api-ms-win-crt-time-l1-1-0.dll
0x000001b0b7890000 - 0x000001b0b7893000 	C:\Users\User\.openjfx\cache\17-ea\api-ms-win-crt-utility-l1-1-0.dll
0x00007ffea0720000 - 0x00007ffea081c000 	C:\Users\User\.openjfx\cache\17-ea\ucrtbase.dll
0x00007ffea9d20000 - 0x00007ffea9d3a000 	C:\Users\User\.openjfx\cache\17-ea\vcruntime140.dll
0x00007ffea9da0000 - 0x00007ffea9dac000 	C:\Users\User\.openjfx\cache\17-ea\vcruntime140_1.dll
0x00007ffea0500000 - 0x00007ffea058d000 	C:\Users\User\.openjfx\cache\17-ea\msvcp140.dll
0x00007ffea9ac0000 - 0x00007ffea9ae7000 	C:\Users\User\.openjfx\cache\17-ea\prism_d3d.dll
0x00007ffec6660000 - 0x00007ffec6806000 	C:\WINDOWS\system32\d3d9.dll
0x00007ffed44d0000 - 0x00007ffed44ff000 	C:\WINDOWS\SYSTEM32\dwmapi.dll
0x00007ffed4240000 - 0x00007ffed4278000 	C:\WINDOWS\SYSTEM32\dxcore.dll
0x00007ffed4160000 - 0x00007ffed420c000 	C:\WINDOWS\system32\uxtheme.dll
0x00007ffe94f30000 - 0x00007ffe95093000 	C:\Windows\System32\DriverStore\FileRepository\iigd_dch.inf_amd64_a447fbb12ee262cf\igdumdim64.dll
0x00007ffed7f20000 - 0x00007ffed80ba000 	C:\WINDOWS\System32\ole32.dll
0x00007ffe56180000 - 0x00007ffe5a905000 	C:\Windows\System32\DriverStore\FileRepository\iigd_dch.inf_amd64_a447fbb12ee262cf\igd9dxva64.dll
0x00007ffed78f0000 - 0x00007ffed79c6000 	C:\WINDOWS\System32\OLEAUT32.dll
0x00007ffed9260000 - 0x00007ffed96cc000 	C:\WINDOWS\System32\SETUPAPI.dll
0x00007ffed6b20000 - 0x00007ffed6b6c000 	C:\WINDOWS\SYSTEM32\cfgmgr32.dll
0x00007ffeca5d0000 - 0x00007ffeca851000 	C:\Windows\System32\DriverStore\FileRepository\iigd_dch.inf_amd64_a447fbb12ee262cf\igdgmm64.dll
0x00007ffecf420000 - 0x00007ffecf464000 	C:\WINDOWS\SYSTEM32\directxdatabasehelper.dll
0x00007ffed4390000 - 0x00007ffed43c4000 	C:\WINDOWS\SYSTEM32\ntmarta.dll
0x00007ffea03c0000 - 0x00007ffea0402000 	C:\Users\User\.openjfx\cache\17-ea\glass.dll
0x00007ffed7a70000 - 0x00007ffed7b5c000 	C:\WINDOWS\System32\COMDLG32.dll
0x00007ffed7be0000 - 0x00007ffed7cfe000 	C:\WINDOWS\System32\MSCTF.dll
0x00007ffe8e860000 - 0x00007ffe8e887000 	C:\Windows\System32\DriverStore\FileRepository\iigd_dch.inf_amd64_a447fbb12ee262cf\igdinfo64.dll
0x00007ffec70a0000 - 0x00007ffec9ee4000 	C:\Windows\System32\DriverStore\FileRepository\iigd_dch.inf_amd64_a447fbb12ee262cf\igc64.dll
0x00007ffea9ce0000 - 0x00007ffea9cf4000 	C:\Users\User\.openjfx\cache\17-ea\javafx_font.dll
0x00007ffec1f00000 - 0x00007ffec215f000 	C:\WINDOWS\SYSTEM32\dwrite.dll
0x00007ffed97e0000 - 0x00007ffed988f000 	C:\WINDOWS\System32\clbcatq.dll
0x00007ffecdcd0000 - 0x00007ffecde7e000 	C:\WINDOWS\SYSTEM32\WindowsCodecs.dll
0x00007ffea5ca0000 - 0x00007ffea5cfd000 	C:\WINDOWS\system32\dataexchange.dll
0x00007ffeccef0000 - 0x00007ffecd156000 	C:\WINDOWS\system32\twinapi.appcore.dll
0x00007ffea93e0000 - 0x00007ffea9412000 	C:\Program Files\Common Files\Microsoft Shared\Ink\rtscom.dll
0x00007ffec1050000 - 0x00007ffec117d000 	C:\WINDOWS\SYSTEM32\textinputframework.dll
0x00007ffed3ca0000 - 0x00007ffed3dd2000 	C:\WINDOWS\SYSTEM32\CoreMessaging.dll
0x00007ffecea00000 - 0x00007ffeced6d000 	C:\WINDOWS\SYSTEM32\CoreUIComponents.dll
0x00007ffed6680000 - 0x00007ffed668c000 	C:\WINDOWS\SYSTEM32\CRYPTBASE.DLL
0x00007ffed5b30000 - 0x00007ffed5c18000 	C:\WINDOWS\SYSTEM32\DNSAPI.dll
0x00007ffed5b00000 - 0x00007ffed5b2d000 	C:\WINDOWS\SYSTEM32\IPHLPAPI.DLL
0x00007ffed8560000 - 0x00007ffed8569000 	C:\WINDOWS\System32\NSI.dll
0x000000005b320000 - 0x000000005b355000 	C:\Program Files\Bonjour\mdnsNSP.dll
0x00007ffed0290000 - 0x00007ffed029a000 	C:\Windows\System32\rasadhlp.dll
0x00007ffed07a0000 - 0x00007ffed0821000 	C:\WINDOWS\System32\fwpuclnt.dll

dbghelp: loaded successfully - version: 4.0.5 - missing functions: none
symbol engine: initialized successfully - sym options: 0x614 - pdb path: .;C:\Program Files\Java\jdk-18.0.1.1\bin;C:\WINDOWS\SYSTEM32;C:\WINDOWS\WinSxS\amd64_microsoft.windows.common-controls_6595b64144ccf1df_6.0.22000.120_none_9d947278b86cc467;C:\Program Files\Java\jdk-18.0.1.1\bin\server;C:\Users\User\AppData\Local\JetBrains\IntelliJ IDEA Community Edition 2021.2.2\bin;C:\Users\User\.openjfx\cache\17-ea;C:\Windows\System32\DriverStore\FileRepository\iigd_dch.inf_amd64_a447fbb12ee262cf;C:\Program Files\Common Files\Microsoft Shared\Ink;C:\Program Files\Bonjour

VM Arguments:
jvm_args: -javaagent:C:\Users\User\AppData\Local\JetBrains\IntelliJ IDEA Community Edition 2021.2.2\lib\idea_rt.jar=50758:C:\Users\User\AppData\Local\JetBrains\IntelliJ IDEA Community Edition 2021.2.2\bin -Dfile.encoding=UTF-8 --module-path=C:\Users\User\IdeaProjects\client-server app\target\classes;C:\Users\User\.m2\repository\org\openjfx\javafx-media\17-ea+11\javafx-media-17-ea+11-win.jar;C:\Users\User\.m2\repository\org\openjfx\javafx-controls\17-ea+11\javafx-controls-17-ea+11-win.jar;C:\Users\User\.m2\repository\org\kordamp\ikonli\ikonli-core\12.2.0\ikonli-core-12.2.0.jar;C:\Users\User\.m2\repository\org\kordamp\bootstrapfx\bootstrapfx-core\0.4.0\bootstrapfx-core-0.4.0.jar;C:\Users\User\.m2\repository\org\openjfx\javafx-base\17-ea+11\javafx-base-17-ea+11-win.jar;C:\Users\User\.m2\repository\org\controlsfx\controlsfx\11.1.0\controlsfx-11.1.0.jar;C:\Users\User\.m2\repository\net\synedra\validatorfx\0.1.13\validatorfx-0.1.13.jar;C:\Users\User\Desktop\mysql-connector-java-8.0.29\mysql-connector-java-8.0.29.jar;C:\Users\User\.m2\repository\org\openjfx\javafx-fxml\17-ea+11\javafx-fxml-17-ea+11-win.jar;C:\Users\User\.m2\repository\org\openjfx\javafx-web\17-ea+11\javafx-web-17-ea+11-win.jar;C:\Users\User\.m2\repository\eu\hansolo\tilesfx\11.48\tilesfx-11.48.jar;C:\Users\User\.m2\repository\org\openjfx\javafx-graphics\17-ea+11\javafx-graphics-17-ea+11-win.jar;C:\Users\User\.m2\repository\org\kordamp\ikonli\ikonli-javafx\12.2.0\ikonli-javafx-12.2.0.jar;C:\Users\User\.m2\repository\com\dlsc\formsfx\formsfx-core\11.3.2\formsfx-core-11.3.2.jar -Djdk.module.main=com.example.clientserver 
java_command: com.example.clientserver/com.example.clientserver.Main
java_class_path (initial): C:\Users\User\.m2\repository\org\openjfx\javafx-controls\17-ea+11\javafx-controls-17-ea+11.jar;C:\Users\User\.m2\repository\org\openjfx\javafx-graphics\17-ea+11\javafx-graphics-17-ea+11.jar;C:\Users\User\.m2\repository\org\openjfx\javafx-base\17-ea+11\javafx-base-17-ea+11.jar;C:\Users\User\.m2\repository\org\openjfx\javafx-fxml\17-ea+11\javafx-fxml-17-ea+11.jar;C:\Users\User\.m2\repository\org\openjfx\javafx-web\17-ea+11\javafx-web-17-ea+11.jar;C:\Users\User\.m2\repository\org\openjfx\javafx-media\17-ea+11\javafx-media-17-ea+11.jar
Launcher Type: SUN_STANDARD

[Global flags]
     intx CICompilerCount                          = 4                                         {product} {ergonomic}
     uint ConcGCThreads                            = 2                                         {product} {ergonomic}
     uint G1ConcRefinementThreads                  = 8                                         {product} {ergonomic}
   size_t G1HeapRegionSize                         = 2097152                                   {product} {ergonomic}
    uintx GCDrainStackTargetSize                   = 64                                        {product} {ergonomic}
   size_t InitialHeapSize                          = 266338304                                 {product} {ergonomic}
   size_t MarkStackSize                            = 4194304                                   {product} {ergonomic}
   size_t MaxHeapSize                              = 4240441344                                {product} {ergonomic}
   size_t MaxNewSize                               = 2543845376                                {product} {ergonomic}
   size_t MinHeapDeltaBytes                        = 2097152                                   {product} {ergonomic}
   size_t MinHeapSize                              = 8388608                                   {product} {ergonomic}
    uintx NonNMethodCodeHeapSize                   = 5839372                                {pd product} {ergonomic}
    uintx NonProfiledCodeHeapSize                  = 122909434                              {pd product} {ergonomic}
    uintx ProfiledCodeHeapSize                     = 122909434                              {pd product} {ergonomic}
    uintx ReservedCodeCacheSize                    = 251658240                              {pd product} {ergonomic}
     bool SegmentedCodeCache                       = true                                      {product} {ergonomic}
   size_t SoftMaxHeapSize                          = 4240441344                             {manageable} {ergonomic}
     bool UseCompressedClassPointers               = true                           {product lp64_product} {ergonomic}
     bool UseCompressedOops                        = true                           {product lp64_product} {ergonomic}
     bool UseG1GC                                  = true                                      {product} {ergonomic}
     bool UseLargePagesIndividualAllocation        = false                                  {pd product} {ergonomic}

Logging:
Log output configuration:
 #0: stdout all=off uptime,level,tags foldmultilines=false
 #1: stderr all=off uptime,level,tags foldmultilines=false

Environment Variables:
PATH=C:\Program Files\Common Files\Oracle\Java\javapath;C:\Program Files (x86)\Common Files\Oracle\Java\javapath;C:\Program Files\Eclipse Foundation\jdk-8.0.302.8-hotspot\bin;C:\Program Files\Eclipse Foundation\jdk-16.0.2.7-hotspot\bin;C:\WINDOWS\system32;C:\WINDOWS;C:\WINDOWS\System32\Wbem;C:\WINDOWS\System32\WindowsPowerShell\v1.0\;C:\WINDOWS\System32\OpenSSH\;C:\Program Files\Microsoft SQL Server\120\Tools\Binn\;C:\Program Files\Common Files\Autodesk Shared\;C:\Program Files\Git\cmd;C:\Program Files\Docker\Docker\resources\bin;C:\ProgramData\DockerDesktop\version-bin;C:\Program Files (x86)\dotnet\;C:\Program Files\MySQL\MySQL Shell 8.0\bin\;C:\Users\User\AppData\Local\Programs\Python\Python39\Scripts\;C:\Users\User\AppData\Local\Programs\Python\Python39\;C:\Users\User\AppData\Local\Microsoft\WindowsApps;C:\Users\User\AppData\Local\Microsoft\WindowsApps;D:\Microsoft VS Code\bin;D:\PyCharm 2021.2.2\bin;;D:\IntelliJ IDEA 2021.2\bin;;C:\Users\User\AppData\Local\JetBrains\IntelliJ IDEA Community Edition 2021.2.2\bin;;D:\PyCharm Community Edition 2021.3.2\bin;;C:\Users\User\AppData\Local\GitHubDesktop\bin;
USERNAME=User
OS=Windows_NT
PROCESSOR_IDENTIFIER=Intel64 Family 6 Model 126 Stepping 5, GenuineIntel



---------------  S Y S T E M  ---------------

OS:
 Windows 11 , 64 bit Build 22000 (10.0.22000.708)
OS uptime: 0 days 9:06 hours
Hyper-V role detected

CPU: total 8 (initial active 8) (4 cores per cpu, 2 threads per core) family 6 model 126 stepping 5 microcode 0xa0, cx8, cmov, fxsr, ht, mmx, 3dnowpref, sse, sse2, sse3, ssse3, sse4.1, sse4.2, popcnt, lzcnt, tsc, tscinvbit, avx, avx2, aes, erms, clmul, bmi1, bmi2, adx, avx512f, avx512dq, avx512cd, avx512bw, avx512vl, sha, fma, vzeroupper, avx512_vpopcntdq, avx512_vpclmulqdq, avx512_vaes, avx512_vnni, clflush, clflushopt, avx512_vbmi2, avx512_vbmi, hv

Memory: 4k page, system-wide physical 16174M (6791M free)
TotalPageFile size 17856M (AvailPageFile size 2376M)
current process WorkingSet (physical memory assigned to process): 169M, peak: 181M
current process commit charge ("private bytes"): 415M, peak: 426M

vm_info: Java HotSpot(TM) 64-Bit Server VM (18.0.1.1+2-6) for windows-amd64 JRE (18.0.1.1+2-6), built on Apr 25 2022 21:53:15 by "mach5one" with MS VC++ 16.8 / 16.9 (VS2019)

END.
