#
# A fatal error has been detected by the Java Runtime Environment:
#
#  EXCEPTION_ACCESS_VIOLATION (0xc0000005) at pc=0x00007ffea03e6a87, pid=16436, tid=3020
#
# JRE version: Java(TM) SE Runtime Environment (18.0.1.1+2) (build 18.0.1.1+2-6)
# Java VM: Java HotSpot(TM) 64-Bit Server VM (18.0.1.1+2-6, mixed mode, sharing, tiered, compressed oops, compressed class ptrs, g1 gc, windows-amd64)
# Problematic frame:
# C  [glass.dll+0x26a87]
#
# No core dump will be written. Minidumps are not enabled by default on client versions of Windows
#
# If you would like to submit a bug report, please visit:
#   https://bugreport.java.com/bugreport/crash.jsp
#

---------------  S U M M A R Y ------------

Command Line: -javaagent:C:\Users\User\AppData\Local\JetBrains\IntelliJ IDEA Community Edition 2021.2.2\lib\idea_rt.jar=50729:C:\Users\User\AppData\Local\JetBrains\IntelliJ IDEA Community Edition 2021.2.2\bin -Dfile.encoding=UTF-8 --module-path=C:\Users\User\IdeaProjects\client-server app\target\classes;C:\Users\User\.m2\repository\org\openjfx\javafx-media\17-ea+11\javafx-media-17-ea+11-win.jar;C:\Users\User\.m2\repository\org\openjfx\javafx-controls\17-ea+11\javafx-controls-17-ea+11-win.jar;C:\Users\User\.m2\repository\org\kordamp\ikonli\ikonli-core\12.2.0\ikonli-core-12.2.0.jar;C:\Users\User\.m2\repository\org\kordamp\bootstrapfx\bootstrapfx-core\0.4.0\bootstrapfx-core-0.4.0.jar;C:\Users\User\.m2\repository\org\openjfx\javafx-base\17-ea+11\javafx-base-17-ea+11-win.jar;C:\Users\User\.m2\repository\org\controlsfx\controlsfx\11.1.0\controlsfx-11.1.0.jar;C:\Users\User\.m2\repository\net\synedra\validatorfx\0.1.13\validatorfx-0.1.13.jar;C:\Users\User\Desktop\mysql-connector-java-8.0.29\mysql-connector-java-8.0.29.jar;C:\Users\User\.m2\repository\org\openjfx\javafx-fxml\17-ea+11\javafx-fxml-17-ea+11-win.jar;C:\Users\User\.m2\repository\org\openjfx\javafx-web\17-ea+11\javafx-web-17-ea+11-win.jar;C:\Users\User\.m2\repository\eu\hansolo\tilesfx\11.48\tilesfx-11.48.jar;C:\Users\User\.m2\repository\org\openjfx\javafx-graphics\17-ea+11\javafx-graphics-17-ea+11-win.jar;C:\Users\User\.m2\repository\org\kordamp\ikonli\ikonli-javafx\12.2.0\ikonli-javafx-12.2.0.jar;C:\Users\User\.m2\repository\com\dlsc\formsfx\formsfx-core\11.3.2\formsfx-core-11.3.2.jar -Djdk.module.main=com.example.clientserver com.example.clientserver/com.example.clientserver.Main

Host: Intel(R) Core(TM) i7-1065G7 CPU @ 1.30GHz, 8 cores, 15G,  Windows 11 , 64 bit Build 22000 (10.0.22000.708)
Time: Mon Jul 11 01:36:14 2022 RTZ 2 (s 11 , 64 bit Build 22000 (10.0.22000.708) elapsed time: 57.313707 seconds (0d 0h 0m 57s)

---------------  T H R E A D  ---------------

Current thread (0x00000199bb3d0e40):  VMThread "VM Thread" [stack: 0x0000001653500000,0x0000001653600000] [id=3020]

Stack: [0x0000001653500000,0x0000001653600000],  sp=0x00000016535ff050,  free space=1020k
Native frames: (J=compiled Java code, j=interpreted, Vv=VM code, C=native code)
C  [glass.dll+0x26a87]


siginfo: EXCEPTION_ACCESS_VIOLATION (0xc0000005), reading address 0x0000000000000000


Register to memory mapping:

RIP=0x00007ffea03e6a87 glass.dll
RAX=0x0 is NULL
RBX=0x00000199bb3d6ef0 is a global jni handle
RCX=0x00000199bb3d0e40 points into unknown readable memory: 0x00007ffe55f1d938 | 38 d9 f1 55 fe 7f 00 00
RDX=0x00000016535ff050 points into unknown readable memory: 0x0000000000000000 | 00 00 00 00 00 00 00 00
RSP=0x00000016535ff050 points into unknown readable memory: 0x0000000000000000 | 00 00 00 00 00 00 00 00
RBP=0x00000199c01af428 points into unknown readable memory: 0x0000907a552831dc | dc 31 28 55 7a 90 00 00
RSI=0x00000199c01af400 points into unknown readable memory: 0xea03739c95283623 | 23 36 28 95 9c 73 03 ea
RDI=0x0000907a552831dc is an unknown value
R8 =0x0000000000010002 is an unknown value
R9 =0x0000907a552831dc is an unknown value
R10=0x85f13e9656da4870 is an unknown value
R11=0x00000016535fefe0 points into unknown readable memory: 0x00000199c01af400 | 00 f4 1a c0 99 01 00 00
R12=0x00007ffea03e4354 glass.dll
R13=0x00007ffe560dfbc0 jvm.dll
R14=0x00000016535ff158 points into unknown readable memory: 0x00000016535ff140 | 40 f1 5f 53 16 00 00 00
R15=0x00000199c01af400 points into unknown readable memory: 0xea03739c95283623 | 23 36 28 95 9c 73 03 ea


Registers:
RAX=0x0000000000000000, RBX=0x00000199bb3d6ef0, RCX=0x00000199bb3d0e40, RDX=0x00000016535ff050
RSP=0x00000016535ff050, RBP=0x00000199c01af428, RSI=0x00000199c01af400, RDI=0x0000907a552831dc
R8 =0x0000000000010002, R9 =0x0000907a552831dc, R10=0x85f13e9656da4870, R11=0x00000016535fefe0
R12=0x00007ffea03e4354, R13=0x00007ffe560dfbc0, R14=0x00000016535ff158, R15=0x00000199c01af400
RIP=0x00007ffea03e6a87, EFLAGS=0x0000000000010206

Top of Stack: (sp=0x00000016535ff050)
0x00000016535ff050:   0000000000000000 00000199c01af400
0x00000016535ff060:   00007ffe560dfbc0 00007ffea03e4354
0x00000016535ff070:   00000199c01af408 00007ffed6ffbea0
0x00000016535ff080:   0000907a552831dc 0000019900000000
0x00000016535ff090:   00000199c01af428 00000199c01af400
0x00000016535ff0a0:   fffffffffffffffe 0000000000000000
0x00000016535ff0b0:   0000000000000001 00007ffea03c0000
0x00000016535ff0c0:   00000016535ff148 00007ffed6ffbdb7
0x00000016535ff0d0:   0000000000000000 00000016535ff158
0x00000016535ff0e0:   00000016535ff430 00007ffed70e12b0
0x00000016535ff0f0:   0000000000000001 00007ffed6ffbd6d
0x00000016535ff100:   0000000000000000 0000000000000001
0x00000016535ff110:   0000000000000000 00000016535ff148
0x00000016535ff120:   fffffffffffffffe 00000016535ff400
0x00000016535ff130:   0000000000000000 00007ffea03e41e1
0x00000016535ff140:   00007ffea03fa138 00007ffe00000002 

Instructions: (pc=0x00007ffea03e6a87)
0x00007ffea03e6987:   8b 4d 58 e8 01 cf ff ff 48 8b 4d 60 e8 f8 ce ff
0x00007ffea03e6997:   ff 48 8b 95 80 00 00 00 48 8b 8d 18 01 00 00 e8
0x00007ffea03e69a7:   c6 c3 ff ff 33 d2 33 c9 e8 3c e1 ff ff 90 48 89
0x00007ffea03e69b7:   54 24 10 55 48 83 ec 20 48 8b ea 48 b8 00 00 00
0x00007ffea03e69c7:   00 00 00 00 00 48 83 c4 20 5d c3 cc 40 55 48 8b
0x00007ffea03e69d7:   ea 48 8b 01 33 c9 81 38 05 00 00 c0 0f 94 c1 8b
0x00007ffea03e69e7:   c1 5d c3 cc 40 55 48 83 ec 20 48 8b ea 8a 4d 40
0x00007ffea03e69f7:   48 83 c4 20 5d e9 f7 d2 ff ff cc 40 55 48 83 ec
0x00007ffea03e6a07:   20 48 8b ea 8a 4d 20 e8 e5 d2 ff ff 90 48 83 c4
0x00007ffea03e6a17:   20 5d c3 cc 40 55 48 83 ec 20 48 8b ea 48 83 c4
0x00007ffea03e6a27:   20 5d e9 46 d1 ff ff cc 40 55 48 83 ec 30 48 8b
0x00007ffea03e6a37:   ea 48 8b 01 8b 10 48 89 4c 24 28 89 54 24 20 4c
0x00007ffea03e6a47:   8d 0d e7 d5 ff ff 4c 8b 45 70 8b 55 68 48 8b 4d
0x00007ffea03e6a57:   60 e8 87 d0 ff ff 90 48 83 c4 30 5d c3 cc cc cc
0x00007ffea03e6a67:   cc cc cc cc cc cc cc cc cc 40 53 48 83 ec 20 48
0x00007ffea03e6a77:   8b 1d b3 30 01 00 48 85 db 74 16 e8 09 8b ff ff
0x00007ffea03e6a87:   4c 8b 00 48 8b d3 48 8b c8 41 ff 90 b0 00 00 00
0x00007ffea03e6a97:   90 48 83 c4 20 5b c3 cc cc 40 53 48 83 ec 20 48
0x00007ffea03e6aa7:   8b 1d 2b 32 01 00 48 85 db 74 57 b8 ff ff ff ff
0x00007ffea03e6ab7:   f0 0f c1 43 10 83 f8 01 75 3d 48 85 db 74 38 48
0x00007ffea03e6ac7:   8b 0b 48 85 c9 74 0d ff 15 d4 07 00 00 48 c7 03
0x00007ffea03e6ad7:   00 00 00 00 48 8b 4b 08 48 85 c9 74 0d e8 a7 cd
0x00007ffea03e6ae7:   ff ff 48 c7 43 08 00 00 00 00 ba 18 00 00 00 48
0x00007ffea03e6af7:   8b cb e8 92 cd ff ff 48 c7 05 cf 31 01 00 00 00
0x00007ffea03e6b07:   00 00 48 83 c4 20 5b c3 cc 40 53 48 83 ec 20 48
0x00007ffea03e6b17:   8b 1d 9b 31 01 00 48 85 db 74 57 b8 ff ff ff ff
0x00007ffea03e6b27:   f0 0f c1 43 10 83 f8 01 75 3d 48 85 db 74 38 48
0x00007ffea03e6b37:   8b 0b 48 85 c9 74 0d ff 15 64 07 00 00 48 c7 03
0x00007ffea03e6b47:   00 00 00 00 48 8b 4b 08 48 85 c9 74 0d e8 37 cd
0x00007ffea03e6b57:   ff ff 48 c7 43 08 00 00 00 00 ba 18 00 00 00 48
0x00007ffea03e6b67:   8b cb e8 22 cd ff ff 48 c7 05 3f 31 01 00 00 00
0x00007ffea03e6b77:   00 00 48 83 c4 20 5b c3 cc 40 53 48 83 ec 20 48 


Stack slot to memory mapping:
stack at sp + 0 slots: 0x0 is NULL
stack at sp + 1 slots: 0x00000199c01af400 points into unknown readable memory: 0xea03739c95283623 | 23 36 28 95 9c 73 03 ea
stack at sp + 2 slots: 0x00007ffe560dfbc0 jvm.dll
stack at sp + 3 slots: 0x00007ffea03e4354 glass.dll
stack at sp + 4 slots: 0x00000199c01af408 points into unknown readable memory: 0x0000907a552831dc | dc 31 28 55 7a 90 00 00
stack at sp + 5 slots: 0x00007ffed6ffbea0 ucrtbase.dll
stack at sp + 6 slots: 0x0000907a552831dc is an unknown value
stack at sp + 7 slots: 0x0000019900000000 is an unknown value

VM_Operation (0x00000016559ff4a0): Exit, mode: safepoint, requested by thread 0x00000199c50ede60


---------------  P R O C E S S  ---------------

Threads class SMR info:
_java_thread_list=0x00000199c4ea3650, length=22, elements={
0x0000019998742600, 0x00000199bb3d36a0, 0x00000199bb3d4040, 0x00000199bb3f3820,
0x00000199bb3f41c0, 0x00000199bb3f4b60, 0x00000199bb3f5500, 0x00000199bb3f85f0,
0x00000199bb4044e0, 0x00000199bb405de0, 0x00000199bb3c1790, 0x00000199bfeae460,
0x00000199bf896170, 0x00000199c0141400, 0x00000199c0192e50, 0x00000199c026be50,
0x00000199c0203750, 0x00000199c4c0b800, 0x00000199c50eae40, 0x00000199c50ebcb0,
0x00000199c50ec180, 0x00000199c50ede60
}

Java Threads: ( => current thread )
  0x0000019998742600 JavaThread "main" [_thread_blocked, id=16616, stack(0x0000001652f00000,0x0000001653000000)]
  0x00000199bb3d36a0 JavaThread "Reference Handler" daemon [_thread_blocked, id=3844, stack(0x0000001653600000,0x0000001653700000)]
  0x00000199bb3d4040 JavaThread "Finalizer" daemon [_thread_blocked, id=8840, stack(0x0000001653700000,0x0000001653800000)]
  0x00000199bb3f3820 JavaThread "Signal Dispatcher" daemon [_thread_blocked, id=2548, stack(0x0000001653800000,0x0000001653900000)]
  0x00000199bb3f41c0 JavaThread "Attach Listener" daemon [_thread_blocked, id=16012, stack(0x0000001653900000,0x0000001653a00000)]
  0x00000199bb3f4b60 JavaThread "Service Thread" daemon [_thread_blocked, id=16720, stack(0x0000001653a00000,0x0000001653b00000)]
  0x00000199bb3f5500 JavaThread "Monitor Deflation Thread" daemon [_thread_blocked, id=16708, stack(0x0000001653b00000,0x0000001653c00000)]
  0x00000199bb3f85f0 JavaThread "C2 CompilerThread0" daemon [_thread_blocked, id=6672, stack(0x0000001653c00000,0x0000001653d00000)]
  0x00000199bb4044e0 JavaThread "C1 CompilerThread0" daemon [_thread_blocked, id=16736, stack(0x0000001653d00000,0x0000001653e00000)]
  0x00000199bb405de0 JavaThread "Sweeper thread" daemon [_thread_blocked, id=14004, stack(0x0000001653e00000,0x0000001653f00000)]
  0x00000199bb3c1790 JavaThread "Common-Cleaner" daemon [_thread_blocked, id=9496, stack(0x0000001653f00000,0x0000001654000000)]
  0x00000199bfeae460 JavaThread "Monitor Ctrl-Break" daemon [_thread_in_native, id=15420, stack(0x0000001654200000,0x0000001654300000)]
  0x00000199bf896170 JavaThread "Notification Thread" daemon [_thread_blocked, id=8236, stack(0x0000001654300000,0x0000001654400000)]
  0x00000199c0141400 JavaThread "QuantumRenderer-0" daemon [_thread_blocked, id=9352, stack(0x0000001654500000,0x0000001654600000)]
  0x00000199c0192e50 JavaThread "InvokeLaterDispatcher" daemon [_thread_blocked, id=10888, stack(0x0000001654600000,0x0000001654700000)]
  0x00000199c026be50 JavaThread "JavaFX Application Thread" [_thread_in_native, id=9724, stack(0x0000001654700000,0x0000001654800000)]
  0x00000199c0203750 JavaThread "Thread-1" daemon [_thread_in_native, id=12136, stack(0x0000001654b00000,0x0000001654c00000)]
  0x00000199c4c0b800 JavaThread "JavaFX-Launcher" [_thread_blocked, id=17080, stack(0x0000001654c00000,0x0000001654d00000)]
  0x00000199c50eae40 JavaThread "Prism Font Disposer" daemon [_thread_blocked, id=17040, stack(0x0000001654100000,0x0000001654200000)]
  0x00000199c50ebcb0 JavaThread "Cleaner-0" daemon [_thread_blocked, id=14196, stack(0x0000001655500000,0x0000001655600000)]
  0x00000199c50ec180 JavaThread "mysql-cj-abandoned-connection-cleanup" daemon [_thread_blocked, id=1056, stack(0x0000001654000000,0x0000001654100000)]
  0x00000199c50ede60 JavaThread "SIGINT handler" daemon [_thread_blocked, id=16692, stack(0x0000001655900000,0x0000001655a00000)]

Other Threads:
=>0x00000199bb3d0e40 VMThread "VM Thread" [stack: 0x0000001653500000,0x0000001653600000] [id=3020]
  0x00000199987b5260 WorkerThread "GC Thread#0" [stack: 0x0000001653000000,0x0000001653100000] [id=2836]
  0x00000199c0281b10 WorkerThread "GC Thread#1" [stack: 0x0000001654d00000,0x0000001654e00000] [id=8332]
  0x00000199c0284f90 WorkerThread "GC Thread#2" [stack: 0x0000001654e00000,0x0000001654f00000] [id=5896]
  0x00000199c0284510 WorkerThread "GC Thread#3" [stack: 0x0000001654f00000,0x0000001655000000] [id=16936]
  0x00000199c0284a50 WorkerThread "GC Thread#4" [stack: 0x0000001655000000,0x0000001655100000] [id=11068]
  0x00000199c02815d0 WorkerThread "GC Thread#5" [stack: 0x0000001655100000,0x0000001655200000] [id=10440]
  0x00000199c4f59d00 WorkerThread "GC Thread#6" [stack: 0x0000001655600000,0x0000001655700000] [id=16504]
  0x00000199c4f59a60 WorkerThread "GC Thread#7" [stack: 0x0000001655700000,0x0000001655800000] [id=7696]
  0x00000199987c7470 ConcurrentGCThread "G1 Main Marker" terminated
  0x00000199987c8600 WorkerThread "G1 Conc#0" [stack: 0x0000001653200000,0x0000001653300000] [id=1500]
  0x00000199bb28a0c0 ConcurrentGCThread "G1 Refine#0" terminated
  0x00000199c560f010 ConcurrentGCThread "G1 Refine#1" terminated
  0x00000199bb28a8e0 ConcurrentGCThread "G1 Service" terminated

Threads with active compile tasks:

VM state: at safepoint (shutting down)

VM Mutex/Monitor currently owned by a thread:  ([mutex/lock_event])
[0x000001999873e840] Threads_lock - owner thread: 0x00000199bb3d0e40
[0x000001999873e0f0] Heap_lock - owner thread: 0x00000199c50ede60

Heap address: 0x0000000703400000, size: 4044 MB, Compressed Oops mode: Zero based, Oop shift amount: 3

CDS archive(s) mapped at: [0x0000000800000000-0x0000000800ba0000-0x0000000800ba0000), size 12189696, SharedBaseAddress: 0x0000000800000000, ArchiveRelocationMode: 0.
Compressed class space mapped at: 0x0000000800c00000-0x0000000840c00000, reserved size: 1073741824
Narrow klass base: 0x0000000800000000, Narrow klass shift: 0, Narrow klass range: 0x100000000

GC Precious Log:
 CardTable entry size: 512
 Card Set container configuration: InlinePtr #cards 4 size 8 Array Of Cards #cards 16 size 48 Howl #buckets 8 coarsen threshold 3686 Howl Bitmap #cards 512 size 80 coarsen threshold 460 Card regions per heap region 1 cards per card region 4096
 CPUs: 8 total, 8 available
 Memory: 16174M
 Large Page Support: Disabled
 NUMA Support: Disabled
 Compressed Oops: Enabled (Zero based)
 Heap Region Size: 2M
 Heap Min Capacity: 8M
 Heap Initial Capacity: 254M
 Heap Max Capacity: 4044M
 Pre-touch: Disabled
 Parallel Workers: 8
 Concurrent Workers: 2
 Concurrent Refinement Workers: 8
 Periodic GC: Disabled

Heap:
 garbage-first heap   total 260096K, used 30584K [0x0000000703400000, 0x0000000800000000)
  region size 2048K, 14 young (28672K), 3 survivors (6144K)
 Metaspace       used 18848K, committed 19200K, reserved 1114112K
  class space    used 2442K, committed 2624K, reserved 1048576K

Heap Regions: E=young(eden), S=young(survivor), O=old, HS=humongous(starts), HC=humongous(continues), CS=collection set, F=free, OA=open archive, CA=closed archive, TAMS=top-at-mark-start (previous, next)
|   0|0x0000000703400000, 0x00000007035de200, 0x0000000703600000| 93%| O|  |TAMS 0x0000000703400000, 0x0000000703400000| Untracked 
|   1|0x0000000703600000, 0x0000000703800000, 0x0000000703800000|100%|HS|  |TAMS 0x0000000703600000, 0x0000000703600000| Complete 
|   2|0x0000000703800000, 0x0000000703800000, 0x0000000703a00000|  0%| F|  |TAMS 0x0000000703800000, 0x0000000703800000| Untracked 
|   3|0x0000000703a00000, 0x0000000703a00000, 0x0000000703c00000|  0%| F|  |TAMS 0x0000000703a00000, 0x0000000703a00000| Untracked 
|   4|0x0000000703c00000, 0x0000000703c00000, 0x0000000703e00000|  0%| F|  |TAMS 0x0000000703c00000, 0x0000000703c00000| Untracked 
|   5|0x0000000703e00000, 0x0000000703e00000, 0x0000000704000000|  0%| F|  |TAMS 0x0000000703e00000, 0x0000000703e00000| Untracked 
|   6|0x0000000704000000, 0x0000000704000000, 0x0000000704200000|  0%| F|  |TAMS 0x0000000704000000, 0x0000000704000000| Untracked 
|   7|0x0000000704200000, 0x0000000704200000, 0x0000000704400000|  0%| F|  |TAMS 0x0000000704200000, 0x0000000704200000| Untracked 
|   8|0x0000000704400000, 0x0000000704400000, 0x0000000704600000|  0%| F|  |TAMS 0x0000000704400000, 0x0000000704400000| Untracked 
|   9|0x0000000704600000, 0x0000000704600000, 0x0000000704800000|  0%| F|  |TAMS 0x0000000704600000, 0x0000000704600000| Untracked 
|  10|0x0000000704800000, 0x0000000704800000, 0x0000000704a00000|  0%| F|  |TAMS 0x0000000704800000, 0x0000000704800000| Untracked 
|  11|0x0000000704a00000, 0x0000000704a00000, 0x0000000704c00000|  0%| F|  |TAMS 0x0000000704a00000, 0x0000000704a00000| Untracked 
|  12|0x0000000704c00000, 0x0000000704c00000, 0x0000000704e00000|  0%| F|  |TAMS 0x0000000704c00000, 0x0000000704c00000| Untracked 
|  13|0x0000000704e00000, 0x0000000704e00000, 0x0000000705000000|  0%| F|  |TAMS 0x0000000704e00000, 0x0000000704e00000| Untracked 
|  14|0x0000000705000000, 0x0000000705000000, 0x0000000705200000|  0%| F|  |TAMS 0x0000000705000000, 0x0000000705000000| Untracked 
|  15|0x0000000705200000, 0x0000000705200000, 0x0000000705400000|  0%| F|  |TAMS 0x0000000705200000, 0x0000000705200000| Untracked 
|  16|0x0000000705400000, 0x0000000705400000, 0x0000000705600000|  0%| F|  |TAMS 0x0000000705400000, 0x0000000705400000| Untracked 
|  17|0x0000000705600000, 0x0000000705600000, 0x0000000705800000|  0%| F|  |TAMS 0x0000000705600000, 0x0000000705600000| Untracked 
|  18|0x0000000705800000, 0x0000000705800000, 0x0000000705a00000|  0%| F|  |TAMS 0x0000000705800000, 0x0000000705800000| Untracked 
|  19|0x0000000705a00000, 0x0000000705a00000, 0x0000000705c00000|  0%| F|  |TAMS 0x0000000705a00000, 0x0000000705a00000| Untracked 
|  20|0x0000000705c00000, 0x0000000705c00000, 0x0000000705e00000|  0%| F|  |TAMS 0x0000000705c00000, 0x0000000705c00000| Untracked 
|  21|0x0000000705e00000, 0x0000000705e00000, 0x0000000706000000|  0%| F|  |TAMS 0x0000000705e00000, 0x0000000705e00000| Untracked 
|  22|0x0000000706000000, 0x0000000706000000, 0x0000000706200000|  0%| F|  |TAMS 0x0000000706000000, 0x0000000706000000| Untracked 
|  23|0x0000000706200000, 0x0000000706200000, 0x0000000706400000|  0%| F|  |TAMS 0x0000000706200000, 0x0000000706200000| Untracked 
|  24|0x0000000706400000, 0x0000000706400000, 0x0000000706600000|  0%| F|  |TAMS 0x0000000706400000, 0x0000000706400000| Untracked 
|  25|0x0000000706600000, 0x0000000706600000, 0x0000000706800000|  0%| F|  |TAMS 0x0000000706600000, 0x0000000706600000| Untracked 
|  26|0x0000000706800000, 0x0000000706800000, 0x0000000706a00000|  0%| F|  |TAMS 0x0000000706800000, 0x0000000706800000| Untracked 
|  27|0x0000000706a00000, 0x0000000706a00000, 0x0000000706c00000|  0%| F|  |TAMS 0x0000000706a00000, 0x0000000706a00000| Untracked 
|  28|0x0000000706c00000, 0x0000000706c00000, 0x0000000706e00000|  0%| F|  |TAMS 0x0000000706c00000, 0x0000000706c00000| Untracked 
|  29|0x0000000706e00000, 0x0000000706e00000, 0x0000000707000000|  0%| F|  |TAMS 0x0000000706e00000, 0x0000000706e00000| Untracked 
|  30|0x0000000707000000, 0x0000000707000000, 0x0000000707200000|  0%| F|  |TAMS 0x0000000707000000, 0x0000000707000000| Untracked 
|  31|0x0000000707200000, 0x0000000707200000, 0x0000000707400000|  0%| F|  |TAMS 0x0000000707200000, 0x0000000707200000| Untracked 
|  32|0x0000000707400000, 0x0000000707400000, 0x0000000707600000|  0%| F|  |TAMS 0x0000000707400000, 0x0000000707400000| Untracked 
|  33|0x0000000707600000, 0x0000000707600000, 0x0000000707800000|  0%| F|  |TAMS 0x0000000707600000, 0x0000000707600000| Untracked 
|  34|0x0000000707800000, 0x0000000707800000, 0x0000000707a00000|  0%| F|  |TAMS 0x0000000707800000, 0x0000000707800000| Untracked 
|  35|0x0000000707a00000, 0x0000000707a00000, 0x0000000707c00000|  0%| F|  |TAMS 0x0000000707a00000, 0x0000000707a00000| Untracked 
|  36|0x0000000707c00000, 0x0000000707c00000, 0x0000000707e00000|  0%| F|  |TAMS 0x0000000707c00000, 0x0000000707c00000| Untracked 
|  37|0x0000000707e00000, 0x0000000707e00000, 0x0000000708000000|  0%| F|  |TAMS 0x0000000707e00000, 0x0000000707e00000| Untracked 
|  38|0x0000000708000000, 0x0000000708000000, 0x0000000708200000|  0%| F|  |TAMS 0x0000000708000000, 0x0000000708000000| Untracked 
|  39|0x0000000708200000, 0x0000000708200000, 0x0000000708400000|  0%| F|  |TAMS 0x0000000708200000, 0x0000000708200000| Untracked 
|  40|0x0000000708400000, 0x0000000708400000, 0x0000000708600000|  0%| F|  |TAMS 0x0000000708400000, 0x0000000708400000| Untracked 
|  41|0x0000000708600000, 0x0000000708600000, 0x0000000708800000|  0%| F|  |TAMS 0x0000000708600000, 0x0000000708600000| Untracked 
|  42|0x0000000708800000, 0x0000000708800000, 0x0000000708a00000|  0%| F|  |TAMS 0x0000000708800000, 0x0000000708800000| Untracked 
|  43|0x0000000708a00000, 0x0000000708a00000, 0x0000000708c00000|  0%| F|  |TAMS 0x0000000708a00000, 0x0000000708a00000| Untracked 
|  44|0x0000000708c00000, 0x0000000708c00000, 0x0000000708e00000|  0%| F|  |TAMS 0x0000000708c00000, 0x0000000708c00000| Untracked 
|  45|0x0000000708e00000, 0x0000000708e00000, 0x0000000709000000|  0%| F|  |TAMS 0x0000000708e00000, 0x0000000708e00000| Untracked 
|  46|0x0000000709000000, 0x0000000709000000, 0x0000000709200000|  0%| F|  |TAMS 0x0000000709000000, 0x0000000709000000| Untracked 
|  47|0x0000000709200000, 0x0000000709200000, 0x0000000709400000|  0%| F|  |TAMS 0x0000000709200000, 0x0000000709200000| Untracked 
|  48|0x0000000709400000, 0x0000000709400000, 0x0000000709600000|  0%| F|  |TAMS 0x0000000709400000, 0x0000000709400000| Untracked 
|  49|0x0000000709600000, 0x0000000709600000, 0x0000000709800000|  0%| F|  |TAMS 0x0000000709600000, 0x0000000709600000| Untracked 
|  50|0x0000000709800000, 0x0000000709800000, 0x0000000709a00000|  0%| F|  |TAMS 0x0000000709800000, 0x0000000709800000| Untracked 
|  51|0x0000000709a00000, 0x0000000709a00000, 0x0000000709c00000|  0%| F|  |TAMS 0x0000000709a00000, 0x0000000709a00000| Untracked 
|  52|0x0000000709c00000, 0x0000000709c00000, 0x0000000709e00000|  0%| F|  |TAMS 0x0000000709c00000, 0x0000000709c00000| Untracked 
|  53|0x0000000709e00000, 0x0000000709e00000, 0x000000070a000000|  0%| F|  |TAMS 0x0000000709e00000, 0x0000000709e00000| Untracked 
|  54|0x000000070a000000, 0x000000070a000000, 0x000000070a200000|  0%| F|  |TAMS 0x000000070a000000, 0x000000070a000000| Untracked 
|  55|0x000000070a200000, 0x000000070a200000, 0x000000070a400000|  0%| F|  |TAMS 0x000000070a200000, 0x000000070a200000| Untracked 
|  56|0x000000070a400000, 0x000000070a400000, 0x000000070a600000|  0%| F|  |TAMS 0x000000070a400000, 0x000000070a400000| Untracked 
|  57|0x000000070a600000, 0x000000070a600000, 0x000000070a800000|  0%| F|  |TAMS 0x000000070a600000, 0x000000070a600000| Untracked 
|  58|0x000000070a800000, 0x000000070a800000, 0x000000070aa00000|  0%| F|  |TAMS 0x000000070a800000, 0x000000070a800000| Untracked 
|  59|0x000000070aa00000, 0x000000070aa00000, 0x000000070ac00000|  0%| F|  |TAMS 0x000000070aa00000, 0x000000070aa00000| Untracked 
|  60|0x000000070ac00000, 0x000000070ac00000, 0x000000070ae00000|  0%| F|  |TAMS 0x000000070ac00000, 0x000000070ac00000| Untracked 
|  61|0x000000070ae00000, 0x000000070ae00000, 0x000000070b000000|  0%| F|  |TAMS 0x000000070ae00000, 0x000000070ae00000| Untracked 
|  62|0x000000070b000000, 0x000000070b000000, 0x000000070b200000|  0%| F|  |TAMS 0x000000070b000000, 0x000000070b000000| Untracked 
|  63|0x000000070b200000, 0x000000070b200000, 0x000000070b400000|  0%| F|  |TAMS 0x000000070b200000, 0x000000070b200000| Untracked 
|  64|0x000000070b400000, 0x000000070b400000, 0x000000070b600000|  0%| F|  |TAMS 0x000000070b400000, 0x000000070b400000| Untracked 
|  65|0x000000070b600000, 0x000000070b600000, 0x000000070b800000|  0%| F|  |TAMS 0x000000070b600000, 0x000000070b600000| Untracked 
|  66|0x000000070b800000, 0x000000070b800000, 0x000000070ba00000|  0%| F|  |TAMS 0x000000070b800000, 0x000000070b800000| Untracked 
|  67|0x000000070ba00000, 0x000000070ba00000, 0x000000070bc00000|  0%| F|  |TAMS 0x000000070ba00000, 0x000000070ba00000| Untracked 
|  68|0x000000070bc00000, 0x000000070bc00000, 0x000000070be00000|  0%| F|  |TAMS 0x000000070bc00000, 0x000000070bc00000| Untracked 
|  69|0x000000070be00000, 0x000000070be00000, 0x000000070c000000|  0%| F|  |TAMS 0x000000070be00000, 0x000000070be00000| Untracked 
|  70|0x000000070c000000, 0x000000070c000000, 0x000000070c200000|  0%| F|  |TAMS 0x000000070c000000, 0x000000070c000000| Untracked 
|  71|0x000000070c200000, 0x000000070c200000, 0x000000070c400000|  0%| F|  |TAMS 0x000000070c200000, 0x000000070c200000| Untracked 
|  72|0x000000070c400000, 0x000000070c400000, 0x000000070c600000|  0%| F|  |TAMS 0x000000070c400000, 0x000000070c400000| Untracked 
|  73|0x000000070c600000, 0x000000070c600000, 0x000000070c800000|  0%| F|  |TAMS 0x000000070c600000, 0x000000070c600000| Untracked 
|  74|0x000000070c800000, 0x000000070c800000, 0x000000070ca00000|  0%| F|  |TAMS 0x000000070c800000, 0x000000070c800000| Untracked 
|  75|0x000000070ca00000, 0x000000070ca00000, 0x000000070cc00000|  0%| F|  |TAMS 0x000000070ca00000, 0x000000070ca00000| Untracked 
|  76|0x000000070cc00000, 0x000000070cc00000, 0x000000070ce00000|  0%| F|  |TAMS 0x000000070cc00000, 0x000000070cc00000| Untracked 
|  77|0x000000070ce00000, 0x000000070ce00000, 0x000000070d000000|  0%| F|  |TAMS 0x000000070ce00000, 0x000000070ce00000| Untracked 
|  78|0x000000070d000000, 0x000000070d000000, 0x000000070d200000|  0%| F|  |TAMS 0x000000070d000000, 0x000000070d000000| Untracked 
|  79|0x000000070d200000, 0x000000070d200000, 0x000000070d400000|  0%| F|  |TAMS 0x000000070d200000, 0x000000070d200000| Untracked 
|  80|0x000000070d400000, 0x000000070d400000, 0x000000070d600000|  0%| F|  |TAMS 0x000000070d400000, 0x000000070d400000| Untracked 
|  81|0x000000070d600000, 0x000000070d600000, 0x000000070d800000|  0%| F|  |TAMS 0x000000070d600000, 0x000000070d600000| Untracked 
|  82|0x000000070d800000, 0x000000070d800000, 0x000000070da00000|  0%| F|  |TAMS 0x000000070d800000, 0x000000070d800000| Untracked 
|  83|0x000000070da00000, 0x000000070da00000, 0x000000070dc00000|  0%| F|  |TAMS 0x000000070da00000, 0x000000070da00000| Untracked 
|  84|0x000000070dc00000, 0x000000070dc00000, 0x000000070de00000|  0%| F|  |TAMS 0x000000070dc00000, 0x000000070dc00000| Untracked 
|  85|0x000000070de00000, 0x000000070de00000, 0x000000070e000000|  0%| F|  |TAMS 0x000000070de00000, 0x000000070de00000| Untracked 
|  86|0x000000070e000000, 0x000000070e000000, 0x000000070e200000|  0%| F|  |TAMS 0x000000070e000000, 0x000000070e000000| Untracked 
|  87|0x000000070e200000, 0x000000070e200000, 0x000000070e400000|  0%| F|  |TAMS 0x000000070e200000, 0x000000070e200000| Untracked 
|  88|0x000000070e400000, 0x000000070e400000, 0x000000070e600000|  0%| F|  |TAMS 0x000000070e400000, 0x000000070e400000| Untracked 
|  89|0x000000070e600000, 0x000000070e600000, 0x000000070e800000|  0%| F|  |TAMS 0x000000070e600000, 0x000000070e600000| Untracked 
|  90|0x000000070e800000, 0x000000070e800000, 0x000000070ea00000|  0%| F|  |TAMS 0x000000070e800000, 0x000000070e800000| Untracked 
|  91|0x000000070ea00000, 0x000000070ea00000, 0x000000070ec00000|  0%| F|  |TAMS 0x000000070ea00000, 0x000000070ea00000| Untracked 
|  92|0x000000070ec00000, 0x000000070ec00000, 0x000000070ee00000|  0%| F|  |TAMS 0x000000070ec00000, 0x000000070ec00000| Untracked 
|  93|0x000000070ee00000, 0x000000070ee00000, 0x000000070f000000|  0%| F|  |TAMS 0x000000070ee00000, 0x000000070ee00000| Untracked 
|  94|0x000000070f000000, 0x000000070f000000, 0x000000070f200000|  0%| F|  |TAMS 0x000000070f000000, 0x000000070f000000| Untracked 
|  95|0x000000070f200000, 0x000000070f200000, 0x000000070f400000|  0%| F|  |TAMS 0x000000070f200000, 0x000000070f200000| Untracked 
|  96|0x000000070f400000, 0x000000070f400000, 0x000000070f600000|  0%| F|  |TAMS 0x000000070f400000, 0x000000070f400000| Untracked 
|  97|0x000000070f600000, 0x000000070f600000, 0x000000070f800000|  0%| F|  |TAMS 0x000000070f600000, 0x000000070f600000| Untracked 
|  98|0x000000070f800000, 0x000000070f800000, 0x000000070fa00000|  0%| F|  |TAMS 0x000000070f800000, 0x000000070f800000| Untracked 
|  99|0x000000070fa00000, 0x000000070fa00000, 0x000000070fc00000|  0%| F|  |TAMS 0x000000070fa00000, 0x000000070fa00000| Untracked 
| 100|0x000000070fc00000, 0x000000070fc00000, 0x000000070fe00000|  0%| F|  |TAMS 0x000000070fc00000, 0x000000070fc00000| Untracked 
| 101|0x000000070fe00000, 0x000000070fe00000, 0x0000000710000000|  0%| F|  |TAMS 0x000000070fe00000, 0x000000070fe00000| Untracked 
| 102|0x0000000710000000, 0x0000000710000000, 0x0000000710200000|  0%| F|  |TAMS 0x0000000710000000, 0x0000000710000000| Untracked 
| 103|0x0000000710200000, 0x0000000710400000, 0x0000000710400000|100%| S|CS|TAMS 0x0000000710200000, 0x0000000710200000| Complete 
| 104|0x0000000710400000, 0x0000000710600000, 0x0000000710600000|100%| S|CS|TAMS 0x0000000710400000, 0x0000000710400000| Complete 
| 105|0x0000000710600000, 0x0000000710800000, 0x0000000710800000|100%| S|CS|TAMS 0x0000000710600000, 0x0000000710600000| Complete 
| 106|0x0000000710800000, 0x0000000710800000, 0x0000000710a00000|  0%| F|  |TAMS 0x0000000710800000, 0x0000000710800000| Untracked 
| 107|0x0000000710a00000, 0x0000000710a00000, 0x0000000710c00000|  0%| F|  |TAMS 0x0000000710a00000, 0x0000000710a00000| Untracked 
| 108|0x0000000710c00000, 0x0000000710c00000, 0x0000000710e00000|  0%| F|  |TAMS 0x0000000710c00000, 0x0000000710c00000| Untracked 
| 109|0x0000000710e00000, 0x0000000710e00000, 0x0000000711000000|  0%| F|  |TAMS 0x0000000710e00000, 0x0000000710e00000| Untracked 
| 110|0x0000000711000000, 0x0000000711000000, 0x0000000711200000|  0%| F|  |TAMS 0x0000000711000000, 0x0000000711000000| Untracked 
| 111|0x0000000711200000, 0x0000000711200000, 0x0000000711400000|  0%| F|  |TAMS 0x0000000711200000, 0x0000000711200000| Untracked 
| 112|0x0000000711400000, 0x0000000711400000, 0x0000000711600000|  0%| F|  |TAMS 0x0000000711400000, 0x0000000711400000| Untracked 
| 113|0x0000000711600000, 0x0000000711600000, 0x0000000711800000|  0%| F|  |TAMS 0x0000000711600000, 0x0000000711600000| Untracked 
| 114|0x0000000711800000, 0x0000000711800000, 0x0000000711a00000|  0%| F|  |TAMS 0x0000000711800000, 0x0000000711800000| Untracked 
| 115|0x0000000711a00000, 0x0000000711a00000, 0x0000000711c00000|  0%| F|  |TAMS 0x0000000711a00000, 0x0000000711a00000| Untracked 
| 116|0x0000000711c00000, 0x0000000711c7d188, 0x0000000711e00000| 24%| E|  |TAMS 0x0000000711c00000, 0x0000000711c00000| Complete 
| 117|0x0000000711e00000, 0x0000000712000000, 0x0000000712000000|100%| E|CS|TAMS 0x0000000711e00000, 0x0000000711e00000| Complete 
| 118|0x0000000712000000, 0x0000000712200000, 0x0000000712200000|100%| E|CS|TAMS 0x0000000712000000, 0x0000000712000000| Complete 
| 119|0x0000000712200000, 0x0000000712400000, 0x0000000712400000|100%| E|CS|TAMS 0x0000000712200000, 0x0000000712200000| Complete 
| 120|0x0000000712400000, 0x0000000712600000, 0x0000000712600000|100%| E|CS|TAMS 0x0000000712400000, 0x0000000712400000| Complete 
| 121|0x0000000712600000, 0x0000000712800000, 0x0000000712800000|100%| E|CS|TAMS 0x0000000712600000, 0x0000000712600000| Complete 
| 122|0x0000000712800000, 0x0000000712a00000, 0x0000000712a00000|100%| E|CS|TAMS 0x0000000712800000, 0x0000000712800000| Complete 
| 123|0x0000000712a00000, 0x0000000712c00000, 0x0000000712c00000|100%| E|CS|TAMS 0x0000000712a00000, 0x0000000712a00000| Complete 
| 124|0x0000000712c00000, 0x0000000712e00000, 0x0000000712e00000|100%| E|CS|TAMS 0x0000000712c00000, 0x0000000712c00000| Complete 
| 125|0x0000000712e00000, 0x0000000713000000, 0x0000000713000000|100%| E|CS|TAMS 0x0000000712e00000, 0x0000000712e00000| Complete 
| 126|0x0000000713000000, 0x0000000713200000, 0x0000000713200000|100%| E|CS|TAMS 0x0000000713000000, 0x0000000713000000| Complete 

Card table byte_map: [0x00000199afbb0000,0x00000199b03a0000] _byte_map_base: 0x00000199ac396000

Marking Bits (Prev, Next): (CMBitMap*) 0x00000199987b5860, (CMBitMap*) 0x00000199987b58a0
 Prev Bits: [0x00000199b0b90000, 0x00000199b4ac0000)
 Next Bits: [0x00000199b4ac0000, 0x00000199b89f0000)

Polling page: 0x0000019997f10000

Metaspace:

Usage:
  Non-class:     16.02 MB used.
      Class:      2.39 MB used.
       Both:     18.41 MB used.

Virtual space:
  Non-class space:       64.00 MB reserved,      16.19 MB ( 25%) committed,  1 nodes.
      Class space:        1.00 GB reserved,       2.56 MB ( <1%) committed,  1 nodes.
             Both:        1.06 GB reserved,      18.75 MB (  2%) committed. 

Chunk freelists:
   Non-Class:  3.47 MB
       Class:  1.48 MB
        Both:  4.95 MB

MaxMetaspaceSize: unlimited
CompressedClassSpaceSize: 1.00 GB
Initial GC threshold: 21.00 MB
Current GC threshold: 21.00 MB
CDS: on
MetaspaceReclaimPolicy: balanced
 - commit_granule_bytes: 65536.
 - commit_granule_words: 8192.
 - virtual_space_node_default_size: 8388608.
 - enlarge_chunks_in_place: 1.
 - new_chunks_are_fully_committed: 0.
 - uncommit_free_chunks: 1.
 - use_allocation_guard: 0.


Internal statistics:

num_allocs_failed_limit: 0.
num_arena_births: 332.
num_arena_deaths: 0.
num_vsnodes_births: 2.
num_vsnodes_deaths: 0.
num_space_committed: 300.
num_space_uncommitted: 0.
num_chunks_returned_to_freelist: 0.
num_chunks_taken_from_freelist: 926.
num_chunk_merges: 0.
num_chunk_splits: 645.
num_chunks_enlarged: 498.
num_inconsistent_stats: 0.

CodeHeap 'non-profiled nmethods': size=120000Kb used=1404Kb max_used=1404Kb free=118595Kb
 bounds [0x00000199a7b50000, 0x00000199a7dc0000, 0x00000199af080000]
CodeHeap 'profiled nmethods': size=120000Kb used=6354Kb max_used=6354Kb free=113645Kb
 bounds [0x00000199a0620000, 0x00000199a0c60000, 0x00000199a7b50000]
CodeHeap 'non-nmethods': size=5760Kb used=1472Kb max_used=1507Kb free=4287Kb
 bounds [0x00000199a0080000, 0x00000199a02f0000, 0x00000199a0620000]
 total_blobs=4222 nmethods=3398 adapters=735
 compilation: enabled
              stopped_count=0, restarted_count=0
 full_count=0

Compilation events (20 events):
Event: 16.966 Thread 0x00000199bb4044e0 3389       3       com.sun.javafx.text.TextRun::getWidth (93 bytes)
Event: 16.966 Thread 0x00000199bb4044e0 nmethod 3389 0x00000199a0c51790 code [0x00000199a0c51980, 0x00000199a0c51d18]
Event: 16.970 Thread 0x00000199bb4044e0 3390       1       javafx.scene.control.IndexRange::getStart (5 bytes)
Event: 16.970 Thread 0x00000199bb4044e0 nmethod 3390 0x00000199a7cade90 code [0x00000199a7cae020, 0x00000199a7cae0f8]
Event: 16.970 Thread 0x00000199bb4044e0 3391       1       javafx.scene.control.IndexRange::getEnd (5 bytes)
Event: 16.970 Thread 0x00000199bb4044e0 nmethod 3391 0x00000199a7cae190 code [0x00000199a7cae320, 0x00000199a7cae3f8]
Event: 16.994 Thread 0x00000199bb4044e0 3392       1       javafx.util.Pair::getKey (5 bytes)
Event: 16.995 Thread 0x00000199bb4044e0 nmethod 3392 0x00000199a7cae490 code [0x00000199a7cae620, 0x00000199a7cae6f8]
Event: 16.995 Thread 0x00000199bb4044e0 3393       1       javafx.util.Pair::getValue (5 bytes)
Event: 16.995 Thread 0x00000199bb4044e0 nmethod 3393 0x00000199a7cae790 code [0x00000199a7cae920, 0x00000199a7cae9f8]
Event: 16.999 Thread 0x00000199bb4044e0 3394       3       javafx.scene.Node$16::invalidated (43 bytes)
Event: 17.000 Thread 0x00000199bb4044e0 nmethod 3394 0x00000199a0c51e90 code [0x00000199a0c52100, 0x00000199a0c52bd8]
Event: 17.000 Thread 0x00000199bb4044e0 3395       3       javafx.animation.Animation::doSetCurrentRate (27 bytes)
Event: 17.000 Thread 0x00000199bb4044e0 nmethod 3395 0x00000199a0c52f10 code [0x00000199a0c53160, 0x00000199a0c53c08]
Event: 17.000 Thread 0x00000199bb4044e0 3396       3       javafx.animation.Animation::currentRateProperty (24 bytes)
Event: 17.000 Thread 0x00000199bb4044e0 nmethod 3396 0x00000199a0c53f10 code [0x00000199a0c540e0, 0x00000199a0c54598]
Event: 17.026 Thread 0x00000199bb3f85f0 3397       4       com.sun.javafx.event.BasicEventDispatcher::dispatchEvent (44 bytes)
Event: 17.028 Thread 0x00000199bb3f85f0 nmethod 3397 0x00000199a7caea90 code [0x00000199a7caec20, 0x00000199a7caee98]
Event: 17.423 Thread 0x00000199bb4044e0 3398       3       javafx.scene.Node$FocusedProperty::get (10 bytes)
Event: 17.423 Thread 0x00000199bb4044e0 nmethod 3398 0x00000199a0c54710 code [0x00000199a0c548a0, 0x00000199a0c549b8]

GC Heap History (4 events):
Event: 0.654 GC heap before
{Heap before GC invocations=0 (full 0):
 garbage-first heap   total 260096K, used 22528K [0x0000000703400000, 0x0000000800000000)
  region size 2048K, 11 young (22528K), 0 survivors (0K)
 Metaspace       used 4386K, committed 4608K, reserved 1114112K
  class space    used 471K, committed 576K, reserved 1048576K
}
Event: 0.657 GC heap after
{Heap after GC invocations=1 (full 0):
 garbage-first heap   total 260096K, used 2645K [0x0000000703400000, 0x0000000800000000)
  region size 2048K, 2 young (4096K), 2 survivors (4096K)
 Metaspace       used 4386K, committed 4608K, reserved 1114112K
  class space    used 471K, committed 576K, reserved 1048576K
}
Event: 1.433 GC heap before
{Heap before GC invocations=1 (full 0):
 garbage-first heap   total 260096K, used 39509K [0x0000000703400000, 0x0000000800000000)
  region size 2048K, 21 young (43008K), 2 survivors (4096K)
 Metaspace       used 14148K, committed 14464K, reserved 1114112K
  class space    used 2032K, committed 2176K, reserved 1048576K
}
Event: 1.441 GC heap after
{Heap after GC invocations=2 (full 0):
 garbage-first heap   total 260096K, used 8056K [0x0000000703400000, 0x0000000800000000)
  region size 2048K, 3 young (6144K), 3 survivors (6144K)
 Metaspace       used 14148K, committed 14464K, reserved 1114112K
  class space    used 2032K, committed 2176K, reserved 1048576K
}

Deoptimization events (20 events):
Event: 8.205 Thread 0x00000199c026be50 Uncommon trap: trap_request=0xffffff45 fr.pc=0x00000199a7c76e14 relative=0x0000000000000234
Event: 8.205 Thread 0x00000199c026be50 Uncommon trap: reason=unstable_if action=reinterpret pc=0x00000199a7c76e14 method=com.sun.javafx.event.EventHandlerManager.dispatchBubblingEvent(Ljavafx/event/EventType;Ljavafx/event/Event;)Ljavafx/event/Event; @ 22 c2
Event: 8.205 Thread 0x00000199c026be50 DEOPT PACKING pc=0x00000199a7c76e14 sp=0x00000016547fb290
Event: 8.205 Thread 0x00000199c026be50 DEOPT UNPACKING pc=0x00000199a00d5c23 sp=0x00000016547fb230 mode 2
Event: 9.639 Thread 0x00000199c026be50 Uncommon trap: trap_request=0xffffffde fr.pc=0x00000199a7ca1f34 relative=0x0000000000000114
Event: 9.639 Thread 0x00000199c026be50 Uncommon trap: reason=class_check action=maybe_recompile pc=0x00000199a7ca1f34 method=jdk.internal.misc.Unsafe.allocateUninitializedArray(Ljava/lang/Class;I)Ljava/lang/Object; @ 51 c2
Event: 9.639 Thread 0x00000199c026be50 DEOPT PACKING pc=0x00000199a7ca1f34 sp=0x00000016547f9870
Event: 9.639 Thread 0x00000199c026be50 DEOPT UNPACKING pc=0x00000199a00d5c23 sp=0x00000016547f97f8 mode 2
Event: 9.639 Thread 0x00000199c026be50 Uncommon trap: trap_request=0xffffffde fr.pc=0x00000199a7ca1f34 relative=0x0000000000000114
Event: 9.639 Thread 0x00000199c026be50 Uncommon trap: reason=class_check action=maybe_recompile pc=0x00000199a7ca1f34 method=jdk.internal.misc.Unsafe.allocateUninitializedArray(Ljava/lang/Class;I)Ljava/lang/Object; @ 51 c2
Event: 9.639 Thread 0x00000199c026be50 DEOPT PACKING pc=0x00000199a7ca1f34 sp=0x00000016547f9730
Event: 9.639 Thread 0x00000199c026be50 DEOPT UNPACKING pc=0x00000199a00d5c23 sp=0x00000016547f96b8 mode 2
Event: 9.639 Thread 0x00000199c026be50 Uncommon trap: trap_request=0xffffffde fr.pc=0x00000199a7ca1f34 relative=0x0000000000000114
Event: 9.639 Thread 0x00000199c026be50 Uncommon trap: reason=class_check action=maybe_recompile pc=0x00000199a7ca1f34 method=jdk.internal.misc.Unsafe.allocateUninitializedArray(Ljava/lang/Class;I)Ljava/lang/Object; @ 51 c2
Event: 9.639 Thread 0x00000199c026be50 DEOPT PACKING pc=0x00000199a7ca1f34 sp=0x00000016547f9730
Event: 9.639 Thread 0x00000199c026be50 DEOPT UNPACKING pc=0x00000199a00d5c23 sp=0x00000016547f96b8 mode 2
Event: 9.639 Thread 0x00000199c026be50 Uncommon trap: trap_request=0xffffffde fr.pc=0x00000199a7ca1f34 relative=0x0000000000000114
Event: 9.639 Thread 0x00000199c026be50 Uncommon trap: reason=class_check action=maybe_recompile pc=0x00000199a7ca1f34 method=jdk.internal.misc.Unsafe.allocateUninitializedArray(Ljava/lang/Class;I)Ljava/lang/Object; @ 51 c2
Event: 9.639 Thread 0x00000199c026be50 DEOPT PACKING pc=0x00000199a7ca1f34 sp=0x00000016547f9730
Event: 9.639 Thread 0x00000199c026be50 DEOPT UNPACKING pc=0x00000199a00d5c23 sp=0x00000016547f96b8 mode 2

Classes loaded (20 events):
Event: 7.575 Loading class javax/security/auth/callback/UnsupportedCallbackException
Event: 7.575 Loading class javax/security/auth/callback/UnsupportedCallbackException done
Event: 7.575 Loading class javax/security/auth/login/LoginException
Event: 7.575 Loading class javax/security/auth/login/LoginException done
Event: 7.575 Loading class javax/security/auth/login/Configuration
Event: 7.575 Loading class javax/security/auth/login/Configuration done
Event: 7.576 Loading class javax/security/auth/callback/CallbackHandler
Event: 7.576 Loading class javax/security/auth/callback/CallbackHandler done
Event: 7.576 Loading class javax/security/auth/callback/Callback
Event: 7.576 Loading class javax/security/auth/callback/Callback done
Event: 7.576 Loading class sun/invoke/util/VerifyAccess$1
Event: 7.576 Loading class sun/invoke/util/VerifyAccess$1 done
Event: 7.578 Loading class sun/security/provider/SHA
Event: 7.578 Loading class sun/security/provider/SHA done
Event: 7.578 Loading class sun/security/provider/ByteArrayAccess$BE
Event: 7.578 Loading class sun/security/provider/ByteArrayAccess$BE done
Event: 7.920 Loading class java/util/TimerTask
Event: 7.920 Loading class java/util/TimerTask done
Event: 56.972 Loading class jdk/internal/misc/Signal$1
Event: 56.972 Loading class jdk/internal/misc/Signal$1 done

Classes unloaded (0 events):
No events

Classes redefined (0 events):
No events

Internal exceptions (20 events):
Event: 1.227 Thread 0x00000199c026be50 Exception <a 'java/lang/ClassNotFoundException'{0x000000071103fda8}: com/sun/javafx/scene/control/skin/resources/controls_ru> (0x000000071103fda8) 
thrown [s\open\src\hotspot\share\prims\jni.cpp, line 535]
Event: 1.227 Thread 0x00000199c026be50 Exception <a 'java/lang/ClassNotFoundException'{0x0000000711040d40}: com/sun/javafx/scene/control/skin/resources/controls_ru_RU> (0x0000000711040d40) 
thrown [s\open\src\hotspot\share\prims\jni.cpp, line 535]
Event: 1.268 Thread 0x00000199c026be50 Exception <a 'java/lang/NoSuchMethodError'{0x0000000710e58d70}: 'void java.lang.invoke.DirectMethodHandle$Holder.invokeSpecial(java.lang.Object, java.lang.Object, java.lang.Object, java.lang.Object, java.lang.Object, java.lang.Object)'> (0x0000000710e58d70) 
thrown [s\open\src\hotspot\share\interpreter\linkResolver.cpp, line 766]
Event: 1.303 Thread 0x00000199c026be50 Exception <a 'java/lang/NoSuchMethodError'{0x0000000710d58258}: 'java.lang.Object java.lang.invoke.DirectMethodHandle$Holder.invokeInterface(java.lang.Object, java.lang.Object, java.lang.Object)'> (0x0000000710d58258) 
thrown [s\open\src\hotspot\share\interpreter\linkResolver.cpp, line 766]
Event: 1.304 Thread 0x00000199c026be50 Exception <a 'java/lang/IncompatibleClassChangeError'{0x0000000710d5bbd8}: Found class java.lang.Object, but interface was expected> (0x0000000710d5bbd8) 
thrown [s\open\src\hotspot\share\interpreter\linkResolver.cpp, line 833]
Event: 1.360 Thread 0x00000199c026be50 Exception <a 'java/lang/NoSuchMethodError'{0x0000000710b38130}: 'int java.lang.invoke.DirectMethodHandle$Holder.invokeSpecial(java.lang.Object, java.lang.Object, int)'> (0x0000000710b38130) 
thrown [s\open\src\hotspot\share\interpreter\linkResolver.cpp, line 766]
Event: 1.368 Thread 0x00000199c026be50 Exception <a 'java/lang/NoSuchMethodError'{0x0000000710b66938}: 'java.lang.Object java.lang.invoke.DirectMethodHandle$Holder.newInvokeSpecial(java.lang.Object, java.lang.Object, int)'> (0x0000000710b66938) 
thrown [s\open\src\hotspot\share\interpreter\linkResolver.cpp, line 766]
Event: 1.396 Thread 0x00000199c0141400 Exception <a 'java/lang/NoSuchMethodError'{0x0000000710bcca08}: 'int java.lang.invoke.DirectMethodHandle$Holder.invokeStaticInit(java.lang.Object, java.lang.Object)'> (0x0000000710bcca08) 
thrown [s\open\src\hotspot\share\interpreter\linkResolver.cpp, line 766]
Event: 1.406 Thread 0x00000199c026be50 Exception <a 'java/lang/NoSuchMethodError'{0x00000007108726d0}: 'long java.lang.invoke.DirectMethodHandle$Holder.invokeStatic(java.lang.Object, java.lang.Object, java.lang.Object)'> (0x00000007108726d0) 
thrown [s\open\src\hotspot\share\interpreter\linkResolver.cpp, line 766]
Event: 1.406 Thread 0x00000199c026be50 Exception <a 'java/lang/NoSuchMethodError'{0x0000000710875e70}: 'long java.lang.invoke.DirectMethodHandle$Holder.invokeStaticInit(java.lang.Object, java.lang.Object, java.lang.Object)'> (0x0000000710875e70) 
thrown [s\open\src\hotspot\share\interpreter\linkResolver.cpp, line 766]
Event: 1.409 Thread 0x00000199c026be50 Exception <a 'java/lang/NoSuchMethodError'{0x000000071088e4b8}: 'java.lang.Object java.lang.invoke.DirectMethodHandle$Holder.newInvokeSpecial(java.lang.Object, java.lang.Object, long)'> (0x000000071088e4b8) 
thrown [s\open\src\hotspot\share\interpreter\linkResolver.cpp, line 766]
Event: 1.409 Thread 0x00000199c026be50 Exception <a 'java/lang/NoSuchMethodError'{0x0000000710892030}: 'java.lang.Object java.lang.invoke.Invokers$Holder.linkToTargetMethod(java.lang.Object, long, java.lang.Object)'> (0x0000000710892030) 
thrown [s\open\src\hotspot\share\interpreter\linkResolver.cpp, line 766]
Event: 5.518 Thread 0x00000199c026be50 Exception <a 'java/lang/NoSuchMethodError'{0x0000000712d821d0}: 'java.lang.Object java.lang.invoke.DirectMethodHandle$Holder.newInvokeSpecial(java.lang.Object, java.lang.Object, int, int, int, int, int, java.lang.Object)'> (0x0000000712d821d0) 
thrown [s\open\src\hotspot\share\interpreter\linkResolver.cpp, line 766]
Event: 5.520 Thread 0x00000199c026be50 Exception <a 'java/lang/NoSuchMethodError'{0x0000000712d95700}: 'java.lang.Object java.lang.invoke.DirectMethodHandle$Holder.newInvokeSpecial(java.lang.Object, java.lang.Object, java.lang.Object, int, int, int, int, int)'> (0x0000000712d95700) 
thrown [s\open\src\hotspot\share\interpreter\linkResolver.cpp, line 766]
Event: 5.521 Thread 0x00000199c026be50 Exception <a 'java/lang/NoSuchMethodError'{0x0000000712d9d4b8}: 'java.lang.Object java.lang.invoke.Invokers$Holder.linkToTargetMethod(java.lang.Object, java.lang.Object, int, int, int, int, int, java.lang.Object)'> (0x0000000712d9d4b8) 
thrown [s\open\src\hotspot\share\interpreter\linkResolver.cpp, line 766]
Event: 7.369 Thread 0x00000199c026be50 Exception <a 'sun/nio/fs/WindowsException'{0x0000000712a59080}> (0x0000000712a59080) 
thrown [s\open\src\hotspot\share\prims\jni.cpp, line 516]
Event: 7.389 Thread 0x00000199c026be50 Exception <a 'java/lang/NoSuchMethodError'{0x0000000712bfd100}: 'java.lang.Object java.lang.invoke.DirectMethodHandle$Holder.invokeVirtual(java.lang.Object, java.lang.Object, java.lang.Object)'> (0x0000000712bfd100) 
thrown [s\open\src\hotspot\share\interpreter\linkResolver.cpp, line 766]
Event: 7.436 Thread 0x00000199c026be50 Exception <a 'sun/nio/fs/WindowsException'{0x000000071274dd90}> (0x000000071274dd90) 
thrown [s\open\src\hotspot\share\prims\jni.cpp, line 516]
Event: 7.777 Thread 0x00000199c026be50 Implicit null exception at 0x00000199a7ba17d2 to 0x00000199a7ba1d44
Event: 7.777 Thread 0x00000199c026be50 Implicit null exception at 0x00000199a7babd52 to 0x00000199a7bac2c0

VM Operations (20 events):
Event: 7.441 Executing VM operation: HandshakeAllThreads done
Event: 7.543 Executing VM operation: HandshakeAllThreads
Event: 7.544 Executing VM operation: HandshakeAllThreads done
Event: 7.578 Executing VM operation: HandshakeAllThreads
Event: 7.578 Executing VM operation: HandshakeAllThreads done
Event: 8.578 Executing VM operation: Cleanup
Event: 8.578 Executing VM operation: Cleanup done
Event: 9.579 Executing VM operation: Cleanup
Event: 9.579 Executing VM operation: Cleanup done
Event: 10.580 Executing VM operation: Cleanup
Event: 10.580 Executing VM operation: Cleanup done
Event: 12.580 Executing VM operation: Cleanup
Event: 12.581 Executing VM operation: Cleanup done
Event: 14.582 Executing VM operation: Cleanup
Event: 14.582 Executing VM operation: Cleanup done
Event: 16.582 Executing VM operation: Cleanup
Event: 16.582 Executing VM operation: Cleanup done
Event: 17.583 Executing VM operation: Cleanup
Event: 17.583 Executing VM operation: Cleanup done
Event: 56.974 Executing VM operation: Exit

Events (20 events):
Event: 0.509 Loaded shared library C:\Users\User\.openjfx\cache\17-ea\prism_d3d.dll
Event: 0.561 Loaded shared library C:\Users\User\.openjfx\cache\17-ea\glass.dll
Event: 0.563 Thread 0x00000199c0192e50 Thread added: 0x00000199c0192e50
Event: 0.567 Thread 0x00000199c026be50 Thread added: 0x00000199c026be50
Event: 0.651 Thread 0x00000199c0203750 Thread added: 0x00000199c0203750
Event: 0.653 Thread 0x00000199c4c0b800 Thread added: 0x00000199c4c0b800
Event: 0.682 Loaded shared library C:\Program Files\Java\jdk-18.0.1.1\bin\jimage.dll
Event: 0.823 Loaded shared library C:\Users\User\.openjfx\cache\17-ea\javafx_font.dll
Event: 1.202 Thread 0x00000199bf90bad0 Thread exited: 0x00000199bf90bad0
Event: 1.280 Thread 0x00000199c50eae40 Thread added: 0x00000199c50eae40
Event: 1.419 Thread 0x00000199c50ebcb0 Thread added: 0x00000199c50ebcb0
Event: 1.619 Thread 0x00000199bf90cf10 Thread exited: 0x00000199bf90cf10
Event: 7.367 Thread 0x00000199c50ec180 Thread added: 0x00000199c50ec180
Event: 7.404 Thread 0x00000199bfca0bc0 Thread added: 0x00000199bfca0bc0
Event: 7.711 Thread 0x00000199bfca0bc0 Thread exited: 0x00000199bfca0bc0
Event: 56.972 Thread 0x00000199c50ede60 Thread added: 0x00000199c50ede60
Event: 56.972 Thread 0x00000199c50eb7e0 Thread added: 0x00000199c50eb7e0
Event: 56.972 Thread 0x00000199c50ecff0 Thread added: 0x00000199c50ecff0
Event: 56.973 Thread 0x00000199c50eb7e0 Thread exited: 0x00000199c50eb7e0
Event: 56.974 Thread 0x00000199c50ecff0 Thread exited: 0x00000199c50ecff0


Dynamic libraries:
0x00007ff6db280000 - 0x00007ff6db290000 	C:\Program Files\Java\jdk-18.0.1.1\bin\java.exe
0x00007ffed9940000 - 0x00007ffed9b49000 	C:\WINDOWS\SYSTEM32\ntdll.dll
0x00007ffed8570000 - 0x00007ffed862d000 	C:\WINDOWS\System32\KERNEL32.DLL
0x00007ffed7100000 - 0x00007ffed7479000 	C:\WINDOWS\System32\KERNELBASE.dll
0x00007ffed6fe0000 - 0x00007ffed70f1000 	C:\WINDOWS\System32\ucrtbase.dll
0x00007ffed3310000 - 0x00007ffed3328000 	C:\Program Files\Java\jdk-18.0.1.1\bin\jli.dll
0x00007ffed32e0000 - 0x00007ffed32fa000 	C:\Program Files\Java\jdk-18.0.1.1\bin\VCRUNTIME140.dll
0x00007ffed91b0000 - 0x00007ffed925e000 	C:\WINDOWS\System32\ADVAPI32.dll
0x00007ffed8220000 - 0x00007ffed82c3000 	C:\WINDOWS\System32\msvcrt.dll
0x00007ffed79d0000 - 0x00007ffed7a6e000 	C:\WINDOWS\System32\sechost.dll
0x00007ffed77d0000 - 0x00007ffed78f0000 	C:\WINDOWS\System32\RPCRT4.dll
0x00007ffed83b0000 - 0x00007ffed855c000 	C:\WINDOWS\System32\USER32.dll
0x00007ffed6e20000 - 0x00007ffed6e46000 	C:\WINDOWS\System32\win32u.dll
0x00007ffebf640000 - 0x00007ffebf8e5000 	C:\WINDOWS\WinSxS\amd64_microsoft.windows.common-controls_6595b64144ccf1df_6.0.22000.120_none_9d947278b86cc467\COMCTL32.dll
0x00007ffed8630000 - 0x00007ffed8659000 	C:\WINDOWS\System32\GDI32.dll
0x00007ffed6ec0000 - 0x00007ffed6fd2000 	C:\WINDOWS\System32\gdi32full.dll
0x00007ffed7500000 - 0x00007ffed759d000 	C:\WINDOWS\System32\msvcp_win.dll
0x00007ffed0480000 - 0x00007ffed048a000 	C:\WINDOWS\SYSTEM32\VERSION.dll
0x00007ffed8350000 - 0x00007ffed8381000 	C:\WINDOWS\System32\IMM32.DLL
0x00007ffed32d0000 - 0x00007ffed32dc000 	C:\Program Files\Java\jdk-18.0.1.1\bin\vcruntime140_1.dll
0x00007ffeaa050000 - 0x00007ffeaa0dd000 	C:\Program Files\Java\jdk-18.0.1.1\bin\msvcp140.dll
0x00007ffe55570000 - 0x00007ffe56180000 	C:\Program Files\Java\jdk-18.0.1.1\bin\server\jvm.dll
0x00007ffed8660000 - 0x00007ffed8668000 	C:\WINDOWS\System32\PSAPI.DLL
0x00007ffeb8990000 - 0x00007ffeb8999000 	C:\WINDOWS\SYSTEM32\WSOCK32.dll
0x00007ffeb8910000 - 0x00007ffeb8943000 	C:\WINDOWS\SYSTEM32\WINMM.dll
0x00007ffed9890000 - 0x00007ffed98ff000 	C:\WINDOWS\System32\WS2_32.dll
0x00007ffed5fe0000 - 0x00007ffed5ff8000 	C:\WINDOWS\SYSTEM32\kernel.appcore.dll
0x00007ffed32c0000 - 0x00007ffed32ca000 	C:\Program Files\Java\jdk-18.0.1.1\bin\jimage.dll
0x00007ffed48f0000 - 0x00007ffed4b11000 	C:\WINDOWS\SYSTEM32\DBGHELP.DLL
0x00007ffec6970000 - 0x00007ffec69a1000 	C:\WINDOWS\SYSTEM32\dbgcore.DLL
0x00007ffed7480000 - 0x00007ffed74ff000 	C:\WINDOWS\System32\bcryptPrimitives.dll
0x00007ffebdfa0000 - 0x00007ffebdfae000 	C:\Program Files\Java\jdk-18.0.1.1\bin\instrument.dll
0x00007ffeaa020000 - 0x00007ffeaa045000 	C:\Program Files\Java\jdk-18.0.1.1\bin\java.dll
0x00007ffea9e70000 - 0x00007ffea9f46000 	C:\Program Files\Java\jdk-18.0.1.1\bin\jsvml.dll
0x00007ffed8670000 - 0x00007ffed8e28000 	C:\WINDOWS\System32\SHELL32.dll
0x00007ffed4f60000 - 0x00007ffed57c8000 	C:\WINDOWS\SYSTEM32\windows.storage.dll
0x00007ffed8e30000 - 0x00007ffed91a9000 	C:\WINDOWS\System32\combase.dll
0x00007ffed4df0000 - 0x00007ffed4f56000 	C:\WINDOWS\SYSTEM32\wintypes.dll
0x00007ffed80c0000 - 0x00007ffed81aa000 	C:\WINDOWS\System32\SHCORE.dll
0x00007ffed7b60000 - 0x00007ffed7bbd000 	C:\WINDOWS\System32\shlwapi.dll
0x00007ffed6d50000 - 0x00007ffed6d71000 	C:\WINDOWS\SYSTEM32\profapi.dll
0x00007ffeb0fa0000 - 0x00007ffeb0fb3000 	C:\Program Files\Java\jdk-18.0.1.1\bin\net.dll
0x00007ffed1820000 - 0x00007ffed192c000 	C:\WINDOWS\SYSTEM32\WINHTTP.dll
0x00007ffed6440000 - 0x00007ffed64a7000 	C:\WINDOWS\system32\mswsock.dll
0x00007ffeaa000000 - 0x00007ffeaa016000 	C:\Program Files\Java\jdk-18.0.1.1\bin\nio.dll
0x00007ffea9fe0000 - 0x00007ffea9ff8000 	C:\Program Files\Java\jdk-18.0.1.1\bin\zip.dll
0x00007ffea9fc0000 - 0x00007ffea9fda000 	C:\Users\User\AppData\Local\JetBrains\IntelliJ IDEA Community Edition 2021.2.2\bin\breakgen64.dll
0x00000199bb5a0000 - 0x00000199bb5a3000 	C:\Users\User\.openjfx\cache\17-ea\api-ms-win-core-console-l1-1-0.dll
0x00000199bb5b0000 - 0x00000199bb5b3000 	C:\Users\User\.openjfx\cache\17-ea\api-ms-win-core-console-l1-2-0.dll
0x00000199bb5c0000 - 0x00000199bb5c3000 	C:\Users\User\.openjfx\cache\17-ea\api-ms-win-core-datetime-l1-1-0.dll
0x00000199bb5d0000 - 0x00000199bb5d3000 	C:\Users\User\.openjfx\cache\17-ea\api-ms-win-core-debug-l1-1-0.dll
0x00000199bb5e0000 - 0x00000199bb5e3000 	C:\Users\User\.openjfx\cache\17-ea\api-ms-win-core-errorhandling-l1-1-0.dll
0x00000199bb5f0000 - 0x00000199bb5f4000 	C:\Users\User\.openjfx\cache\17-ea\api-ms-win-core-file-l1-1-0.dll
0x00000199bb600000 - 0x00000199bb603000 	C:\Users\User\.openjfx\cache\17-ea\api-ms-win-core-file-l1-2-0.dll
0x00000199bb610000 - 0x00000199bb613000 	C:\Users\User\.openjfx\cache\17-ea\api-ms-win-core-file-l2-1-0.dll
0x00000199bb620000 - 0x00000199bb623000 	C:\Users\User\.openjfx\cache\17-ea\api-ms-win-core-handle-l1-1-0.dll
0x00000199bb630000 - 0x00000199bb633000 	C:\Users\User\.openjfx\cache\17-ea\api-ms-win-core-heap-l1-1-0.dll
0x00000199bb640000 - 0x00000199bb643000 	C:\Users\User\.openjfx\cache\17-ea\api-ms-win-core-interlocked-l1-1-0.dll
0x00000199bb650000 - 0x00000199bb653000 	C:\Users\User\.openjfx\cache\17-ea\api-ms-win-core-libraryloader-l1-1-0.dll
0x00000199bb660000 - 0x00000199bb663000 	C:\Users\User\.openjfx\cache\17-ea\api-ms-win-core-localization-l1-2-0.dll
0x00000199bb670000 - 0x00000199bb673000 	C:\Users\User\.openjfx\cache\17-ea\api-ms-win-core-memory-l1-1-0.dll
0x00000199bb680000 - 0x00000199bb683000 	C:\Users\User\.openjfx\cache\17-ea\api-ms-win-core-namedpipe-l1-1-0.dll
0x00000199bb690000 - 0x00000199bb693000 	C:\Users\User\.openjfx\cache\17-ea\api-ms-win-core-processenvironment-l1-1-0.dll
0x00000199bb6a0000 - 0x00000199bb6a3000 	C:\Users\User\.openjfx\cache\17-ea\api-ms-win-core-processthreads-l1-1-0.dll
0x00000199bb6b0000 - 0x00000199bb6b3000 	C:\Users\User\.openjfx\cache\17-ea\api-ms-win-core-processthreads-l1-1-1.dll
0x00000199bb6c0000 - 0x00000199bb6c3000 	C:\Users\User\.openjfx\cache\17-ea\api-ms-win-core-profile-l1-1-0.dll
0x00000199bb6d0000 - 0x00000199bb6d3000 	C:\Users\User\.openjfx\cache\17-ea\api-ms-win-core-rtlsupport-l1-1-0.dll
0x00000199bb6e0000 - 0x00000199bb6e3000 	C:\Users\User\.openjfx\cache\17-ea\api-ms-win-core-string-l1-1-0.dll
0x00000199bb6f0000 - 0x00000199bb6f3000 	C:\Users\User\.openjfx\cache\17-ea\api-ms-win-core-synch-l1-1-0.dll
0x00000199bb700000 - 0x00000199bb703000 	C:\Users\User\.openjfx\cache\17-ea\api-ms-win-core-synch-l1-2-0.dll
0x00000199bb710000 - 0x00000199bb713000 	C:\Users\User\.openjfx\cache\17-ea\api-ms-win-core-sysinfo-l1-1-0.dll
0x00000199bb720000 - 0x00000199bb723000 	C:\Users\User\.openjfx\cache\17-ea\api-ms-win-core-timezone-l1-1-0.dll
0x00000199bb730000 - 0x00000199bb733000 	C:\Users\User\.openjfx\cache\17-ea\api-ms-win-core-util-l1-1-0.dll
0x00000199bb740000 - 0x00000199bb743000 	C:\Users\User\.openjfx\cache\17-ea\api-ms-win-crt-conio-l1-1-0.dll
0x00000199bb750000 - 0x00000199bb754000 	C:\Users\User\.openjfx\cache\17-ea\api-ms-win-crt-convert-l1-1-0.dll
0x00000199bb760000 - 0x00000199bb763000 	C:\Users\User\.openjfx\cache\17-ea\api-ms-win-crt-environment-l1-1-0.dll
0x00000199bb770000 - 0x00000199bb773000 	C:\Users\User\.openjfx\cache\17-ea\api-ms-win-crt-filesystem-l1-1-0.dll
0x00000199bb780000 - 0x00000199bb783000 	C:\Users\User\.openjfx\cache\17-ea\api-ms-win-crt-heap-l1-1-0.dll
0x00000199bb790000 - 0x00000199bb793000 	C:\Users\User\.openjfx\cache\17-ea\api-ms-win-crt-locale-l1-1-0.dll
0x00000199bb7a0000 - 0x00000199bb7a5000 	C:\Users\User\.openjfx\cache\17-ea\api-ms-win-crt-math-l1-1-0.dll
0x00000199bb7b0000 - 0x00000199bb7b5000 	C:\Users\User\.openjfx\cache\17-ea\api-ms-win-crt-multibyte-l1-1-0.dll
0x00000199bb7c0000 - 0x00000199bb7d0000 	C:\Users\User\.openjfx\cache\17-ea\api-ms-win-crt-private-l1-1-0.dll
0x00000199bb7d0000 - 0x00000199bb7d3000 	C:\Users\User\.openjfx\cache\17-ea\api-ms-win-crt-process-l1-1-0.dll
0x00000199bb7e0000 - 0x00000199bb7e4000 	C:\Users\User\.openjfx\cache\17-ea\api-ms-win-crt-runtime-l1-1-0.dll
0x00000199bb7f0000 - 0x00000199bb7f4000 	C:\Users\User\.openjfx\cache\17-ea\api-ms-win-crt-stdio-l1-1-0.dll
0x00000199c0400000 - 0x00000199c0404000 	C:\Users\User\.openjfx\cache\17-ea\api-ms-win-crt-string-l1-1-0.dll
0x00000199c0410000 - 0x00000199c0413000 	C:\Users\User\.openjfx\cache\17-ea\api-ms-win-crt-time-l1-1-0.dll
0x00000199c0420000 - 0x00000199c0423000 	C:\Users\User\.openjfx\cache\17-ea\api-ms-win-crt-utility-l1-1-0.dll
0x00007ffea0720000 - 0x00007ffea081c000 	C:\Users\User\.openjfx\cache\17-ea\ucrtbase.dll
0x00007ffea9d20000 - 0x00007ffea9d3a000 	C:\Users\User\.openjfx\cache\17-ea\vcruntime140.dll
0x00007ffea9da0000 - 0x00007ffea9dac000 	C:\Users\User\.openjfx\cache\17-ea\vcruntime140_1.dll
0x00007ffea0500000 - 0x00007ffea058d000 	C:\Users\User\.openjfx\cache\17-ea\msvcp140.dll
0x00007ffea9ac0000 - 0x00007ffea9ae7000 	C:\Users\User\.openjfx\cache\17-ea\prism_d3d.dll
0x00007ffec6660000 - 0x00007ffec6806000 	C:\WINDOWS\system32\d3d9.dll
0x00007ffed44d0000 - 0x00007ffed44ff000 	C:\WINDOWS\SYSTEM32\dwmapi.dll
0x00007ffed4240000 - 0x00007ffed4278000 	C:\WINDOWS\SYSTEM32\dxcore.dll
0x00007ffed4160000 - 0x00007ffed420c000 	C:\WINDOWS\system32\uxtheme.dll
0x00007ffe94f30000 - 0x00007ffe95093000 	C:\Windows\System32\DriverStore\FileRepository\iigd_dch.inf_amd64_a447fbb12ee262cf\igdumdim64.dll
0x00007ffed7f20000 - 0x00007ffed80ba000 	C:\WINDOWS\System32\ole32.dll
0x00007ffe56180000 - 0x00007ffe5a905000 	C:\Windows\System32\DriverStore\FileRepository\iigd_dch.inf_amd64_a447fbb12ee262cf\igd9dxva64.dll
0x00007ffed78f0000 - 0x00007ffed79c6000 	C:\WINDOWS\System32\OLEAUT32.dll
0x00007ffed9260000 - 0x00007ffed96cc000 	C:\WINDOWS\System32\SETUPAPI.dll
0x00007ffed6b20000 - 0x00007ffed6b6c000 	C:\WINDOWS\SYSTEM32\cfgmgr32.dll
0x00007ffeca5d0000 - 0x00007ffeca851000 	C:\Windows\System32\DriverStore\FileRepository\iigd_dch.inf_amd64_a447fbb12ee262cf\igdgmm64.dll
0x00007ffecf420000 - 0x00007ffecf464000 	C:\WINDOWS\SYSTEM32\directxdatabasehelper.dll
0x00007ffed4390000 - 0x00007ffed43c4000 	C:\WINDOWS\SYSTEM32\ntmarta.dll
0x00007ffea03c0000 - 0x00007ffea0402000 	C:\Users\User\.openjfx\cache\17-ea\glass.dll
0x00007ffed7a70000 - 0x00007ffed7b5c000 	C:\WINDOWS\System32\COMDLG32.dll
0x00007ffed7be0000 - 0x00007ffed7cfe000 	C:\WINDOWS\System32\MSCTF.dll
0x00007ffe8e860000 - 0x00007ffe8e887000 	C:\Windows\System32\DriverStore\FileRepository\iigd_dch.inf_amd64_a447fbb12ee262cf\igdinfo64.dll
0x00007ffec70a0000 - 0x00007ffec9ee4000 	C:\Windows\System32\DriverStore\FileRepository\iigd_dch.inf_amd64_a447fbb12ee262cf\igc64.dll
0x00007ffea9ce0000 - 0x00007ffea9cf4000 	C:\Users\User\.openjfx\cache\17-ea\javafx_font.dll
0x00007ffec1f00000 - 0x00007ffec215f000 	C:\WINDOWS\SYSTEM32\dwrite.dll
0x00007ffed97e0000 - 0x00007ffed988f000 	C:\WINDOWS\System32\clbcatq.dll
0x00007ffecdcd0000 - 0x00007ffecde7e000 	C:\WINDOWS\SYSTEM32\WindowsCodecs.dll
0x00007ffea5ca0000 - 0x00007ffea5cfd000 	C:\WINDOWS\system32\dataexchange.dll
0x00007ffeccef0000 - 0x00007ffecd156000 	C:\WINDOWS\system32\twinapi.appcore.dll
0x00007ffea93e0000 - 0x00007ffea9412000 	C:\Program Files\Common Files\Microsoft Shared\Ink\rtscom.dll
0x00007ffec1050000 - 0x00007ffec117d000 	C:\WINDOWS\SYSTEM32\textinputframework.dll
0x00007ffed3ca0000 - 0x00007ffed3dd2000 	C:\WINDOWS\SYSTEM32\CoreMessaging.dll
0x00007ffecea00000 - 0x00007ffeced6d000 	C:\WINDOWS\SYSTEM32\CoreUIComponents.dll
0x00007ffed6680000 - 0x00007ffed668c000 	C:\WINDOWS\SYSTEM32\CRYPTBASE.DLL
0x00007ffed5b30000 - 0x00007ffed5c18000 	C:\WINDOWS\SYSTEM32\DNSAPI.dll
0x00007ffed5b00000 - 0x00007ffed5b2d000 	C:\WINDOWS\SYSTEM32\IPHLPAPI.DLL
0x00007ffed8560000 - 0x00007ffed8569000 	C:\WINDOWS\System32\NSI.dll
0x000000005b320000 - 0x000000005b355000 	C:\Program Files\Bonjour\mdnsNSP.dll
0x00007ffed0290000 - 0x00007ffed029a000 	C:\Windows\System32\rasadhlp.dll
0x00007ffed07a0000 - 0x00007ffed0821000 	C:\WINDOWS\System32\fwpuclnt.dll

dbghelp: loaded successfully - version: 4.0.5 - missing functions: none
symbol engine: initialized successfully - sym options: 0x614 - pdb path: .;C:\Program Files\Java\jdk-18.0.1.1\bin;C:\WINDOWS\SYSTEM32;C:\WINDOWS\WinSxS\amd64_microsoft.windows.common-controls_6595b64144ccf1df_6.0.22000.120_none_9d947278b86cc467;C:\Program Files\Java\jdk-18.0.1.1\bin\server;C:\Users\User\AppData\Local\JetBrains\IntelliJ IDEA Community Edition 2021.2.2\bin;C:\Users\User\.openjfx\cache\17-ea;C:\Windows\System32\DriverStore\FileRepository\iigd_dch.inf_amd64_a447fbb12ee262cf;C:\Program Files\Common Files\Microsoft Shared\Ink;C:\Program Files\Bonjour

VM Arguments:
jvm_args: -javaagent:C:\Users\User\AppData\Local\JetBrains\IntelliJ IDEA Community Edition 2021.2.2\lib\idea_rt.jar=50729:C:\Users\User\AppData\Local\JetBrains\IntelliJ IDEA Community Edition 2021.2.2\bin -Dfile.encoding=UTF-8 --module-path=C:\Users\User\IdeaProjects\client-server app\target\classes;C:\Users\User\.m2\repository\org\openjfx\javafx-media\17-ea+11\javafx-media-17-ea+11-win.jar;C:\Users\User\.m2\repository\org\openjfx\javafx-controls\17-ea+11\javafx-controls-17-ea+11-win.jar;C:\Users\User\.m2\repository\org\kordamp\ikonli\ikonli-core\12.2.0\ikonli-core-12.2.0.jar;C:\Users\User\.m2\repository\org\kordamp\bootstrapfx\bootstrapfx-core\0.4.0\bootstrapfx-core-0.4.0.jar;C:\Users\User\.m2\repository\org\openjfx\javafx-base\17-ea+11\javafx-base-17-ea+11-win.jar;C:\Users\User\.m2\repository\org\controlsfx\controlsfx\11.1.0\controlsfx-11.1.0.jar;C:\Users\User\.m2\repository\net\synedra\validatorfx\0.1.13\validatorfx-0.1.13.jar;C:\Users\User\Desktop\mysql-connector-java-8.0.29\mysql-connector-java-8.0.29.jar;C:\Users\User\.m2\repository\org\openjfx\javafx-fxml\17-ea+11\javafx-fxml-17-ea+11-win.jar;C:\Users\User\.m2\repository\org\openjfx\javafx-web\17-ea+11\javafx-web-17-ea+11-win.jar;C:\Users\User\.m2\repository\eu\hansolo\tilesfx\11.48\tilesfx-11.48.jar;C:\Users\User\.m2\repository\org\openjfx\javafx-graphics\17-ea+11\javafx-graphics-17-ea+11-win.jar;C:\Users\User\.m2\repository\org\kordamp\ikonli\ikonli-javafx\12.2.0\ikonli-javafx-12.2.0.jar;C:\Users\User\.m2\repository\com\dlsc\formsfx\formsfx-core\11.3.2\formsfx-core-11.3.2.jar -Djdk.module.main=com.example.clientserver 
java_command: com.example.clientserver/com.example.clientserver.Main
java_class_path (initial): C:\Users\User\.m2\repository\org\openjfx\javafx-controls\17-ea+11\javafx-controls-17-ea+11.jar;C:\Users\User\.m2\repository\org\openjfx\javafx-graphics\17-ea+11\javafx-graphics-17-ea+11.jar;C:\Users\User\.m2\repository\org\openjfx\javafx-base\17-ea+11\javafx-base-17-ea+11.jar;C:\Users\User\.m2\repository\org\openjfx\javafx-fxml\17-ea+11\javafx-fxml-17-ea+11.jar;C:\Users\User\.m2\repository\org\openjfx\javafx-web\17-ea+11\javafx-web-17-ea+11.jar;C:\Users\User\.m2\repository\org\openjfx\javafx-media\17-ea+11\javafx-media-17-ea+11.jar
Launcher Type: SUN_STANDARD

[Global flags]
     intx CICompilerCount                          = 4                                         {product} {ergonomic}
     uint ConcGCThreads                            = 2                                         {product} {ergonomic}
     uint G1ConcRefinementThreads                  = 8                                         {product} {ergonomic}
   size_t G1HeapRegionSize                         = 2097152                                   {product} {ergonomic}
    uintx GCDrainStackTargetSize                   = 64                                        {product} {ergonomic}
   size_t InitialHeapSize                          = 266338304                                 {product} {ergonomic}
   size_t MarkStackSize                            = 4194304                                   {product} {ergonomic}
   size_t MaxHeapSize                              = 4240441344                                {product} {ergonomic}
   size_t MaxNewSize                               = 2543845376                                {product} {ergonomic}
   size_t MinHeapDeltaBytes                        = 2097152                                   {product} {ergonomic}
   size_t MinHeapSize                              = 8388608                                   {product} {ergonomic}
    uintx NonNMethodCodeHeapSize                   = 5839372                                {pd product} {ergonomic}
    uintx NonProfiledCodeHeapSize                  = 122909434                              {pd product} {ergonomic}
    uintx ProfiledCodeHeapSize                     = 122909434                              {pd product} {ergonomic}
    uintx ReservedCodeCacheSize                    = 251658240                              {pd product} {ergonomic}
     bool SegmentedCodeCache                       = true                                      {product} {ergonomic}
   size_t SoftMaxHeapSize                          = 4240441344                             {manageable} {ergonomic}
     bool UseCompressedClassPointers               = true                           {product lp64_product} {ergonomic}
     bool UseCompressedOops                        = true                           {product lp64_product} {ergonomic}
     bool UseG1GC                                  = true                                      {product} {ergonomic}
     bool UseLargePagesIndividualAllocation        = false                                  {pd product} {ergonomic}

Logging:
Log output configuration:
 #0: stdout all=off uptime,level,tags foldmultilines=false
 #1: stderr all=off uptime,level,tags foldmultilines=false

Environment Variables:
PATH=C:\Program Files\Common Files\Oracle\Java\javapath;C:\Program Files (x86)\Common Files\Oracle\Java\javapath;C:\Program Files\Eclipse Foundation\jdk-8.0.302.8-hotspot\bin;C:\Program Files\Eclipse Foundation\jdk-16.0.2.7-hotspot\bin;C:\WINDOWS\system32;C:\WINDOWS;C:\WINDOWS\System32\Wbem;C:\WINDOWS\System32\WindowsPowerShell\v1.0\;C:\WINDOWS\System32\OpenSSH\;C:\Program Files\Microsoft SQL Server\120\Tools\Binn\;C:\Program Files\Common Files\Autodesk Shared\;C:\Program Files\Git\cmd;C:\Program Files\Docker\Docker\resources\bin;C:\ProgramData\DockerDesktop\version-bin;C:\Program Files (x86)\dotnet\;C:\Program Files\MySQL\MySQL Shell 8.0\bin\;C:\Users\User\AppData\Local\Programs\Python\Python39\Scripts\;C:\Users\User\AppData\Local\Programs\Python\Python39\;C:\Users\User\AppData\Local\Microsoft\WindowsApps;C:\Users\User\AppData\Local\Microsoft\WindowsApps;D:\Microsoft VS Code\bin;D:\PyCharm 2021.2.2\bin;;D:\IntelliJ IDEA 2021.2\bin;;C:\Users\User\AppData\Local\JetBrains\IntelliJ IDEA Community Edition 2021.2.2\bin;;D:\PyCharm Community Edition 2021.3.2\bin;;C:\Users\User\AppData\Local\GitHubDesktop\bin;
USERNAME=User
OS=Windows_NT
PROCESSOR_IDENTIFIER=Intel64 Family 6 Model 126 Stepping 5, GenuineIntel



---------------  S Y S T E M  ---------------

OS:
 Windows 11 , 64 bit Build 22000 (10.0.22000.708)
OS uptime: 0 days 9:01 hours
Hyper-V role detected

CPU: total 8 (initial active 8) (4 cores per cpu, 2 threads per core) family 6 model 126 stepping 5 microcode 0xa0, cx8, cmov, fxsr, ht, mmx, 3dnowpref, sse, sse2, sse3, ssse3, sse4.1, sse4.2, popcnt, lzcnt, tsc, tscinvbit, avx, avx2, aes, erms, clmul, bmi1, bmi2, adx, avx512f, avx512dq, avx512cd, avx512bw, avx512vl, sha, fma, vzeroupper, avx512_vpopcntdq, avx512_vpclmulqdq, avx512_vaes, avx512_vnni, clflush, clflushopt, avx512_vbmi2, avx512_vbmi, hv

Memory: 4k page, system-wide physical 16174M (6713M free)
TotalPageFile size 17856M (AvailPageFile size 2372M)
current process WorkingSet (physical memory assigned to process): 170M, peak: 182M
current process commit charge ("private bytes"): 415M, peak: 428M

vm_info: Java HotSpot(TM) 64-Bit Server VM (18.0.1.1+2-6) for windows-amd64 JRE (18.0.1.1+2-6), built on Apr 25 2022 21:53:15 by "mach5one" with MS VC++ 16.8 / 16.9 (VS2019)

END.
