#
# A fatal error has been detected by the Java Runtime Environment:
#
#  EXCEPTION_ACCESS_VIOLATION (0xc0000005) at pc=0x00007ffa2fa66a87, pid=7868, tid=14388
#
# JRE version: Java(TM) SE Runtime Environment (18.0.1.1+2) (build 18.0.1.1+2-6)
# Java VM: Java HotSpot(TM) 64-Bit Server VM (18.0.1.1+2-6, mixed mode, sharing, tiered, compressed oops, compressed class ptrs, g1 gc, windows-amd64)
# Problematic frame:
# C  [glass.dll+0x26a87]
#
# No core dump will be written. Minidumps are not enabled by default on client versions of Windows
#
# If you would like to submit a bug report, please visit:
#   https://bugreport.java.com/bugreport/crash.jsp
#

---------------  S U M M A R Y ------------

Command Line: -javaagent:C:\Users\User\AppData\Local\JetBrains\IntelliJ IDEA Community Edition 2021.2.2\lib\idea_rt.jar=60334:C:\Users\User\AppData\Local\JetBrains\IntelliJ IDEA Community Edition 2021.2.2\bin -Dfile.encoding=UTF-8 --module-path=C:\Users\User\.m2\repository\org\controlsfx\controlsfx\11.1.0\controlsfx-11.1.0.jar;C:\Users\User\.m2\repository\org\openjfx\javafx-controls\17-ea+11\javafx-controls-17-ea+11-win.jar;C:\Users\User\.m2\repository\net\synedra\validatorfx\0.1.13\validatorfx-0.1.13.jar;C:\Users\User\IdeaProjects\client-server app\target\classes;C:\Users\User\.m2\repository\org\openjfx\javafx-web\17-ea+11\javafx-web-17-ea+11-win.jar;C:\Users\User\Desktop\mysql-connector-java-8.0.29\mysql-connector-java-8.0.29.jar;C:\Users\User\.m2\repository\org\kordamp\bootstrapfx\bootstrapfx-core\0.4.0\bootstrapfx-core-0.4.0.jar;C:\Users\User\.m2\repository\org\openjfx\javafx-fxml\17-ea+11\javafx-fxml-17-ea+11-win.jar;C:\Users\User\.m2\repository\eu\hansolo\tilesfx\11.48\tilesfx-11.48.jar;C:\Users\User\.m2\repository\org\kordamp\ikonli\ikonli-javafx\12.2.0\ikonli-javafx-12.2.0.jar;C:\Users\User\.m2\repository\org\openjfx\javafx-media\17-ea+11\javafx-media-17-ea+11-win.jar;C:\Users\User\.m2\repository\com\dlsc\formsfx\formsfx-core\11.3.2\formsfx-core-11.3.2.jar;C:\Users\User\.m2\repository\org\kordamp\ikonli\ikonli-core\12.2.0\ikonli-core-12.2.0.jar;C:\Users\User\.m2\repository\org\openjfx\javafx-graphics\17-ea+11\javafx-graphics-17-ea+11-win.jar;C:\Users\User\.m2\repository\org\openjfx\javafx-base\17-ea+11\javafx-base-17-ea+11-win.jar -Djdk.module.main=com.example.clientserver com.example.clientserver/com.example.clientserver.Main

Host: Intel(R) Core(TM) i7-1065G7 CPU @ 1.30GHz, 8 cores, 15G,  Windows 11 , 64 bit Build 22000 (10.0.22000.675)
Time: Sun Jun 12 13:13:42 2022 RTZ 2 (s 11 , 64 bit Build 22000 (10.0.22000.675) elapsed time: 1157.054397 seconds (0d 0h 19m 17s)

---------------  T H R E A D  ---------------

Current thread (0x000001fd67d61180):  VMThread "VM Thread" [stack: 0x0000001f41600000,0x0000001f41700000] [id=14388]

Stack: [0x0000001f41600000,0x0000001f41700000],  sp=0x0000001f416fee50,  free space=1019k
Native frames: (J=compiled Java code, j=interpreted, Vv=VM code, C=native code)
C  [glass.dll+0x26a87]


siginfo: EXCEPTION_ACCESS_VIOLATION (0xc0000005), reading address 0x0000000000000000


Register to memory mapping:

RIP=0x00007ffa2fa66a87 glass.dll
RAX=0x0 is NULL
RBX=0x000001fd0c917cd8 is a global jni handle
RCX=0x000001fd67d61180 points into unknown readable memory: 0x00007ffa1791d938 | 38 d9 91 17 fa 7f 00 00
RDX=0x0000001f416fee50 points into unknown readable memory: 0x0000000000000000 | 00 00 00 00 00 00 00 00
RSP=0x0000001f416fee50 points into unknown readable memory: 0x0000000000000000 | 00 00 00 00 00 00 00 00
RBP=0x000001fd0c9191c8 points into unknown readable memory: 0x0000806c8e6c89aa | aa 89 6c 8e 6c 80 00 00
RSI=0x000001fd0c9191a0 points into unknown readable memory: 0x98f9306c8f936114 | 14 61 93 8f 6c 30 f9 98
RDI=0x0000806c8e6c89aa is an unknown value
R8 =0x0000000000010002 is an unknown value
R9 =0x0000806c8e6c89aa is an unknown value
R10=0x85f13e9656da4870 is an unknown value
R11=0x0000001f416fede0 points into unknown readable memory: 0x000001fd0c9191a0 | a0 91 91 0c fd 01 00 00
R12=0x00007ffa2fa64354 glass.dll
R13=0x00007ffa17adfbc0 jvm.dll
R14=0x0000001f416fef58 points into unknown readable memory: 0x0000001f416fef40 | 40 ef 6f 41 1f 00 00 00
R15=0x000001fd0c9191a0 points into unknown readable memory: 0x98f9306c8f936114 | 14 61 93 8f 6c 30 f9 98


Registers:
RAX=0x0000000000000000, RBX=0x000001fd0c917cd8, RCX=0x000001fd67d61180, RDX=0x0000001f416fee50
RSP=0x0000001f416fee50, RBP=0x000001fd0c9191c8, RSI=0x000001fd0c9191a0, RDI=0x0000806c8e6c89aa
R8 =0x0000000000010002, R9 =0x0000806c8e6c89aa, R10=0x85f13e9656da4870, R11=0x0000001f416fede0
R12=0x00007ffa2fa64354, R13=0x00007ffa17adfbc0, R14=0x0000001f416fef58, R15=0x000001fd0c9191a0
RIP=0x00007ffa2fa66a87, EFLAGS=0x0000000000010206

Top of Stack: (sp=0x0000001f416fee50)
0x0000001f416fee50:   0000000000000000 000001fd0c9191a0
0x0000001f416fee60:   00007ffa17adfbc0 00007ffa2fa64354
0x0000001f416fee70:   000001fd0c9191a8 00007ffa5486bea0
0x0000001f416fee80:   0000806c8e6c89aa 000001fd00000000
0x0000001f416fee90:   000001fd0c9191c8 000001fd0c9191a0
0x0000001f416feea0:   fffffffffffffffe 0000000000000000
0x0000001f416feeb0:   0000000000000001 00007ffa2fa40000
0x0000001f416feec0:   0000001f416fef48 00007ffa5486bdb7
0x0000001f416feed0:   0000000000000000 0000001f416fef58
0x0000001f416feee0:   0000001f416ff230 00007ffa549512b0
0x0000001f416feef0:   0000000000000001 00007ffa5486bd6d
0x0000001f416fef00:   0000000000000000 0000000000000001
0x0000001f416fef10:   0000000000000000 0000001f416fef48
0x0000001f416fef20:   fffffffffffffffe 0000001f416ff200
0x0000001f416fef30:   0000000000000000 00007ffa2fa641e1
0x0000001f416fef40:   00007ffa2fa7a138 00007ff900000002 

Instructions: (pc=0x00007ffa2fa66a87)
0x00007ffa2fa66987:   8b 4d 58 e8 01 cf ff ff 48 8b 4d 60 e8 f8 ce ff
0x00007ffa2fa66997:   ff 48 8b 95 80 00 00 00 48 8b 8d 18 01 00 00 e8
0x00007ffa2fa669a7:   c6 c3 ff ff 33 d2 33 c9 e8 3c e1 ff ff 90 48 89
0x00007ffa2fa669b7:   54 24 10 55 48 83 ec 20 48 8b ea 48 b8 00 00 00
0x00007ffa2fa669c7:   00 00 00 00 00 48 83 c4 20 5d c3 cc 40 55 48 8b
0x00007ffa2fa669d7:   ea 48 8b 01 33 c9 81 38 05 00 00 c0 0f 94 c1 8b
0x00007ffa2fa669e7:   c1 5d c3 cc 40 55 48 83 ec 20 48 8b ea 8a 4d 40
0x00007ffa2fa669f7:   48 83 c4 20 5d e9 f7 d2 ff ff cc 40 55 48 83 ec
0x00007ffa2fa66a07:   20 48 8b ea 8a 4d 20 e8 e5 d2 ff ff 90 48 83 c4
0x00007ffa2fa66a17:   20 5d c3 cc 40 55 48 83 ec 20 48 8b ea 48 83 c4
0x00007ffa2fa66a27:   20 5d e9 46 d1 ff ff cc 40 55 48 83 ec 30 48 8b
0x00007ffa2fa66a37:   ea 48 8b 01 8b 10 48 89 4c 24 28 89 54 24 20 4c
0x00007ffa2fa66a47:   8d 0d e7 d5 ff ff 4c 8b 45 70 8b 55 68 48 8b 4d
0x00007ffa2fa66a57:   60 e8 87 d0 ff ff 90 48 83 c4 30 5d c3 cc cc cc
0x00007ffa2fa66a67:   cc cc cc cc cc cc cc cc cc 40 53 48 83 ec 20 48
0x00007ffa2fa66a77:   8b 1d b3 30 01 00 48 85 db 74 16 e8 09 8b ff ff
0x00007ffa2fa66a87:   4c 8b 00 48 8b d3 48 8b c8 41 ff 90 b0 00 00 00
0x00007ffa2fa66a97:   90 48 83 c4 20 5b c3 cc cc 40 53 48 83 ec 20 48
0x00007ffa2fa66aa7:   8b 1d 2b 32 01 00 48 85 db 74 57 b8 ff ff ff ff
0x00007ffa2fa66ab7:   f0 0f c1 43 10 83 f8 01 75 3d 48 85 db 74 38 48
0x00007ffa2fa66ac7:   8b 0b 48 85 c9 74 0d ff 15 d4 07 00 00 48 c7 03
0x00007ffa2fa66ad7:   00 00 00 00 48 8b 4b 08 48 85 c9 74 0d e8 a7 cd
0x00007ffa2fa66ae7:   ff ff 48 c7 43 08 00 00 00 00 ba 18 00 00 00 48
0x00007ffa2fa66af7:   8b cb e8 92 cd ff ff 48 c7 05 cf 31 01 00 00 00
0x00007ffa2fa66b07:   00 00 48 83 c4 20 5b c3 cc 40 53 48 83 ec 20 48
0x00007ffa2fa66b17:   8b 1d 9b 31 01 00 48 85 db 74 57 b8 ff ff ff ff
0x00007ffa2fa66b27:   f0 0f c1 43 10 83 f8 01 75 3d 48 85 db 74 38 48
0x00007ffa2fa66b37:   8b 0b 48 85 c9 74 0d ff 15 64 07 00 00 48 c7 03
0x00007ffa2fa66b47:   00 00 00 00 48 8b 4b 08 48 85 c9 74 0d e8 37 cd
0x00007ffa2fa66b57:   ff ff 48 c7 43 08 00 00 00 00 ba 18 00 00 00 48
0x00007ffa2fa66b67:   8b cb e8 22 cd ff ff 48 c7 05 3f 31 01 00 00 00
0x00007ffa2fa66b77:   00 00 48 83 c4 20 5b c3 cc 40 53 48 83 ec 20 48 


Stack slot to memory mapping:
stack at sp + 0 slots: 0x0 is NULL
stack at sp + 1 slots: 0x000001fd0c9191a0 points into unknown readable memory: 0x98f9306c8f936114 | 14 61 93 8f 6c 30 f9 98
stack at sp + 2 slots: 0x00007ffa17adfbc0 jvm.dll
stack at sp + 3 slots: 0x00007ffa2fa64354 glass.dll
stack at sp + 4 slots: 0x000001fd0c9191a8 points into unknown readable memory: 0x0000806c8e6c89aa | aa 89 6c 8e 6c 80 00 00
stack at sp + 5 slots: 0x00007ffa5486bea0 ucrtbase.dll
stack at sp + 6 slots: 0x0000806c8e6c89aa is an unknown value
stack at sp + 7 slots: 0x000001fd00000000 points into unknown readable memory: 0x000001fd0011a000 | 00 a0 11 00 fd 01 00 00

VM_Operation (0x0000001f40dff410): Exit, mode: safepoint, requested by thread 0x000001fd16862540


---------------  P R O C E S S  ---------------

Threads class SMR info:
_java_thread_list=0x000001fd168d4190, length=21, elements={
0x000001fd67cc34d0, 0x000001fd0c9143a0, 0x000001fd0c914d40, 0x000001fd0c92f7d0,
0x000001fd0c932180, 0x000001fd0c932b20, 0x000001fd0c936810, 0x000001fd0c93b610,
0x000001fd0c93bf00, 0x000001fd0c902d90, 0x000001fd10eb1bd0, 0x000001fd10ffe590,
0x000001fd11425d60, 0x000001fd1159dd40, 0x000001fd1157d6d0, 0x000001fd11733680,
0x000001fd16130760, 0x000001fd165c1e90, 0x000001fd16860d30, 0x000001fd168616d0,
0x000001fd16862540
}

Java Threads: ( => current thread )
  0x000001fd67cc34d0 JavaThread "main" [_thread_blocked, id=10468, stack(0x0000001f41000000,0x0000001f41100000)]
  0x000001fd0c9143a0 JavaThread "Reference Handler" daemon [_thread_blocked, id=10016, stack(0x0000001f41700000,0x0000001f41800000)]
  0x000001fd0c914d40 JavaThread "Finalizer" daemon [_thread_blocked, id=6904, stack(0x0000001f41800000,0x0000001f41900000)]
  0x000001fd0c92f7d0 JavaThread "Attach Listener" daemon [_thread_blocked, id=14572, stack(0x0000001f41a00000,0x0000001f41b00000)]
  0x000001fd0c932180 JavaThread "Service Thread" daemon [_thread_blocked, id=14112, stack(0x0000001f41b00000,0x0000001f41c00000)]
  0x000001fd0c932b20 JavaThread "Monitor Deflation Thread" daemon [_thread_blocked, id=4952, stack(0x0000001f41c00000,0x0000001f41d00000)]
  0x000001fd0c936810 JavaThread "C2 CompilerThread0" daemon [_thread_blocked, id=13200, stack(0x0000001f41d00000,0x0000001f41e00000)]
  0x000001fd0c93b610 JavaThread "C1 CompilerThread0" daemon [_thread_blocked, id=11072, stack(0x0000001f41e00000,0x0000001f41f00000)]
  0x000001fd0c93bf00 JavaThread "Sweeper thread" daemon [_thread_blocked, id=9152, stack(0x0000001f41f00000,0x0000001f42000000)]
  0x000001fd0c902d90 JavaThread "Common-Cleaner" daemon [_thread_blocked, id=14484, stack(0x0000001f42000000,0x0000001f42100000)]
  0x000001fd10eb1bd0 JavaThread "Monitor Ctrl-Break" daemon [_thread_in_native, id=7152, stack(0x0000001f42300000,0x0000001f42400000)]
  0x000001fd10ffe590 JavaThread "Notification Thread" daemon [_thread_blocked, id=15288, stack(0x0000001f42400000,0x0000001f42500000)]
  0x000001fd11425d60 JavaThread "QuantumRenderer-0" daemon [_thread_blocked, id=5644, stack(0x0000001f42600000,0x0000001f42700000)]
  0x000001fd1159dd40 JavaThread "InvokeLaterDispatcher" daemon [_thread_blocked, id=13460, stack(0x0000001f42700000,0x0000001f42800000)]
  0x000001fd1157d6d0 JavaThread "JavaFX Application Thread" [_thread_in_native, id=10884, stack(0x0000001f42800000,0x0000001f42900000)]
  0x000001fd11733680 JavaThread "JavaFX-Launcher" [_thread_blocked, id=9024, stack(0x0000001f42d00000,0x0000001f42e00000)]
  0x000001fd16130760 JavaThread "Thread-2" daemon [_thread_in_native, id=8568, stack(0x0000001f42c00000,0x0000001f42d00000)]
  0x000001fd165c1e90 JavaThread "Prism Font Disposer" daemon [_thread_blocked, id=992, stack(0x0000001f43600000,0x0000001f43700000)]
  0x000001fd16860d30 JavaThread "Cleaner-0" daemon [_thread_blocked, id=14656, stack(0x0000001f43700000,0x0000001f43800000)]
  0x000001fd168616d0 JavaThread "mysql-cj-abandoned-connection-cleanup" daemon [_thread_blocked, id=4852, stack(0x0000001f42100000,0x0000001f42200000)]
  0x000001fd16862540 JavaThread "SIGINT handler" daemon [_thread_blocked, id=10604, stack(0x0000001f40d00000,0x0000001f40e00000)]

Other Threads:
=>0x000001fd67d61180 VMThread "VM Thread" [stack: 0x0000001f41600000,0x0000001f41700000] [id=14388]
  0x000001fd67d37070 WorkerThread "GC Thread#0" [stack: 0x0000001f41100000,0x0000001f41200000] [id=3048]
  0x000001fd116f7b00 WorkerThread "GC Thread#1" [stack: 0x0000001f42e00000,0x0000001f42f00000] [id=14028]
  0x000001fd116f7da0 WorkerThread "GC Thread#2" [stack: 0x0000001f42f00000,0x0000001f43000000] [id=9876]
  0x000001fd116f8040 WorkerThread "GC Thread#3" [stack: 0x0000001f43000000,0x0000001f43100000] [id=8072]
  0x000001fd116f8580 WorkerThread "GC Thread#4" [stack: 0x0000001f43100000,0x0000001f43200000] [id=9260]
  0x000001fd1613eb60 WorkerThread "GC Thread#5" [stack: 0x0000001f43200000,0x0000001f43300000] [id=6204]
  0x000001fd1613c400 WorkerThread "GC Thread#6" [stack: 0x0000001f43800000,0x0000001f43900000] [id=13324]
  0x000001fd1613d3c0 WorkerThread "GC Thread#7" [stack: 0x0000001f43900000,0x0000001f43a00000] [id=13252]
  0x000001fd67d48c70 ConcurrentGCThread "G1 Main Marker" terminated
  0x000001fd67d49e00 WorkerThread "G1 Conc#0" [stack: 0x0000001f41300000,0x0000001f41400000] [id=9664]
  0x000001fd67d8e0a0 ConcurrentGCThread "G1 Refine#0" terminated
  0x000001fd1696bd00 ConcurrentGCThread "G1 Refine#1" terminated
  0x000001fd67d8e9b0 ConcurrentGCThread "G1 Service" terminated

Threads with active compile tasks:

VM state: at safepoint (shutting down)

VM Mutex/Monitor currently owned by a thread:  ([mutex/lock_event])
[0x000001fd67cc0a30] Threads_lock - owner thread: 0x000001fd67d61180
[0x000001fd67cbfcb0] Heap_lock - owner thread: 0x000001fd16862540

Heap address: 0x0000000703400000, size: 4044 MB, Compressed Oops mode: Zero based, Oop shift amount: 3

CDS archive(s) mapped at: [0x0000000800000000-0x0000000800ba0000-0x0000000800ba0000), size 12189696, SharedBaseAddress: 0x0000000800000000, ArchiveRelocationMode: 0.
Compressed class space mapped at: 0x0000000800c00000-0x0000000840c00000, reserved size: 1073741824
Narrow klass base: 0x0000000800000000, Narrow klass shift: 0, Narrow klass range: 0x100000000

GC Precious Log:
 CardTable entry size: 512
 Card Set container configuration: InlinePtr #cards 4 size 8 Array Of Cards #cards 16 size 48 Howl #buckets 8 coarsen threshold 3686 Howl Bitmap #cards 512 size 80 coarsen threshold 460 Card regions per heap region 1 cards per card region 4096
 CPUs: 8 total, 8 available
 Memory: 16174M
 Large Page Support: Disabled
 NUMA Support: Disabled
 Compressed Oops: Enabled (Zero based)
 Heap Region Size: 2M
 Heap Min Capacity: 8M
 Heap Initial Capacity: 254M
 Heap Max Capacity: 4044M
 Pre-touch: Disabled
 Parallel Workers: 8
 Concurrent Workers: 2
 Concurrent Refinement Workers: 8
 Periodic GC: Disabled

Heap:
 garbage-first heap   total 260096K, used 30438K [0x0000000703400000, 0x0000000800000000)
  region size 2048K, 14 young (28672K), 3 survivors (6144K)
 Metaspace       used 19211K, committed 19520K, reserved 1114112K
  class space    used 2481K, committed 2624K, reserved 1048576K

Heap Regions: E=young(eden), S=young(survivor), O=old, HS=humongous(starts), HC=humongous(continues), CS=collection set, F=free, OA=open archive, CA=closed archive, TAMS=top-at-mark-start (previous, next)
|   0|0x0000000703400000, 0x00000007035b9a00, 0x0000000703600000| 86%| O|  |TAMS 0x0000000703400000, 0x0000000703400000| Untracked 
|   1|0x0000000703600000, 0x0000000703800000, 0x0000000703800000|100%|HS|  |TAMS 0x0000000703600000, 0x0000000703600000| Complete 
|   2|0x0000000703800000, 0x0000000703800000, 0x0000000703a00000|  0%| F|  |TAMS 0x0000000703800000, 0x0000000703800000| Untracked 
|   3|0x0000000703a00000, 0x0000000703a00000, 0x0000000703c00000|  0%| F|  |TAMS 0x0000000703a00000, 0x0000000703a00000| Untracked 
|   4|0x0000000703c00000, 0x0000000703c00000, 0x0000000703e00000|  0%| F|  |TAMS 0x0000000703c00000, 0x0000000703c00000| Untracked 
|   5|0x0000000703e00000, 0x0000000703e00000, 0x0000000704000000|  0%| F|  |TAMS 0x0000000703e00000, 0x0000000703e00000| Untracked 
|   6|0x0000000704000000, 0x0000000704000000, 0x0000000704200000|  0%| F|  |TAMS 0x0000000704000000, 0x0000000704000000| Untracked 
|   7|0x0000000704200000, 0x0000000704200000, 0x0000000704400000|  0%| F|  |TAMS 0x0000000704200000, 0x0000000704200000| Untracked 
|   8|0x0000000704400000, 0x0000000704400000, 0x0000000704600000|  0%| F|  |TAMS 0x0000000704400000, 0x0000000704400000| Untracked 
|   9|0x0000000704600000, 0x0000000704600000, 0x0000000704800000|  0%| F|  |TAMS 0x0000000704600000, 0x0000000704600000| Untracked 
|  10|0x0000000704800000, 0x0000000704800000, 0x0000000704a00000|  0%| F|  |TAMS 0x0000000704800000, 0x0000000704800000| Untracked 
|  11|0x0000000704a00000, 0x0000000704a00000, 0x0000000704c00000|  0%| F|  |TAMS 0x0000000704a00000, 0x0000000704a00000| Untracked 
|  12|0x0000000704c00000, 0x0000000704c00000, 0x0000000704e00000|  0%| F|  |TAMS 0x0000000704c00000, 0x0000000704c00000| Untracked 
|  13|0x0000000704e00000, 0x0000000704e00000, 0x0000000705000000|  0%| F|  |TAMS 0x0000000704e00000, 0x0000000704e00000| Untracked 
|  14|0x0000000705000000, 0x0000000705000000, 0x0000000705200000|  0%| F|  |TAMS 0x0000000705000000, 0x0000000705000000| Untracked 
|  15|0x0000000705200000, 0x0000000705200000, 0x0000000705400000|  0%| F|  |TAMS 0x0000000705200000, 0x0000000705200000| Untracked 
|  16|0x0000000705400000, 0x0000000705400000, 0x0000000705600000|  0%| F|  |TAMS 0x0000000705400000, 0x0000000705400000| Untracked 
|  17|0x0000000705600000, 0x0000000705600000, 0x0000000705800000|  0%| F|  |TAMS 0x0000000705600000, 0x0000000705600000| Untracked 
|  18|0x0000000705800000, 0x0000000705800000, 0x0000000705a00000|  0%| F|  |TAMS 0x0000000705800000, 0x0000000705800000| Untracked 
|  19|0x0000000705a00000, 0x0000000705a00000, 0x0000000705c00000|  0%| F|  |TAMS 0x0000000705a00000, 0x0000000705a00000| Untracked 
|  20|0x0000000705c00000, 0x0000000705c00000, 0x0000000705e00000|  0%| F|  |TAMS 0x0000000705c00000, 0x0000000705c00000| Untracked 
|  21|0x0000000705e00000, 0x0000000705e00000, 0x0000000706000000|  0%| F|  |TAMS 0x0000000705e00000, 0x0000000705e00000| Untracked 
|  22|0x0000000706000000, 0x0000000706000000, 0x0000000706200000|  0%| F|  |TAMS 0x0000000706000000, 0x0000000706000000| Untracked 
|  23|0x0000000706200000, 0x0000000706200000, 0x0000000706400000|  0%| F|  |TAMS 0x0000000706200000, 0x0000000706200000| Untracked 
|  24|0x0000000706400000, 0x0000000706400000, 0x0000000706600000|  0%| F|  |TAMS 0x0000000706400000, 0x0000000706400000| Untracked 
|  25|0x0000000706600000, 0x0000000706600000, 0x0000000706800000|  0%| F|  |TAMS 0x0000000706600000, 0x0000000706600000| Untracked 
|  26|0x0000000706800000, 0x0000000706800000, 0x0000000706a00000|  0%| F|  |TAMS 0x0000000706800000, 0x0000000706800000| Untracked 
|  27|0x0000000706a00000, 0x0000000706a00000, 0x0000000706c00000|  0%| F|  |TAMS 0x0000000706a00000, 0x0000000706a00000| Untracked 
|  28|0x0000000706c00000, 0x0000000706c00000, 0x0000000706e00000|  0%| F|  |TAMS 0x0000000706c00000, 0x0000000706c00000| Untracked 
|  29|0x0000000706e00000, 0x0000000706e00000, 0x0000000707000000|  0%| F|  |TAMS 0x0000000706e00000, 0x0000000706e00000| Untracked 
|  30|0x0000000707000000, 0x0000000707000000, 0x0000000707200000|  0%| F|  |TAMS 0x0000000707000000, 0x0000000707000000| Untracked 
|  31|0x0000000707200000, 0x0000000707200000, 0x0000000707400000|  0%| F|  |TAMS 0x0000000707200000, 0x0000000707200000| Untracked 
|  32|0x0000000707400000, 0x0000000707400000, 0x0000000707600000|  0%| F|  |TAMS 0x0000000707400000, 0x0000000707400000| Untracked 
|  33|0x0000000707600000, 0x0000000707600000, 0x0000000707800000|  0%| F|  |TAMS 0x0000000707600000, 0x0000000707600000| Untracked 
|  34|0x0000000707800000, 0x0000000707800000, 0x0000000707a00000|  0%| F|  |TAMS 0x0000000707800000, 0x0000000707800000| Untracked 
|  35|0x0000000707a00000, 0x0000000707a00000, 0x0000000707c00000|  0%| F|  |TAMS 0x0000000707a00000, 0x0000000707a00000| Untracked 
|  36|0x0000000707c00000, 0x0000000707c00000, 0x0000000707e00000|  0%| F|  |TAMS 0x0000000707c00000, 0x0000000707c00000| Untracked 
|  37|0x0000000707e00000, 0x0000000707e00000, 0x0000000708000000|  0%| F|  |TAMS 0x0000000707e00000, 0x0000000707e00000| Untracked 
|  38|0x0000000708000000, 0x0000000708000000, 0x0000000708200000|  0%| F|  |TAMS 0x0000000708000000, 0x0000000708000000| Untracked 
|  39|0x0000000708200000, 0x0000000708200000, 0x0000000708400000|  0%| F|  |TAMS 0x0000000708200000, 0x0000000708200000| Untracked 
|  40|0x0000000708400000, 0x0000000708400000, 0x0000000708600000|  0%| F|  |TAMS 0x0000000708400000, 0x0000000708400000| Untracked 
|  41|0x0000000708600000, 0x0000000708600000, 0x0000000708800000|  0%| F|  |TAMS 0x0000000708600000, 0x0000000708600000| Untracked 
|  42|0x0000000708800000, 0x0000000708800000, 0x0000000708a00000|  0%| F|  |TAMS 0x0000000708800000, 0x0000000708800000| Untracked 
|  43|0x0000000708a00000, 0x0000000708a00000, 0x0000000708c00000|  0%| F|  |TAMS 0x0000000708a00000, 0x0000000708a00000| Untracked 
|  44|0x0000000708c00000, 0x0000000708c00000, 0x0000000708e00000|  0%| F|  |TAMS 0x0000000708c00000, 0x0000000708c00000| Untracked 
|  45|0x0000000708e00000, 0x0000000708e00000, 0x0000000709000000|  0%| F|  |TAMS 0x0000000708e00000, 0x0000000708e00000| Untracked 
|  46|0x0000000709000000, 0x0000000709000000, 0x0000000709200000|  0%| F|  |TAMS 0x0000000709000000, 0x0000000709000000| Untracked 
|  47|0x0000000709200000, 0x0000000709200000, 0x0000000709400000|  0%| F|  |TAMS 0x0000000709200000, 0x0000000709200000| Untracked 
|  48|0x0000000709400000, 0x0000000709400000, 0x0000000709600000|  0%| F|  |TAMS 0x0000000709400000, 0x0000000709400000| Untracked 
|  49|0x0000000709600000, 0x0000000709600000, 0x0000000709800000|  0%| F|  |TAMS 0x0000000709600000, 0x0000000709600000| Untracked 
|  50|0x0000000709800000, 0x0000000709800000, 0x0000000709a00000|  0%| F|  |TAMS 0x0000000709800000, 0x0000000709800000| Untracked 
|  51|0x0000000709a00000, 0x0000000709a00000, 0x0000000709c00000|  0%| F|  |TAMS 0x0000000709a00000, 0x0000000709a00000| Untracked 
|  52|0x0000000709c00000, 0x0000000709c00000, 0x0000000709e00000|  0%| F|  |TAMS 0x0000000709c00000, 0x0000000709c00000| Untracked 
|  53|0x0000000709e00000, 0x0000000709e00000, 0x000000070a000000|  0%| F|  |TAMS 0x0000000709e00000, 0x0000000709e00000| Untracked 
|  54|0x000000070a000000, 0x000000070a000000, 0x000000070a200000|  0%| F|  |TAMS 0x000000070a000000, 0x000000070a000000| Untracked 
|  55|0x000000070a200000, 0x000000070a200000, 0x000000070a400000|  0%| F|  |TAMS 0x000000070a200000, 0x000000070a200000| Untracked 
|  56|0x000000070a400000, 0x000000070a400000, 0x000000070a600000|  0%| F|  |TAMS 0x000000070a400000, 0x000000070a400000| Untracked 
|  57|0x000000070a600000, 0x000000070a600000, 0x000000070a800000|  0%| F|  |TAMS 0x000000070a600000, 0x000000070a600000| Untracked 
|  58|0x000000070a800000, 0x000000070a800000, 0x000000070aa00000|  0%| F|  |TAMS 0x000000070a800000, 0x000000070a800000| Untracked 
|  59|0x000000070aa00000, 0x000000070aa00000, 0x000000070ac00000|  0%| F|  |TAMS 0x000000070aa00000, 0x000000070aa00000| Untracked 
|  60|0x000000070ac00000, 0x000000070ac00000, 0x000000070ae00000|  0%| F|  |TAMS 0x000000070ac00000, 0x000000070ac00000| Untracked 
|  61|0x000000070ae00000, 0x000000070ae00000, 0x000000070b000000|  0%| F|  |TAMS 0x000000070ae00000, 0x000000070ae00000| Untracked 
|  62|0x000000070b000000, 0x000000070b000000, 0x000000070b200000|  0%| F|  |TAMS 0x000000070b000000, 0x000000070b000000| Untracked 
|  63|0x000000070b200000, 0x000000070b200000, 0x000000070b400000|  0%| F|  |TAMS 0x000000070b200000, 0x000000070b200000| Untracked 
|  64|0x000000070b400000, 0x000000070b400000, 0x000000070b600000|  0%| F|  |TAMS 0x000000070b400000, 0x000000070b400000| Untracked 
|  65|0x000000070b600000, 0x000000070b600000, 0x000000070b800000|  0%| F|  |TAMS 0x000000070b600000, 0x000000070b600000| Untracked 
|  66|0x000000070b800000, 0x000000070b800000, 0x000000070ba00000|  0%| F|  |TAMS 0x000000070b800000, 0x000000070b800000| Untracked 
|  67|0x000000070ba00000, 0x000000070ba00000, 0x000000070bc00000|  0%| F|  |TAMS 0x000000070ba00000, 0x000000070ba00000| Untracked 
|  68|0x000000070bc00000, 0x000000070bc00000, 0x000000070be00000|  0%| F|  |TAMS 0x000000070bc00000, 0x000000070bc00000| Untracked 
|  69|0x000000070be00000, 0x000000070be00000, 0x000000070c000000|  0%| F|  |TAMS 0x000000070be00000, 0x000000070be00000| Untracked 
|  70|0x000000070c000000, 0x000000070c000000, 0x000000070c200000|  0%| F|  |TAMS 0x000000070c000000, 0x000000070c000000| Untracked 
|  71|0x000000070c200000, 0x000000070c200000, 0x000000070c400000|  0%| F|  |TAMS 0x000000070c200000, 0x000000070c200000| Untracked 
|  72|0x000000070c400000, 0x000000070c400000, 0x000000070c600000|  0%| F|  |TAMS 0x000000070c400000, 0x000000070c400000| Untracked 
|  73|0x000000070c600000, 0x000000070c600000, 0x000000070c800000|  0%| F|  |TAMS 0x000000070c600000, 0x000000070c600000| Untracked 
|  74|0x000000070c800000, 0x000000070c800000, 0x000000070ca00000|  0%| F|  |TAMS 0x000000070c800000, 0x000000070c800000| Untracked 
|  75|0x000000070ca00000, 0x000000070ca00000, 0x000000070cc00000|  0%| F|  |TAMS 0x000000070ca00000, 0x000000070ca00000| Untracked 
|  76|0x000000070cc00000, 0x000000070cc00000, 0x000000070ce00000|  0%| F|  |TAMS 0x000000070cc00000, 0x000000070cc00000| Untracked 
|  77|0x000000070ce00000, 0x000000070ce00000, 0x000000070d000000|  0%| F|  |TAMS 0x000000070ce00000, 0x000000070ce00000| Untracked 
|  78|0x000000070d000000, 0x000000070d000000, 0x000000070d200000|  0%| F|  |TAMS 0x000000070d000000, 0x000000070d000000| Untracked 
|  79|0x000000070d200000, 0x000000070d200000, 0x000000070d400000|  0%| F|  |TAMS 0x000000070d200000, 0x000000070d200000| Untracked 
|  80|0x000000070d400000, 0x000000070d400000, 0x000000070d600000|  0%| F|  |TAMS 0x000000070d400000, 0x000000070d400000| Untracked 
|  81|0x000000070d600000, 0x000000070d600000, 0x000000070d800000|  0%| F|  |TAMS 0x000000070d600000, 0x000000070d600000| Untracked 
|  82|0x000000070d800000, 0x000000070d800000, 0x000000070da00000|  0%| F|  |TAMS 0x000000070d800000, 0x000000070d800000| Untracked 
|  83|0x000000070da00000, 0x000000070da00000, 0x000000070dc00000|  0%| F|  |TAMS 0x000000070da00000, 0x000000070da00000| Untracked 
|  84|0x000000070dc00000, 0x000000070dc00000, 0x000000070de00000|  0%| F|  |TAMS 0x000000070dc00000, 0x000000070dc00000| Untracked 
|  85|0x000000070de00000, 0x000000070de00000, 0x000000070e000000|  0%| F|  |TAMS 0x000000070de00000, 0x000000070de00000| Untracked 
|  86|0x000000070e000000, 0x000000070e000000, 0x000000070e200000|  0%| F|  |TAMS 0x000000070e000000, 0x000000070e000000| Untracked 
|  87|0x000000070e200000, 0x000000070e200000, 0x000000070e400000|  0%| F|  |TAMS 0x000000070e200000, 0x000000070e200000| Untracked 
|  88|0x000000070e400000, 0x000000070e400000, 0x000000070e600000|  0%| F|  |TAMS 0x000000070e400000, 0x000000070e400000| Untracked 
|  89|0x000000070e600000, 0x000000070e600000, 0x000000070e800000|  0%| F|  |TAMS 0x000000070e600000, 0x000000070e600000| Untracked 
|  90|0x000000070e800000, 0x000000070e800000, 0x000000070ea00000|  0%| F|  |TAMS 0x000000070e800000, 0x000000070e800000| Untracked 
|  91|0x000000070ea00000, 0x000000070ea00000, 0x000000070ec00000|  0%| F|  |TAMS 0x000000070ea00000, 0x000000070ea00000| Untracked 
|  92|0x000000070ec00000, 0x000000070ec00000, 0x000000070ee00000|  0%| F|  |TAMS 0x000000070ec00000, 0x000000070ec00000| Untracked 
|  93|0x000000070ee00000, 0x000000070ee00000, 0x000000070f000000|  0%| F|  |TAMS 0x000000070ee00000, 0x000000070ee00000| Untracked 
|  94|0x000000070f000000, 0x000000070f000000, 0x000000070f200000|  0%| F|  |TAMS 0x000000070f000000, 0x000000070f000000| Untracked 
|  95|0x000000070f200000, 0x000000070f200000, 0x000000070f400000|  0%| F|  |TAMS 0x000000070f200000, 0x000000070f200000| Untracked 
|  96|0x000000070f400000, 0x000000070f400000, 0x000000070f600000|  0%| F|  |TAMS 0x000000070f400000, 0x000000070f400000| Untracked 
|  97|0x000000070f600000, 0x000000070f600000, 0x000000070f800000|  0%| F|  |TAMS 0x000000070f600000, 0x000000070f600000| Untracked 
|  98|0x000000070f800000, 0x000000070f800000, 0x000000070fa00000|  0%| F|  |TAMS 0x000000070f800000, 0x000000070f800000| Untracked 
|  99|0x000000070fa00000, 0x000000070fa00000, 0x000000070fc00000|  0%| F|  |TAMS 0x000000070fa00000, 0x000000070fa00000| Untracked 
| 100|0x000000070fc00000, 0x000000070fc00000, 0x000000070fe00000|  0%| F|  |TAMS 0x000000070fc00000, 0x000000070fc00000| Untracked 
| 101|0x000000070fe00000, 0x000000070fe00000, 0x0000000710000000|  0%| F|  |TAMS 0x000000070fe00000, 0x000000070fe00000| Untracked 
| 102|0x0000000710000000, 0x0000000710000000, 0x0000000710200000|  0%| F|  |TAMS 0x0000000710000000, 0x0000000710000000| Untracked 
| 103|0x0000000710200000, 0x0000000710400000, 0x0000000710400000|100%| S|CS|TAMS 0x0000000710200000, 0x0000000710200000| Complete 
| 104|0x0000000710400000, 0x0000000710600000, 0x0000000710600000|100%| S|CS|TAMS 0x0000000710400000, 0x0000000710400000| Complete 
| 105|0x0000000710600000, 0x0000000710800000, 0x0000000710800000|100%| S|CS|TAMS 0x0000000710600000, 0x0000000710600000| Complete 
| 106|0x0000000710800000, 0x0000000710800000, 0x0000000710a00000|  0%| F|  |TAMS 0x0000000710800000, 0x0000000710800000| Untracked 
| 107|0x0000000710a00000, 0x0000000710a00000, 0x0000000710c00000|  0%| F|  |TAMS 0x0000000710a00000, 0x0000000710a00000| Untracked 
| 108|0x0000000710c00000, 0x0000000710c00000, 0x0000000710e00000|  0%| F|  |TAMS 0x0000000710c00000, 0x0000000710c00000| Untracked 
| 109|0x0000000710e00000, 0x0000000710e00000, 0x0000000711000000|  0%| F|  |TAMS 0x0000000710e00000, 0x0000000710e00000| Untracked 
| 110|0x0000000711000000, 0x0000000711000000, 0x0000000711200000|  0%| F|  |TAMS 0x0000000711000000, 0x0000000711000000| Untracked 
| 111|0x0000000711200000, 0x0000000711200000, 0x0000000711400000|  0%| F|  |TAMS 0x0000000711200000, 0x0000000711200000| Untracked 
| 112|0x0000000711400000, 0x0000000711400000, 0x0000000711600000|  0%| F|  |TAMS 0x0000000711400000, 0x0000000711400000| Untracked 
| 113|0x0000000711600000, 0x0000000711600000, 0x0000000711800000|  0%| F|  |TAMS 0x0000000711600000, 0x0000000711600000| Untracked 
| 114|0x0000000711800000, 0x0000000711800000, 0x0000000711a00000|  0%| F|  |TAMS 0x0000000711800000, 0x0000000711800000| Untracked 
| 115|0x0000000711a00000, 0x0000000711a00000, 0x0000000711c00000|  0%| F|  |TAMS 0x0000000711a00000, 0x0000000711a00000| Untracked 
| 116|0x0000000711c00000, 0x0000000711cf9b10, 0x0000000711e00000| 48%| E|  |TAMS 0x0000000711c00000, 0x0000000711c00000| Complete 
| 117|0x0000000711e00000, 0x0000000712000000, 0x0000000712000000|100%| E|CS|TAMS 0x0000000711e00000, 0x0000000711e00000| Complete 
| 118|0x0000000712000000, 0x0000000712200000, 0x0000000712200000|100%| E|CS|TAMS 0x0000000712000000, 0x0000000712000000| Complete 
| 119|0x0000000712200000, 0x0000000712400000, 0x0000000712400000|100%| E|CS|TAMS 0x0000000712200000, 0x0000000712200000| Complete 
| 120|0x0000000712400000, 0x0000000712600000, 0x0000000712600000|100%| E|CS|TAMS 0x0000000712400000, 0x0000000712400000| Complete 
| 121|0x0000000712600000, 0x0000000712800000, 0x0000000712800000|100%| E|CS|TAMS 0x0000000712600000, 0x0000000712600000| Complete 
| 122|0x0000000712800000, 0x0000000712a00000, 0x0000000712a00000|100%| E|CS|TAMS 0x0000000712800000, 0x0000000712800000| Complete 
| 123|0x0000000712a00000, 0x0000000712c00000, 0x0000000712c00000|100%| E|CS|TAMS 0x0000000712a00000, 0x0000000712a00000| Complete 
| 124|0x0000000712c00000, 0x0000000712e00000, 0x0000000712e00000|100%| E|CS|TAMS 0x0000000712c00000, 0x0000000712c00000| Complete 
| 125|0x0000000712e00000, 0x0000000713000000, 0x0000000713000000|100%| E|CS|TAMS 0x0000000712e00000, 0x0000000712e00000| Complete 
| 126|0x0000000713000000, 0x0000000713200000, 0x0000000713200000|100%| E|CS|TAMS 0x0000000713000000, 0x0000000713000000| Complete 

Card table byte_map: [0x000001fd01070000,0x000001fd01860000] _byte_map_base: 0x000001fcfd856000

Marking Bits (Prev, Next): (CMBitMap*) 0x000001fd67d37670, (CMBitMap*) 0x000001fd67d376b0
 Prev Bits: [0x000001fd02050000, 0x000001fd05f80000)
 Next Bits: [0x000001fd05f80000, 0x000001fd09eb0000)

Polling page: 0x000001fd67d90000

Metaspace:

Usage:
  Non-class:     16.34 MB used.
      Class:      2.42 MB used.
       Both:     18.76 MB used.

Virtual space:
  Non-class space:       64.00 MB reserved,      16.50 MB ( 26%) committed,  1 nodes.
      Class space:        1.00 GB reserved,       2.56 MB ( <1%) committed,  1 nodes.
             Both:        1.06 GB reserved,      19.06 MB (  2%) committed. 

Chunk freelists:
   Non-Class:  3.19 MB
       Class:  1.45 MB
        Both:  4.65 MB

MaxMetaspaceSize: unlimited
CompressedClassSpaceSize: 1.00 GB
Initial GC threshold: 21.00 MB
Current GC threshold: 21.00 MB
CDS: on
MetaspaceReclaimPolicy: balanced
 - commit_granule_bytes: 65536.
 - commit_granule_words: 8192.
 - virtual_space_node_default_size: 8388608.
 - enlarge_chunks_in_place: 1.
 - new_chunks_are_fully_committed: 0.
 - uncommit_free_chunks: 1.
 - use_allocation_guard: 0.


Internal statistics:

num_allocs_failed_limit: 0.
num_arena_births: 316.
num_arena_deaths: 0.
num_vsnodes_births: 2.
num_vsnodes_deaths: 0.
num_space_committed: 305.
num_space_uncommitted: 0.
num_chunks_returned_to_freelist: 0.
num_chunks_taken_from_freelist: 915.
num_chunk_merges: 0.
num_chunk_splits: 653.
num_chunks_enlarged: 506.
num_inconsistent_stats: 0.

CodeHeap 'non-profiled nmethods': size=120000Kb used=1414Kb max_used=1414Kb free=118585Kb
 bounds [0x000001fd788b0000, 0x000001fd78b20000, 0x000001fd7fde0000]
CodeHeap 'profiled nmethods': size=120000Kb used=6908Kb max_used=6908Kb free=113092Kb
 bounds [0x000001fd71380000, 0x000001fd71a40000, 0x000001fd788b0000]
CodeHeap 'non-nmethods': size=5760Kb used=1474Kb max_used=1509Kb free=4285Kb
 bounds [0x000001fd70de0000, 0x000001fd71050000, 0x000001fd71380000]
 total_blobs=4358 nmethods=3538 adapters=731
 compilation: enabled
              stopped_count=0, restarted_count=0
 full_count=0

Compilation events (20 events):
Event: 71.627 Thread 0x000001fd0c93b610 3531       3       com.sun.javafx.collections.VetoableListDecorator$VetoableIteratorDecorator::hasNext (14 bytes)
Event: 71.627 Thread 0x000001fd0c93b610 nmethod 3531 0x000001fd71a39090 code [0x000001fd71a39260, 0x000001fd71a39678]
Event: 74.350 Thread 0x000001fd0c93b610 3532  s!   3       jdk.internal.loader.URLClassPath::getLoader (194 bytes)
Event: 74.351 Thread 0x000001fd0c93b610 nmethod 3532 0x000001fd71a39890 code [0x000001fd71a39b80, 0x000001fd71a3ae18]
Event: 84.351 Thread 0x000001fd0c93b610 3533   !   3       jdk.internal.loader.URLClassPath$JarLoader::ensureOpen (36 bytes)
Event: 84.351 Thread 0x000001fd0c93b610 nmethod 3533 0x000001fd71a3b590 code [0x000001fd71a3b760, 0x000001fd71a3bc58]
Event: 85.306 Thread 0x000001fd0c936810 3534       4       com.sun.javafx.tk.quantum.QuantumToolkit::postPulse (133 bytes)
Event: 85.321 Thread 0x000001fd0c936810 nmethod 3534 0x000001fd78a0f590 code [0x000001fd78a0f7a0, 0x000001fd78a10c68]
Event: 86.546 Thread 0x000001fd0c936810 3535       4       com.sun.javafx.tk.quantum.QuantumToolkit$$Lambda$102/0x0000000800c3a130::run (8 bytes)
Event: 86.547 Thread 0x000001fd0c936810 nmethod 3535 0x000001fd78a11610 code [0x000001fd78a117a0, 0x000001fd78a11898]
Event: 94.372 Thread 0x000001fd0c93b610 3536   !   3       jdk.internal.loader.URLClassPath$JarLoader::getResource (65 bytes)
Event: 94.373 Thread 0x000001fd0c93b610 nmethod 3536 0x000001fd71a3be10 code [0x000001fd71a3c060, 0x000001fd71a3cae8]
Event: 1153.452 Thread 0x000001fd0c93b610 3537       3       com.sun.javafx.event.EventHandlerManager::dispatchBubblingEvent (41 bytes)
Event: 1153.452 Thread 0x000001fd0c93b610 nmethod 3537 0x000001fd71a3ce10 code [0x000001fd71a3d000, 0x000001fd71a3d798]
Event: 1153.457 Thread 0x000001fd0c93b610 3539       3       com.sun.javafx.scene.layout.RegionHelper::pickNodeLocalImpl (12 bytes)
Event: 1153.457 Thread 0x000001fd0c93b610 nmethod 3539 0x000001fd71a3da10 code [0x000001fd71a3dbc0, 0x000001fd71a3dea8]
Event: 1153.457 Thread 0x000001fd0c93b610 3538       3       javafx.scene.Node::getViewOrder (19 bytes)
Event: 1153.457 Thread 0x000001fd0c93b610 nmethod 3538 0x000001fd71a3e010 code [0x000001fd71a3e220, 0x000001fd71a3e6c8]
Event: 1153.485 Thread 0x000001fd0c93b610 3540       3       com.sun.javafx.collections.VetoableListDecorator$VetoableIteratorDecorator::next (31 bytes)
Event: 1153.485 Thread 0x000001fd0c93b610 nmethod 3540 0x000001fd71a3e810 code [0x000001fd71a3e9e0, 0x000001fd71a3ee18]

GC Heap History (4 events):
Event: 0.535 GC heap before
{Heap before GC invocations=0 (full 0):
 garbage-first heap   total 260096K, used 20480K [0x0000000703400000, 0x0000000800000000)
  region size 2048K, 11 young (22528K), 0 survivors (0K)
 Metaspace       used 4380K, committed 4608K, reserved 1114112K
  class space    used 472K, committed 576K, reserved 1048576K
}
Event: 0.537 GC heap after
{Heap after GC invocations=1 (full 0):
 garbage-first heap   total 260096K, used 2645K [0x0000000703400000, 0x0000000800000000)
  region size 2048K, 2 young (4096K), 2 survivors (4096K)
 Metaspace       used 4380K, committed 4608K, reserved 1114112K
  class space    used 472K, committed 576K, reserved 1048576K
}
Event: 1.451 GC heap before
{Heap before GC invocations=1 (full 0):
 garbage-first heap   total 260096K, used 39509K [0x0000000703400000, 0x0000000800000000)
  region size 2048K, 21 young (43008K), 2 survivors (4096K)
 Metaspace       used 14241K, committed 14592K, reserved 1114112K
  class space    used 2069K, committed 2240K, reserved 1048576K
}
Event: 1.458 GC heap after
{Heap after GC invocations=2 (full 0):
 garbage-first heap   total 260096K, used 7910K [0x0000000703400000, 0x0000000800000000)
  region size 2048K, 3 young (6144K), 3 survivors (6144K)
 Metaspace       used 14241K, committed 14592K, reserved 1114112K
  class space    used 2069K, committed 2240K, reserved 1048576K
}

Deoptimization events (20 events):
Event: 20.115 Thread 0x000001fd1157d6d0 Uncommon trap: trap_request=0xffffff45 fr.pc=0x000001fd7890245c relative=0x00000000000005bc
Event: 20.115 Thread 0x000001fd1157d6d0 Uncommon trap: reason=unstable_if action=reinterpret pc=0x000001fd7890245c method=java.lang.AbstractStringBuilder.append(Ljava/lang/String;)Ljava/lang/AbstractStringBuilder; @ 1 c2
Event: 20.115 Thread 0x000001fd1157d6d0 DEOPT PACKING pc=0x000001fd7890245c sp=0x0000001f428fa1c0
Event: 20.115 Thread 0x000001fd1157d6d0 DEOPT UNPACKING pc=0x000001fd70e35c23 sp=0x0000001f428fa140 mode 2
Event: 20.115 Thread 0x000001fd1157d6d0 Uncommon trap: trap_request=0xffffff45 fr.pc=0x000001fd7890a0d8 relative=0x00000000000005b8
Event: 20.115 Thread 0x000001fd1157d6d0 Uncommon trap: reason=unstable_if action=reinterpret pc=0x000001fd7890a0d8 method=java.lang.AbstractStringBuilder.append(Ljava/lang/String;)Ljava/lang/AbstractStringBuilder; @ 1 c2
Event: 20.115 Thread 0x000001fd1157d6d0 DEOPT PACKING pc=0x000001fd7890a0d8 sp=0x0000001f428fa160
Event: 20.115 Thread 0x000001fd1157d6d0 DEOPT UNPACKING pc=0x000001fd70e35c23 sp=0x0000001f428fa148 mode 2
Event: 69.123 Thread 0x000001fd11425d60 Uncommon trap: trap_request=0xffffff45 fr.pc=0x000001fd789b159c relative=0x00000000000022dc
Event: 69.123 Thread 0x000001fd11425d60 Uncommon trap: reason=unstable_if action=reinterpret pc=0x000001fd789b159c method=com.sun.marlin.Renderer._endRendering(IILcom/sun/marlin/MarlinAlphaConsumer;)V @ 325 c2
Event: 69.123 Thread 0x000001fd11425d60 DEOPT PACKING pc=0x000001fd789b159c sp=0x0000001f426fdea0
Event: 69.123 Thread 0x000001fd11425d60 DEOPT UNPACKING pc=0x000001fd70e35c23 sp=0x0000001f426fdd08 mode 2
Event: 70.523 Thread 0x000001fd1157d6d0 Uncommon trap: trap_request=0xffffff45 fr.pc=0x000001fd789ecf64 relative=0x00000000000007e4
Event: 70.523 Thread 0x000001fd1157d6d0 Uncommon trap: reason=unstable_if action=reinterpret pc=0x000001fd789ecf64 method=javafx.scene.Parent.getOrderedChildren()Ljava/util/List; @ 7 c2
Event: 70.523 Thread 0x000001fd1157d6d0 DEOPT PACKING pc=0x000001fd789ecf64 sp=0x0000001f428f7050
Event: 70.523 Thread 0x000001fd1157d6d0 DEOPT UNPACKING pc=0x000001fd70e35c23 sp=0x0000001f428f6da0 mode 2
Event: 71.633 Thread 0x000001fd1157d6d0 Uncommon trap: trap_request=0xffffff45 fr.pc=0x000001fd78a03d30 relative=0x00000000000001d0
Event: 71.633 Thread 0x000001fd1157d6d0 Uncommon trap: reason=unstable_if action=reinterpret pc=0x000001fd78a03d30 method=com.sun.javafx.event.EventHandlerManager.dispatchBubblingEvent(Ljavafx/event/EventType;Ljavafx/event/Event;)Ljavafx/event/Event; @ 22 c2
Event: 71.633 Thread 0x000001fd1157d6d0 DEOPT PACKING pc=0x000001fd78a03d30 sp=0x0000001f428f6d80
Event: 71.633 Thread 0x000001fd1157d6d0 DEOPT UNPACKING pc=0x000001fd70e35c23 sp=0x0000001f428f6d20 mode 2

Classes loaded (20 events):
Event: 19.637 Loading class javax/security/auth/callback/UnsupportedCallbackException
Event: 19.637 Loading class javax/security/auth/callback/UnsupportedCallbackException done
Event: 19.637 Loading class javax/security/auth/login/LoginException
Event: 19.638 Loading class javax/security/auth/login/LoginException done
Event: 19.638 Loading class javax/security/auth/login/Configuration
Event: 19.638 Loading class javax/security/auth/login/Configuration done
Event: 19.639 Loading class javax/security/auth/callback/CallbackHandler
Event: 19.639 Loading class javax/security/auth/callback/CallbackHandler done
Event: 19.639 Loading class javax/security/auth/callback/Callback
Event: 19.639 Loading class javax/security/auth/callback/Callback done
Event: 19.639 Loading class sun/invoke/util/VerifyAccess$1
Event: 19.639 Loading class sun/invoke/util/VerifyAccess$1 done
Event: 19.641 Loading class sun/security/provider/SHA
Event: 19.641 Loading class sun/security/provider/SHA done
Event: 19.641 Loading class sun/security/provider/ByteArrayAccess$BE
Event: 19.641 Loading class sun/security/provider/ByteArrayAccess$BE done
Event: 20.362 Loading class java/util/TimerTask
Event: 20.364 Loading class java/util/TimerTask done
Event: 1156.709 Loading class jdk/internal/misc/Signal$1
Event: 1156.709 Loading class jdk/internal/misc/Signal$1 done

Classes unloaded (0 events):
No events

Classes redefined (0 events):
No events

Internal exceptions (20 events):
Event: 1.163 Thread 0x000001fd1157d6d0 Implicit null exception at 0x000001fd789277de to 0x000001fd789282a3
Event: 1.170 Thread 0x000001fd1157d6d0 Implicit null exception at 0x000001fd7891b32f to 0x000001fd7891b604
Event: 1.266 Thread 0x000001fd1157d6d0 Exception <a 'java/lang/ClassNotFoundException'{0x00000007113fb350}: com/sun/javafx/scene/control/skin/resources/controls> (0x00000007113fb350) 
thrown [s\open\src\hotspot\share\prims\jni.cpp, line 535]
Event: 1.267 Thread 0x000001fd1157d6d0 Exception <a 'java/lang/ClassNotFoundException'{0x0000000711009610}: com/sun/javafx/scene/control/skin/resources/controls_ru> (0x0000000711009610) 
thrown [s\open\src\hotspot\share\prims\jni.cpp, line 535]
Event: 1.267 Thread 0x000001fd1157d6d0 Exception <a 'java/lang/ClassNotFoundException'{0x000000071100a5a8}: com/sun/javafx/scene/control/skin/resources/controls_ru_RU> (0x000000071100a5a8) 
thrown [s\open\src\hotspot\share\prims\jni.cpp, line 535]
Event: 1.304 Thread 0x000001fd1157d6d0 Exception <a 'java/lang/NoSuchMethodError'{0x0000000710e12c10}: 'void java.lang.invoke.DirectMethodHandle$Holder.invokeSpecial(java.lang.Object, java.lang.Object, java.lang.Object, java.lang.Object, java.lang.Object, java.lang.Object)'> (0x0000000710e12c10) 
thrown [s\open\src\hotspot\share\interpreter\linkResolver.cpp, line 766]
Event: 1.330 Thread 0x000001fd1157d6d0 Exception <a 'java/lang/NoSuchMethodError'{0x0000000710d10cf0}: 'java.lang.Object java.lang.invoke.DirectMethodHandle$Holder.invokeInterface(java.lang.Object, java.lang.Object, java.lang.Object)'> (0x0000000710d10cf0) 
thrown [s\open\src\hotspot\share\interpreter\linkResolver.cpp, line 766]
Event: 1.331 Thread 0x000001fd1157d6d0 Exception <a 'java/lang/IncompatibleClassChangeError'{0x0000000710d14670}: Found class java.lang.Object, but interface was expected> (0x0000000710d14670) 
thrown [s\open\src\hotspot\share\interpreter\linkResolver.cpp, line 833]
Event: 1.392 Thread 0x000001fd1157d6d0 Exception <a 'java/lang/NoSuchMethodError'{0x0000000710b9c6c8}: 'int java.lang.invoke.DirectMethodHandle$Holder.invokeSpecial(java.lang.Object, java.lang.Object, int)'> (0x0000000710b9c6c8) 
thrown [s\open\src\hotspot\share\interpreter\linkResolver.cpp, line 766]
Event: 1.399 Thread 0x000001fd1157d6d0 Exception <a 'java/lang/NoSuchMethodError'{0x0000000710bd8ad0}: 'java.lang.Object java.lang.invoke.DirectMethodHandle$Holder.newInvokeSpecial(java.lang.Object, java.lang.Object, int)'> (0x0000000710bd8ad0) 
thrown [s\open\src\hotspot\share\interpreter\linkResolver.cpp, line 766]
Event: 1.420 Thread 0x000001fd11425d60 Exception <a 'java/lang/NoSuchMethodError'{0x000000071084a4e0}: 'int java.lang.invoke.DirectMethodHandle$Holder.invokeStaticInit(java.lang.Object, java.lang.Object)'> (0x000000071084a4e0) 
thrown [s\open\src\hotspot\share\interpreter\linkResolver.cpp, line 766]
Event: 1.432 Thread 0x000001fd1157d6d0 Exception <a 'java/lang/NoSuchMethodError'{0x00000007108fec20}: 'long java.lang.invoke.DirectMethodHandle$Holder.invokeStatic(java.lang.Object, java.lang.Object, java.lang.Object)'> (0x00000007108fec20) 
thrown [s\open\src\hotspot\share\interpreter\linkResolver.cpp, line 766]
Event: 1.432 Thread 0x000001fd1157d6d0 Exception <a 'java/lang/NoSuchMethodError'{0x00000007109023c0}: 'long java.lang.invoke.DirectMethodHandle$Holder.invokeStaticInit(java.lang.Object, java.lang.Object, java.lang.Object)'> (0x00000007109023c0) 
thrown [s\open\src\hotspot\share\interpreter\linkResolver.cpp, line 766]
Event: 1.434 Thread 0x000001fd1157d6d0 Exception <a 'java/lang/NoSuchMethodError'{0x000000071091aa08}: 'java.lang.Object java.lang.invoke.DirectMethodHandle$Holder.newInvokeSpecial(java.lang.Object, java.lang.Object, long)'> (0x000000071091aa08) 
thrown [s\open\src\hotspot\share\interpreter\linkResolver.cpp, line 766]
Event: 1.434 Thread 0x000001fd1157d6d0 Exception <a 'java/lang/NoSuchMethodError'{0x000000071091e580}: 'java.lang.Object java.lang.invoke.Invokers$Holder.linkToTargetMethod(java.lang.Object, long, java.lang.Object)'> (0x000000071091e580) 
thrown [s\open\src\hotspot\share\interpreter\linkResolver.cpp, line 766]
Event: 19.308 Thread 0x000001fd1157d6d0 Exception <a 'sun/nio/fs/WindowsException'{0x0000000712b77b50}> (0x0000000712b77b50) 
thrown [s\open\src\hotspot\share\prims\jni.cpp, line 516]
Event: 19.325 Thread 0x000001fd1157d6d0 Exception <a 'java/lang/NoSuchMethodError'{0x00000007128f6390}: 'java.lang.Object java.lang.invoke.DirectMethodHandle$Holder.invokeVirtual(java.lang.Object, java.lang.Object, java.lang.Object)'> (0x00000007128f6390) 
thrown [s\open\src\hotspot\share\interpreter\linkResolver.cpp, line 766]
Event: 19.376 Thread 0x000001fd1157d6d0 Exception <a 'sun/nio/fs/WindowsException'{0x000000071244aae8}> (0x000000071244aae8) 
thrown [s\open\src\hotspot\share\prims\jni.cpp, line 516]
Event: 20.115 Thread 0x000001fd1157d6d0 Implicit null exception at 0x000001fd78901ed2 to 0x000001fd78902444
Event: 20.115 Thread 0x000001fd1157d6d0 Implicit null exception at 0x000001fd78909b52 to 0x000001fd7890a0c0

VM Operations (20 events):
Event: 20.641 Executing VM operation: Cleanup done
Event: 26.643 Executing VM operation: Cleanup
Event: 26.643 Executing VM operation: Cleanup done
Event: 28.644 Executing VM operation: Cleanup
Event: 28.645 Executing VM operation: Cleanup done
Event: 29.645 Executing VM operation: Cleanup
Event: 29.645 Executing VM operation: Cleanup done
Event: 66.912 Executing VM operation: Cleanup
Event: 66.913 Executing VM operation: Cleanup done
Event: 67.913 Executing VM operation: Cleanup
Event: 67.914 Executing VM operation: Cleanup done
Event: 68.919 Executing VM operation: Cleanup
Event: 68.919 Executing VM operation: Cleanup done
Event: 69.935 Executing VM operation: Cleanup
Event: 69.935 Executing VM operation: Cleanup done
Event: 70.938 Executing VM operation: Cleanup
Event: 70.938 Executing VM operation: Cleanup done
Event: 71.951 Executing VM operation: Cleanup
Event: 71.951 Executing VM operation: Cleanup done
Event: 1156.711 Executing VM operation: Exit

Events (20 events):
Event: 1.437 Thread 0x000001fd16860d30 Thread added: 0x000001fd16860d30
Event: 1.672 Thread 0x000001fd10d66580 Thread exited: 0x000001fd10d66580
Event: 1.672 Thread 0x000001fd10d44200 Thread exited: 0x000001fd10d44200
Event: 5.099 Thread 0x000001fd10d66580 Thread added: 0x000001fd10d66580
Event: 5.257 Thread 0x000001fd10d66580 Thread exited: 0x000001fd10d66580
Event: 19.305 Thread 0x000001fd168616d0 Thread added: 0x000001fd168616d0
Event: 19.346 Thread 0x000001fd16511580 Thread added: 0x000001fd16511580
Event: 19.495 Thread 0x000001fd16511580 Thread exited: 0x000001fd16511580
Event: 19.616 Thread 0x000001fd115ccea0 Thread added: 0x000001fd115ccea0
Event: 20.084 Thread 0x000001fd115ccea0 Thread exited: 0x000001fd115ccea0
Event: 70.508 Thread 0x000001fd16b21280 Thread added: 0x000001fd16b21280
Event: 70.508 Thread 0x000001fd16729120 Thread added: 0x000001fd16729120
Event: 71.597 Thread 0x000001fd16729120 Thread exited: 0x000001fd16729120
Event: 71.597 Thread 0x000001fd16b21280 Thread exited: 0x000001fd16b21280
Event: 1156.709 Thread 0x000001fd16862540 Thread added: 0x000001fd16862540
Event: 1156.710 Thread 0x000001fd16862a10 Thread added: 0x000001fd16862a10
Event: 1156.710 Thread 0x000001fd168633b0 Thread added: 0x000001fd168633b0
Event: 1156.710 Thread 0x000001fd16862a10 Thread exited: 0x000001fd16862a10
Event: 1156.711 Thread 0x000001fd0c92ee30 Thread exited: 0x000001fd0c92ee30
Event: 1156.711 Thread 0x000001fd168633b0 Thread exited: 0x000001fd168633b0


Dynamic libraries:
0x00007ff7891d0000 - 0x00007ff7891e0000 	C:\Program Files\Java\jdk-18.0.1.1\bin\java.exe
0x00007ffa56c40000 - 0x00007ffa56e49000 	C:\WINDOWS\SYSTEM32\ntdll.dll
0x00007ffa55b80000 - 0x00007ffa55c3d000 	C:\WINDOWS\System32\KERNEL32.DLL
0x00007ffa544d0000 - 0x00007ffa54849000 	C:\WINDOWS\System32\KERNELBASE.dll
0x00007ffa4f690000 - 0x00007ffa4f6aa000 	C:\Program Files\Java\jdk-18.0.1.1\bin\VCRUNTIME140.dll
0x00007ffa54850000 - 0x00007ffa54961000 	C:\WINDOWS\System32\ucrtbase.dll
0x00007ffa4f670000 - 0x00007ffa4f688000 	C:\Program Files\Java\jdk-18.0.1.1\bin\jli.dll
0x00007ffa55ad0000 - 0x00007ffa55b7e000 	C:\WINDOWS\System32\ADVAPI32.dll
0x00007ffa55f50000 - 0x00007ffa55ff3000 	C:\WINDOWS\System32\msvcrt.dll
0x00007ffa56b60000 - 0x00007ffa56bfe000 	C:\WINDOWS\System32\sechost.dll
0x00007ffa56000000 - 0x00007ffa56120000 	C:\WINDOWS\System32\RPCRT4.dll
0x00007ffa55920000 - 0x00007ffa55acc000 	C:\WINDOWS\System32\USER32.dll
0x00007ffa401e0000 - 0x00007ffa40485000 	C:\WINDOWS\WinSxS\amd64_microsoft.windows.common-controls_6595b64144ccf1df_6.0.22000.120_none_9d947278b86cc467\COMCTL32.dll
0x00007ffa54250000 - 0x00007ffa54276000 	C:\WINDOWS\System32\win32u.dll
0x00007ffa558f0000 - 0x00007ffa55919000 	C:\WINDOWS\System32\GDI32.dll
0x00007ffa54130000 - 0x00007ffa54242000 	C:\WINDOWS\System32\gdi32full.dll
0x00007ffa4cef0000 - 0x00007ffa4cefa000 	C:\WINDOWS\SYSTEM32\VERSION.dll
0x00007ffa54430000 - 0x00007ffa544cd000 	C:\WINDOWS\System32\msvcp_win.dll
0x00007ffa564c0000 - 0x00007ffa564f1000 	C:\WINDOWS\System32\IMM32.DLL
0x00007ffa4f6d0000 - 0x00007ffa4f6dc000 	C:\Program Files\Java\jdk-18.0.1.1\bin\vcruntime140_1.dll
0x00007ffa4f5e0000 - 0x00007ffa4f66d000 	C:\Program Files\Java\jdk-18.0.1.1\bin\msvcp140.dll
0x00007ffa16f70000 - 0x00007ffa17b80000 	C:\Program Files\Java\jdk-18.0.1.1\bin\server\jvm.dll
0x00007ffa406c0000 - 0x00007ffa406f3000 	C:\WINDOWS\SYSTEM32\WINMM.dll
0x00007ffa56210000 - 0x00007ffa56218000 	C:\WINDOWS\System32\PSAPI.DLL
0x00007ffa33d70000 - 0x00007ffa33d79000 	C:\WINDOWS\SYSTEM32\WSOCK32.dll
0x00007ffa56500000 - 0x00007ffa5656f000 	C:\WINDOWS\System32\WS2_32.dll
0x00007ffa532f0000 - 0x00007ffa53308000 	C:\WINDOWS\SYSTEM32\kernel.appcore.dll
0x00007ffa4f5d0000 - 0x00007ffa4f5da000 	C:\Program Files\Java\jdk-18.0.1.1\bin\jimage.dll
0x00007ffa516c0000 - 0x00007ffa518e1000 	C:\WINDOWS\SYSTEM32\DBGHELP.DLL
0x00007ffa38e40000 - 0x00007ffa38e71000 	C:\WINDOWS\SYSTEM32\dbgcore.DLL
0x00007ffa543b0000 - 0x00007ffa5442f000 	C:\WINDOWS\System32\bcryptPrimitives.dll
0x00007ffa4f5c0000 - 0x00007ffa4f5ce000 	C:\Program Files\Java\jdk-18.0.1.1\bin\instrument.dll
0x00007ffa4ea40000 - 0x00007ffa4ea65000 	C:\Program Files\Java\jdk-18.0.1.1\bin\java.dll
0x00007ffa259f0000 - 0x00007ffa25ac6000 	C:\Program Files\Java\jdk-18.0.1.1\bin\jsvml.dll
0x00007ffa54ae0000 - 0x00007ffa5528f000 	C:\WINDOWS\System32\SHELL32.dll
0x00007ffa52270000 - 0x00007ffa52ad8000 	C:\WINDOWS\SYSTEM32\windows.storage.dll
0x00007ffa56580000 - 0x00007ffa568f8000 	C:\WINDOWS\System32\combase.dll
0x00007ffa52100000 - 0x00007ffa52266000 	C:\WINDOWS\SYSTEM32\wintypes.dll
0x00007ffa56a10000 - 0x00007ffa56afa000 	C:\WINDOWS\System32\SHCORE.dll
0x00007ffa56b00000 - 0x00007ffa56b5d000 	C:\WINDOWS\System32\shlwapi.dll
0x00007ffa54060000 - 0x00007ffa54081000 	C:\WINDOWS\SYSTEM32\profapi.dll
0x00007ffa428b0000 - 0x00007ffa428c3000 	C:\Program Files\Java\jdk-18.0.1.1\bin\net.dll
0x00007ffa4ec60000 - 0x00007ffa4ed6c000 	C:\WINDOWS\SYSTEM32\WINHTTP.dll
0x00007ffa53750000 - 0x00007ffa537b7000 	C:\WINDOWS\system32\mswsock.dll
0x00007ffa407a0000 - 0x00007ffa407b6000 	C:\Program Files\Java\jdk-18.0.1.1\bin\nio.dll
0x00007ffa40780000 - 0x00007ffa40798000 	C:\Program Files\Java\jdk-18.0.1.1\bin\zip.dll
0x00007ffa40760000 - 0x00007ffa4077a000 	C:\Users\User\AppData\Local\JetBrains\IntelliJ IDEA Community Edition 2021.2.2\bin\breakgen64.dll
0x000001fd0caf0000 - 0x000001fd0caf3000 	C:\Users\User\.openjfx\cache\17-ea\api-ms-win-core-console-l1-1-0.dll
0x000001fd0cb00000 - 0x000001fd0cb03000 	C:\Users\User\.openjfx\cache\17-ea\api-ms-win-core-console-l1-2-0.dll
0x000001fd0cb10000 - 0x000001fd0cb13000 	C:\Users\User\.openjfx\cache\17-ea\api-ms-win-core-datetime-l1-1-0.dll
0x000001fd0cb20000 - 0x000001fd0cb23000 	C:\Users\User\.openjfx\cache\17-ea\api-ms-win-core-debug-l1-1-0.dll
0x000001fd0cb30000 - 0x000001fd0cb33000 	C:\Users\User\.openjfx\cache\17-ea\api-ms-win-core-errorhandling-l1-1-0.dll
0x000001fd0cb40000 - 0x000001fd0cb44000 	C:\Users\User\.openjfx\cache\17-ea\api-ms-win-core-file-l1-1-0.dll
0x000001fd0cb50000 - 0x000001fd0cb53000 	C:\Users\User\.openjfx\cache\17-ea\api-ms-win-core-file-l1-2-0.dll
0x000001fd0cb60000 - 0x000001fd0cb63000 	C:\Users\User\.openjfx\cache\17-ea\api-ms-win-core-file-l2-1-0.dll
0x000001fd0cb70000 - 0x000001fd0cb73000 	C:\Users\User\.openjfx\cache\17-ea\api-ms-win-core-handle-l1-1-0.dll
0x000001fd0cb80000 - 0x000001fd0cb83000 	C:\Users\User\.openjfx\cache\17-ea\api-ms-win-core-heap-l1-1-0.dll
0x000001fd0cb90000 - 0x000001fd0cb93000 	C:\Users\User\.openjfx\cache\17-ea\api-ms-win-core-interlocked-l1-1-0.dll
0x000001fd0cba0000 - 0x000001fd0cba3000 	C:\Users\User\.openjfx\cache\17-ea\api-ms-win-core-libraryloader-l1-1-0.dll
0x000001fd0cbb0000 - 0x000001fd0cbb3000 	C:\Users\User\.openjfx\cache\17-ea\api-ms-win-core-localization-l1-2-0.dll
0x000001fd0cbc0000 - 0x000001fd0cbc3000 	C:\Users\User\.openjfx\cache\17-ea\api-ms-win-core-memory-l1-1-0.dll
0x000001fd0cbd0000 - 0x000001fd0cbd3000 	C:\Users\User\.openjfx\cache\17-ea\api-ms-win-core-namedpipe-l1-1-0.dll
0x000001fd0cbe0000 - 0x000001fd0cbe3000 	C:\Users\User\.openjfx\cache\17-ea\api-ms-win-core-processenvironment-l1-1-0.dll
0x000001fd0cbf0000 - 0x000001fd0cbf3000 	C:\Users\User\.openjfx\cache\17-ea\api-ms-win-core-processthreads-l1-1-0.dll
0x000001fd11800000 - 0x000001fd11803000 	C:\Users\User\.openjfx\cache\17-ea\api-ms-win-core-processthreads-l1-1-1.dll
0x000001fd11810000 - 0x000001fd11813000 	C:\Users\User\.openjfx\cache\17-ea\api-ms-win-core-profile-l1-1-0.dll
0x000001fd11820000 - 0x000001fd11823000 	C:\Users\User\.openjfx\cache\17-ea\api-ms-win-core-rtlsupport-l1-1-0.dll
0x000001fd11830000 - 0x000001fd11833000 	C:\Users\User\.openjfx\cache\17-ea\api-ms-win-core-string-l1-1-0.dll
0x000001fd11840000 - 0x000001fd11843000 	C:\Users\User\.openjfx\cache\17-ea\api-ms-win-core-synch-l1-1-0.dll
0x000001fd11850000 - 0x000001fd11853000 	C:\Users\User\.openjfx\cache\17-ea\api-ms-win-core-synch-l1-2-0.dll
0x000001fd11860000 - 0x000001fd11863000 	C:\Users\User\.openjfx\cache\17-ea\api-ms-win-core-sysinfo-l1-1-0.dll
0x000001fd11870000 - 0x000001fd11873000 	C:\Users\User\.openjfx\cache\17-ea\api-ms-win-core-timezone-l1-1-0.dll
0x000001fd11880000 - 0x000001fd11883000 	C:\Users\User\.openjfx\cache\17-ea\api-ms-win-core-util-l1-1-0.dll
0x000001fd11890000 - 0x000001fd11893000 	C:\Users\User\.openjfx\cache\17-ea\api-ms-win-crt-conio-l1-1-0.dll
0x000001fd118a0000 - 0x000001fd118a4000 	C:\Users\User\.openjfx\cache\17-ea\api-ms-win-crt-convert-l1-1-0.dll
0x000001fd118b0000 - 0x000001fd118b3000 	C:\Users\User\.openjfx\cache\17-ea\api-ms-win-crt-environment-l1-1-0.dll
0x000001fd118c0000 - 0x000001fd118c3000 	C:\Users\User\.openjfx\cache\17-ea\api-ms-win-crt-filesystem-l1-1-0.dll
0x000001fd118d0000 - 0x000001fd118d3000 	C:\Users\User\.openjfx\cache\17-ea\api-ms-win-crt-heap-l1-1-0.dll
0x000001fd118e0000 - 0x000001fd118e3000 	C:\Users\User\.openjfx\cache\17-ea\api-ms-win-crt-locale-l1-1-0.dll
0x000001fd118f0000 - 0x000001fd118f5000 	C:\Users\User\.openjfx\cache\17-ea\api-ms-win-crt-math-l1-1-0.dll
0x000001fd11900000 - 0x000001fd11905000 	C:\Users\User\.openjfx\cache\17-ea\api-ms-win-crt-multibyte-l1-1-0.dll
0x000001fd11910000 - 0x000001fd11920000 	C:\Users\User\.openjfx\cache\17-ea\api-ms-win-crt-private-l1-1-0.dll
0x000001fd11920000 - 0x000001fd11923000 	C:\Users\User\.openjfx\cache\17-ea\api-ms-win-crt-process-l1-1-0.dll
0x000001fd11930000 - 0x000001fd11934000 	C:\Users\User\.openjfx\cache\17-ea\api-ms-win-crt-runtime-l1-1-0.dll
0x000001fd11940000 - 0x000001fd11944000 	C:\Users\User\.openjfx\cache\17-ea\api-ms-win-crt-stdio-l1-1-0.dll
0x000001fd11950000 - 0x000001fd11954000 	C:\Users\User\.openjfx\cache\17-ea\api-ms-win-crt-string-l1-1-0.dll
0x000001fd11960000 - 0x000001fd11963000 	C:\Users\User\.openjfx\cache\17-ea\api-ms-win-crt-time-l1-1-0.dll
0x000001fd11970000 - 0x000001fd11973000 	C:\Users\User\.openjfx\cache\17-ea\api-ms-win-crt-utility-l1-1-0.dll
0x00007ffa1f870000 - 0x00007ffa1f96c000 	C:\Users\User\.openjfx\cache\17-ea\ucrtbase.dll
0x00007ffa3c640000 - 0x00007ffa3c65a000 	C:\Users\User\.openjfx\cache\17-ea\vcruntime140.dll
0x00007ffa428a0000 - 0x00007ffa428ac000 	C:\Users\User\.openjfx\cache\17-ea\vcruntime140_1.dll
0x00007ffa3b8d0000 - 0x00007ffa3b95d000 	C:\Users\User\.openjfx\cache\17-ea\msvcp140.dll
0x00007ffa3b700000 - 0x00007ffa3b727000 	C:\Users\User\.openjfx\cache\17-ea\prism_d3d.dll
0x00007ffa42e10000 - 0x00007ffa42fb6000 	C:\WINDOWS\system32\d3d9.dll
0x00007ffa51af0000 - 0x00007ffa51b1f000 	C:\WINDOWS\SYSTEM32\dwmapi.dll
0x00007ffa51a10000 - 0x00007ffa51a48000 	C:\WINDOWS\SYSTEM32\dxcore.dll
0x00007ffa513b0000 - 0x00007ffa5145c000 	C:\WINDOWS\system32\uxtheme.dll
0x00007ffa25ad0000 - 0x00007ffa25c33000 	C:\Windows\System32\DriverStore\FileRepository\iigd_dch.inf_amd64_a447fbb12ee262cf\igdumdim64.dll
0x00007ffa55db0000 - 0x00007ffa55f4a000 	C:\WINDOWS\System32\ole32.dll
0x00007ff9eed00000 - 0x00007ff9f3485000 	C:\Windows\System32\DriverStore\FileRepository\iigd_dch.inf_amd64_a447fbb12ee262cf\igd9dxva64.dll
0x00007ffa55790000 - 0x00007ffa55866000 	C:\WINDOWS\System32\OLEAUT32.dll
0x00007ffa55290000 - 0x00007ffa556fc000 	C:\WINDOWS\System32\SETUPAPI.dll
0x00007ffa53e30000 - 0x00007ffa53e7c000 	C:\WINDOWS\SYSTEM32\cfgmgr32.dll
0x00007ffa464b0000 - 0x00007ffa46731000 	C:\Windows\System32\DriverStore\FileRepository\iigd_dch.inf_amd64_a447fbb12ee262cf\igdgmm64.dll
0x00007ffa4bee0000 - 0x00007ffa4bf24000 	C:\WINDOWS\SYSTEM32\directxdatabasehelper.dll
0x00007ffa51a90000 - 0x00007ffa51ac4000 	C:\WINDOWS\SYSTEM32\ntmarta.dll
0x00007ffa2fa40000 - 0x00007ffa2fa82000 	C:\Users\User\.openjfx\cache\17-ea\glass.dll
0x00007ffa56120000 - 0x00007ffa5620c000 	C:\WINDOWS\System32\COMDLG32.dll
0x00007ffa55c40000 - 0x00007ffa55d5e000 	C:\WINDOWS\System32\MSCTF.dll
0x00007ff9f8650000 - 0x00007ff9f8677000 	C:\Windows\System32\DriverStore\FileRepository\iigd_dch.inf_amd64_a447fbb12ee262cf\igdinfo64.dll
0x00007ffa43660000 - 0x00007ffa464a4000 	C:\Windows\System32\DriverStore\FileRepository\iigd_dch.inf_amd64_a447fbb12ee262cf\igc64.dll
0x00007ffa3c100000 - 0x00007ffa3c114000 	C:\Users\User\.openjfx\cache\17-ea\javafx_font.dll
0x00007ffa3e050000 - 0x00007ffa3e2af000 	C:\WINDOWS\SYSTEM32\dwrite.dll
0x00007ffa56900000 - 0x00007ffa569af000 	C:\WINDOWS\System32\clbcatq.dll
0x00007ffa4a210000 - 0x00007ffa4a3be000 	C:\WINDOWS\SYSTEM32\WindowsCodecs.dll
0x00007ffa266a0000 - 0x00007ffa266fd000 	C:\WINDOWS\system32\dataexchange.dll
0x00007ffa490b0000 - 0x00007ffa49316000 	C:\WINDOWS\system32\twinapi.appcore.dll
0x00007ffa25c90000 - 0x00007ffa25cc2000 	C:\Program Files\Common Files\Microsoft Shared\Ink\rtscom.dll
0x00007ffa3cf80000 - 0x00007ffa3d0ad000 	C:\WINDOWS\SYSTEM32\textinputframework.dll
0x00007ffa50120000 - 0x00007ffa50252000 	C:\WINDOWS\SYSTEM32\CoreMessaging.dll
0x00007ffa4b3d0000 - 0x00007ffa4b73d000 	C:\WINDOWS\SYSTEM32\CoreUIComponents.dll
0x00007ffa539b0000 - 0x00007ffa539bc000 	C:\WINDOWS\SYSTEM32\CRYPTBASE.DLL
0x00007ffa52e30000 - 0x00007ffa52f18000 	C:\WINDOWS\SYSTEM32\DNSAPI.dll
0x00007ffa52e00000 - 0x00007ffa52e2d000 	C:\WINDOWS\SYSTEM32\IPHLPAPI.DLL
0x00007ffa56570000 - 0x00007ffa56579000 	C:\WINDOWS\System32\NSI.dll
0x0000000050020000 - 0x0000000050055000 	C:\Program Files\Bonjour\mdnsNSP.dll
0x00007ffa4da20000 - 0x00007ffa4da2a000 	C:\Windows\System32\rasadhlp.dll
0x00007ffa4da40000 - 0x00007ffa4dac1000 	C:\WINDOWS\System32\fwpuclnt.dll

dbghelp: loaded successfully - version: 4.0.5 - missing functions: none
symbol engine: initialized successfully - sym options: 0x614 - pdb path: .;C:\Program Files\Java\jdk-18.0.1.1\bin;C:\WINDOWS\SYSTEM32;C:\WINDOWS\WinSxS\amd64_microsoft.windows.common-controls_6595b64144ccf1df_6.0.22000.120_none_9d947278b86cc467;C:\Program Files\Java\jdk-18.0.1.1\bin\server;C:\Users\User\AppData\Local\JetBrains\IntelliJ IDEA Community Edition 2021.2.2\bin;C:\Users\User\.openjfx\cache\17-ea;C:\Windows\System32\DriverStore\FileRepository\iigd_dch.inf_amd64_a447fbb12ee262cf;C:\Program Files\Common Files\Microsoft Shared\Ink;C:\Program Files\Bonjour

VM Arguments:
jvm_args: -javaagent:C:\Users\User\AppData\Local\JetBrains\IntelliJ IDEA Community Edition 2021.2.2\lib\idea_rt.jar=60334:C:\Users\User\AppData\Local\JetBrains\IntelliJ IDEA Community Edition 2021.2.2\bin -Dfile.encoding=UTF-8 --module-path=C:\Users\User\.m2\repository\org\controlsfx\controlsfx\11.1.0\controlsfx-11.1.0.jar;C:\Users\User\.m2\repository\org\openjfx\javafx-controls\17-ea+11\javafx-controls-17-ea+11-win.jar;C:\Users\User\.m2\repository\net\synedra\validatorfx\0.1.13\validatorfx-0.1.13.jar;C:\Users\User\IdeaProjects\client-server app\target\classes;C:\Users\User\.m2\repository\org\openjfx\javafx-web\17-ea+11\javafx-web-17-ea+11-win.jar;C:\Users\User\Desktop\mysql-connector-java-8.0.29\mysql-connector-java-8.0.29.jar;C:\Users\User\.m2\repository\org\kordamp\bootstrapfx\bootstrapfx-core\0.4.0\bootstrapfx-core-0.4.0.jar;C:\Users\User\.m2\repository\org\openjfx\javafx-fxml\17-ea+11\javafx-fxml-17-ea+11-win.jar;C:\Users\User\.m2\repository\eu\hansolo\tilesfx\11.48\tilesfx-11.48.jar;C:\Users\User\.m2\repository\org\kordamp\ikonli\ikonli-javafx\12.2.0\ikonli-javafx-12.2.0.jar;C:\Users\User\.m2\repository\org\openjfx\javafx-media\17-ea+11\javafx-media-17-ea+11-win.jar;C:\Users\User\.m2\repository\com\dlsc\formsfx\formsfx-core\11.3.2\formsfx-core-11.3.2.jar;C:\Users\User\.m2\repository\org\kordamp\ikonli\ikonli-core\12.2.0\ikonli-core-12.2.0.jar;C:\Users\User\.m2\repository\org\openjfx\javafx-graphics\17-ea+11\javafx-graphics-17-ea+11-win.jar;C:\Users\User\.m2\repository\org\openjfx\javafx-base\17-ea+11\javafx-base-17-ea+11-win.jar -Djdk.module.main=com.example.clientserver 
java_command: com.example.clientserver/com.example.clientserver.Main
java_class_path (initial): C:\Users\User\.m2\repository\org\openjfx\javafx-controls\17-ea+11\javafx-controls-17-ea+11.jar;C:\Users\User\.m2\repository\org\openjfx\javafx-graphics\17-ea+11\javafx-graphics-17-ea+11.jar;C:\Users\User\.m2\repository\org\openjfx\javafx-base\17-ea+11\javafx-base-17-ea+11.jar;C:\Users\User\.m2\repository\org\openjfx\javafx-fxml\17-ea+11\javafx-fxml-17-ea+11.jar;C:\Users\User\.m2\repository\org\openjfx\javafx-web\17-ea+11\javafx-web-17-ea+11.jar;C:\Users\User\.m2\repository\org\openjfx\javafx-media\17-ea+11\javafx-media-17-ea+11.jar
Launcher Type: SUN_STANDARD

[Global flags]
     intx CICompilerCount                          = 4                                         {product} {ergonomic}
     uint ConcGCThreads                            = 2                                         {product} {ergonomic}
     uint G1ConcRefinementThreads                  = 8                                         {product} {ergonomic}
   size_t G1HeapRegionSize                         = 2097152                                   {product} {ergonomic}
    uintx GCDrainStackTargetSize                   = 64                                        {product} {ergonomic}
   size_t InitialHeapSize                          = 266338304                                 {product} {ergonomic}
   size_t MarkStackSize                            = 4194304                                   {product} {ergonomic}
   size_t MaxHeapSize                              = 4240441344                                {product} {ergonomic}
   size_t MaxNewSize                               = 2543845376                                {product} {ergonomic}
   size_t MinHeapDeltaBytes                        = 2097152                                   {product} {ergonomic}
   size_t MinHeapSize                              = 8388608                                   {product} {ergonomic}
    uintx NonNMethodCodeHeapSize                   = 5839372                                {pd product} {ergonomic}
    uintx NonProfiledCodeHeapSize                  = 122909434                              {pd product} {ergonomic}
    uintx ProfiledCodeHeapSize                     = 122909434                              {pd product} {ergonomic}
    uintx ReservedCodeCacheSize                    = 251658240                              {pd product} {ergonomic}
     bool SegmentedCodeCache                       = true                                      {product} {ergonomic}
   size_t SoftMaxHeapSize                          = 4240441344                             {manageable} {ergonomic}
     bool UseCompressedClassPointers               = true                           {product lp64_product} {ergonomic}
     bool UseCompressedOops                        = true                           {product lp64_product} {ergonomic}
     bool UseG1GC                                  = true                                      {product} {ergonomic}
     bool UseLargePagesIndividualAllocation        = false                                  {pd product} {ergonomic}

Logging:
Log output configuration:
 #0: stdout all=off uptime,level,tags foldmultilines=false
 #1: stderr all=off uptime,level,tags foldmultilines=false

Environment Variables:
PATH=C:\Program Files\Common Files\Oracle\Java\javapath;C:\Program Files (x86)\Common Files\Oracle\Java\javapath;C:\Program Files\Eclipse Foundation\jdk-8.0.302.8-hotspot\bin;C:\Program Files\Eclipse Foundation\jdk-16.0.2.7-hotspot\bin;C:\WINDOWS\system32;C:\WINDOWS;C:\WINDOWS\System32\Wbem;C:\WINDOWS\System32\WindowsPowerShell\v1.0\;C:\WINDOWS\System32\OpenSSH\;C:\Program Files\Microsoft SQL Server\120\Tools\Binn\;C:\Program Files\Common Files\Autodesk Shared\;C:\Program Files\Git\cmd;C:\Program Files\Docker\Docker\resources\bin;C:\ProgramData\DockerDesktop\version-bin;C:\Program Files (x86)\dotnet\;C:\Program Files\MySQL\MySQL Shell 8.0\bin\;C:\Users\User\AppData\Local\Programs\Python\Python39\Scripts\;C:\Users\User\AppData\Local\Programs\Python\Python39\;C:\Users\User\AppData\Local\Microsoft\WindowsApps;C:\Users\User\AppData\Local\Microsoft\WindowsApps;D:\Microsoft VS Code\bin;D:\PyCharm 2021.2.2\bin;;D:\IntelliJ IDEA 2021.2\bin;;C:\Users\User\AppData\Local\JetBrains\IntelliJ IDEA Community Edition 2021.2.2\bin;;D:\PyCharm Community Edition 2021.3.2\bin;;C:\Users\User\AppData\Local\GitHubDesktop\bin;
USERNAME=User
OS=Windows_NT
PROCESSOR_IDENTIFIER=Intel64 Family 6 Model 126 Stepping 5, GenuineIntel



---------------  S Y S T E M  ---------------

OS:
 Windows 11 , 64 bit Build 22000 (10.0.22000.675)
OS uptime: 0 days 0:38 hours
Hyper-V role detected

CPU: total 8 (initial active 8) (4 cores per cpu, 2 threads per core) family 6 model 126 stepping 5 microcode 0xa0, cx8, cmov, fxsr, ht, mmx, 3dnowpref, sse, sse2, sse3, ssse3, sse4.1, sse4.2, popcnt, lzcnt, tsc, tscinvbit, avx, avx2, aes, erms, clmul, bmi1, bmi2, adx, avx512f, avx512dq, avx512cd, avx512bw, avx512vl, sha, fma, vzeroupper, avx512_vpopcntdq, avx512_vpclmulqdq, avx512_vaes, avx512_vnni, clflush, clflushopt, avx512_vbmi2, avx512_vbmi, hv

Memory: 4k page, system-wide physical 16174M (8391M free)
TotalPageFile size 17198M (AvailPageFile size 7591M)
current process WorkingSet (physical memory assigned to process): 172M, peak: 184M
current process commit charge ("private bytes"): 416M, peak: 429M

vm_info: Java HotSpot(TM) 64-Bit Server VM (18.0.1.1+2-6) for windows-amd64 JRE (18.0.1.1+2-6), built on Apr 25 2022 21:53:15 by "mach5one" with MS VC++ 16.8 / 16.9 (VS2019)

END.
